ARM GAS  C:\Users\JAVIER~1\AppData\Local\Temp\ccefopLJ.s 			page 1


   1              		.cpu cortex-m0
   2              		.fpu softvfp
   3              		.eabi_attribute 20, 1
   4              		.eabi_attribute 21, 1
   5              		.eabi_attribute 23, 3
   6              		.eabi_attribute 24, 1
   7              		.eabi_attribute 25, 1
   8              		.eabi_attribute 26, 1
   9              		.eabi_attribute 30, 1
  10              		.eabi_attribute 34, 0
  11              		.eabi_attribute 18, 4
  12              		.code	16
  13              		.file	"main.c"
  14              		.text
  15              	.Ltext0:
  16              		.cfi_sections	.debug_frame
  17              		.section	.text.InitSystem,"ax",%progbits
  18              		.align	2
  19              		.code	16
  20              		.thumb_func
  21              		.type	InitSystem, %function
  22              	InitSystem:
  23              	.LFB38:
  24              		.file 1 ".\\main.c"
   1:.\main.c      **** /*******************************************************************************
   2:.\main.c      **** * Project Name		: CY8CKIT_046_USB_Mouse
   3:.\main.c      **** * Version			: 1.0
   4:.\main.c      **** * Device Used		: CY8C4248BZI-L489     
   5:.\main.c      **** * Software Used		: PSoC Creator 3.3 Service Pack 1
   6:.\main.c      **** * Compiler Used		: ARM GCC 4.9.3 
   7:.\main.c      **** * Related Hardware	: CY8CKIT-046 PSoC 4 L-Series Pioneer Kit 
   8:.\main.c      **** *******************************************************************************
   9:.\main.c      **** * Copyright (2015), Cypress Semiconductor Corporation.
  10:.\main.c      **** *******************************************************************************
  11:.\main.c      **** * This software, including source code, documentation and related materials
  12:.\main.c      **** * ("Software") is owned by Cypress Semiconductor Corporation (Cypress) and is
  13:.\main.c      **** * protected by and subject to worldwide patent protection (United States and 
  14:.\main.c      **** * foreign), United States copyright laws and international treaty provisions. 
  15:.\main.c      **** * Cypress hereby grants to licensee a personal, non-exclusive, non-transferable
  16:.\main.c      **** * license to copy, use, modify, create derivative works of, and compile the 
  17:.\main.c      **** * Cypress source code and derivative works for the sole purpose of creating 
  18:.\main.c      **** * custom software in support of licensee product, such licensee product to be
  19:.\main.c      **** * used only in conjunction with Cypress's integrated circuit as specified in the
  20:.\main.c      **** * applicable agreement. Any reproduction, modification, translation, compilation,
  21:.\main.c      **** * or representation of this Software except as specified above is prohibited 
  22:.\main.c      **** * without the express written permission of Cypress.
  23:.\main.c      **** * 
  24:.\main.c      **** * Disclaimer: THIS SOFTWARE IS PROVIDED AS-IS, WITH NO WARRANTY OF ANY KIND, 
  25:.\main.c      **** * EXPRESS OR IMPLIED, INCLUDING, BUT NOT LIMITED TO, NONINFRINGEMENT, IMPLIED 
  26:.\main.c      **** * WARRANTIES OF MERCHANTABILITY AND FITNESS FOR A PARTICULAR PURPOSE.
  27:.\main.c      **** * Cypress reserves the right to make changes to the Software without notice. 
  28:.\main.c      **** * Cypress does not assume any liability arising out of the application or use
  29:.\main.c      **** * of Software or any product or circuit described in the Software. Cypress does
  30:.\main.c      **** * not authorize its products for use as critical components in any products 
  31:.\main.c      **** * where a malfunction or failure may reasonably be expected to result in 
  32:.\main.c      **** * significant injury or death ("ACTIVE Risk Product"). By including Cypress's 
  33:.\main.c      **** * product in a ACTIVE Risk Product, the manufacturer of such system or application
ARM GAS  C:\Users\JAVIER~1\AppData\Local\Temp\ccefopLJ.s 			page 2


  34:.\main.c      **** * assumes all risk of such use and in doing so indemnifies Cypress against all
  35:.\main.c      **** * liability. Use of this Software may be limited by and subject to the applicable
  36:.\main.c      **** * Cypress software license agreement.
  37:.\main.c      **** *******************************************************************************/
  38:.\main.c      **** 
  39:.\main.c      **** /*******************************************************************************
  40:.\main.c      **** * Theory of Operation: This example demonstrates a simple USB human interface 
  41:.\main.c      **** * device (HID) implementation (mouse/keyboard) using the CapSense Gesture Pad 
  42:.\main.c      **** * present in the CY8CKIT-046 PSoC 4 L-Series Pioneer Kit. In addition to 
  43:.\main.c      **** * emulating mouse/keyboard over USB, the project also controls the RGB LED 
  44:.\main.c      **** * intensity.
  45:.\main.c      **** *******************************************************************************/
  46:.\main.c      **** 
  47:.\main.c      **** #include "project.h"
  48:.\main.c      **** #include "main.h"
  49:.\main.c      **** #include "Gesture.h"
  50:.\main.c      **** #include "HidReport.h"
  51:.\main.c      **** #include "LedControl.h"
  52:.\main.c      **** #include "stdbool.h"
  53:.\main.c      **** 
  54:.\main.c      **** /*******************************************************************************
  55:.\main.c      **** * 	External Variable Declarations
  56:.\main.c      **** *******************************************************************************/
  57:.\main.c      **** 
  58:.\main.c      **** /* Keyboard and Mouse HID report arrays, declared in HidReport.c */
  59:.\main.c      **** extern uint8 keyboardReport[];
  60:.\main.c      **** extern int8 mouseReport[];
  61:.\main.c      **** 
  62:.\main.c      **** /*******************************************************************************
  63:.\main.c      **** * 	Local Function Declarations
  64:.\main.c      **** *******************************************************************************/
  65:.\main.c      **** 
  66:.\main.c      **** static void InitSystem(void);
  67:.\main.c      **** 
  68:.\main.c      **** 
  69:.\main.c      **** /*******************************************************************************
  70:.\main.c      **** * Function Name: main
  71:.\main.c      **** ********************************************************************************
  72:.\main.c      **** *
  73:.\main.c      **** * Summary:
  74:.\main.c      **** * Initializes the application, scans the sensors, detects gesture, converts the
  75:.\main.c      **** * gesture into HID report, and sends it over USB.
  76:.\main.c      **** *
  77:.\main.c      **** * Parameters:
  78:.\main.c      **** * None
  79:.\main.c      **** *
  80:.\main.c      **** * Return:
  81:.\main.c      **** * int
  82:.\main.c      **** *
  83:.\main.c      **** *******************************************************************************/
  84:.\main.c      **** int main()
  85:.\main.c      **** {
  86:.\main.c      **** 	tGestureId gestureId;
  87:.\main.c      **** 	uint32 isAnySensorActive, usbDeviceConfiguration = 0;
  88:.\main.c      **** 	uint32 usbDataSentFlag = USB_HID_DATA_SENT;
  89:.\main.c      **** 	bool usbDriverInstallationComplete = false;
  90:.\main.c      **** 	
ARM GAS  C:\Users\JAVIER~1\AppData\Local\Temp\ccefopLJ.s 			page 3


  91:.\main.c      ****     CyGlobalIntEnable; /* Enable global interrupts. */
  92:.\main.c      **** 	
  93:.\main.c      **** 	#if(TUNER_ENABLE)
  94:.\main.c      **** 		CapSense_TunerStart();	
  95:.\main.c      **** 		
  96:.\main.c      **** 		for(;;)
  97:.\main.c      **** 		{
  98:.\main.c      **** 			CapSense_TunerComm();
  99:.\main.c      **** 		}
 100:.\main.c      **** 	#endif /* #if(TUNER_ENABLE) */
 101:.\main.c      **** 	
 102:.\main.c      **** 	InitSystem();
 103:.\main.c      **** 	
 104:.\main.c      **** 	for(;;)
 105:.\main.c      **** 	{		
 106:.\main.c      **** 		/* Check if VBUS is detected on the USB, if not then reset the USB flags */
 107:.\main.c      **** 		if(USBFS_VBusPresent() == true)
 108:.\main.c      **** 		{
 109:.\main.c      **** 			/* Read the USB device configuration - Non-zero once enumeration completes */
 110:.\main.c      **** 			usbDeviceConfiguration = USBFS_GetConfiguration();
 111:.\main.c      **** 		}
 112:.\main.c      **** 		else
 113:.\main.c      **** 		{
 114:.\main.c      **** 			if(usbDeviceConfiguration == true)
 115:.\main.c      **** 			{
 116:.\main.c      **** 				PRINT("USB Disconnected \n\r");
 117:.\main.c      **** 				
 118:.\main.c      **** 				/* Turn the LED OFF, when USB is disconnected */
 119:.\main.c      **** 				SetLedColor(COLOR_OFF, BRIGHT_LEVEL_9);
 120:.\main.c      **** 			}
 121:.\main.c      **** 			
 122:.\main.c      **** 			/* Clear/reset the USB related flags */
 123:.\main.c      **** 			usbDeviceConfiguration = false;
 124:.\main.c      **** 			USBFS_configuration = false;
 125:.\main.c      **** 			usbDataSentFlag = USB_HID_DATA_SENT;
 126:.\main.c      **** 		}
 127:.\main.c      **** 			
 128:.\main.c      **** 		/* Wait until CapSense scan completes */
 129:.\main.c      **** 		if((CapSense_IsBusy() == 0) && (usbDataSentFlag == USB_HID_DATA_SENT))
 130:.\main.c      **** 		{
 131:.\main.c      **** 			/* Update baseline and check if any sensor is active */
 132:.\main.c      **** 		    CapSense_UpdateEnabledBaselines();	
 133:.\main.c      **** 			isAnySensorActive = CapSense_CheckIsAnyWidgetActive();	
 134:.\main.c      **** 			
 135:.\main.c      **** 			/* Initiate next scan of all the sensors */
 136:.\main.c      **** 			CapSense_ScanEnabledWidgets();
 137:.\main.c      **** 			
 138:.\main.c      **** 			/* Decode gesture and process the gesture */
 139:.\main.c      **** 			gestureId = DetectGesture(isAnySensorActive); 
 140:.\main.c      **** 			UpdateLedColor(gestureId);	
 141:.\main.c      ****             
 142:.\main.c      **** 			/* Convert the gestures to HID report */
 143:.\main.c      **** 			ConvertGestureToHidReport(gestureId);			
 144:.\main.c      **** 			
 145:.\main.c      **** 			/* Process USB endpoint load tasks, if USB is connected */
 146:.\main.c      **** 			if(usbDeviceConfiguration != 0)
 147:.\main.c      **** 			{
ARM GAS  C:\Users\JAVIER~1\AppData\Local\Temp\ccefopLJ.s 			page 4


 148:.\main.c      **** 				if((USBFS_GetEPAckState(KEYBOARD_END_POINT) || USBFS_GetEPAckState(MOUSE_END_POINT)) && (usbDri
 149:.\main.c      **** 				{
 150:.\main.c      **** 					usbDriverInstallationComplete = true;					
 151:.\main.c      **** 					
 152:.\main.c      **** 					/* Turn the LED with BLUE after USB device drivers (first ack on the USB end points) are insta
 153:.\main.c      **** 					SetLedColor(COLOR_BLUE, BRIGHT_LEVEL_9);
 154:.\main.c      **** 					PRINT("HID Drivers Installed \n\r");
 155:.\main.c      **** 					
 156:.\main.c      **** 				}
 157:.\main.c      **** 				else if(usbDriverInstallationComplete == false)
 158:.\main.c      **** 				{
 159:.\main.c      **** 					/* Load initial data into the endpoints when device first enumerates */
 160:.\main.c      **** 					USBFS_LoadInEP(KEYBOARD_END_POINT, (uint8 *)keyboardReport, KEY_RPT_SIZE);
 161:.\main.c      **** 					USBFS_LoadInEP(MOUSE_END_POINT, (uint8 *)mouseReport, MOUSE_RPT_SIZE);
 162:.\main.c      **** 				}
 163:.\main.c      **** 				else if(usbDriverInstallationComplete == true)
 164:.\main.c      **** 				{
 165:.\main.c      **** 					usbDataSentFlag = USB_HID_DATA_SENT_FLAG_CLEAR;
 166:.\main.c      **** 				}			
 167:.\main.c      **** 			}
 168:.\main.c      **** 			else
 169:.\main.c      **** 			{
 170:.\main.c      **** 				usbDriverInstallationComplete = false;				
 171:.\main.c      **** 			}
 172:.\main.c      **** 		}					
 173:.\main.c      **** 			
 174:.\main.c      **** 		/* Process USB HID report only when the drivers are installed and device acks on desired endpoint
 175:.\main.c      **** 		if((usbDriverInstallationComplete == true) && (usbDataSentFlag != USB_HID_DATA_SENT))
 176:.\main.c      **** 		{					
 177:.\main.c      **** 			/* Send Keyboard data to PC, if there is an USB keyboard endpoint event pending */
 178:.\main.c      **** 			if(USBFS_GetEPState(KEYBOARD_END_POINT) == USBFS_EVENT_PENDING)
 179:.\main.c      **** 			{
 180:.\main.c      **** 				USBFS_LoadInEP(KEYBOARD_END_POINT, (uint8 *)keyboardReport, KEY_RPT_SIZE);
 181:.\main.c      **** 				usbDataSentFlag |= KEYBOARD_DATA_SENT;
 182:.\main.c      **** 			}
 183:.\main.c      **** 			
 184:.\main.c      **** 			/* Send Mouse data to PC, if there is an USB mouse endpoint event pending */
 185:.\main.c      **** 			if(USBFS_GetEPState(MOUSE_END_POINT) == USBFS_EVENT_PENDING)
 186:.\main.c      **** 			{
 187:.\main.c      **** 				USBFS_LoadInEP(MOUSE_END_POINT, (uint8 *)mouseReport, MOUSE_RPT_SIZE);
 188:.\main.c      **** 				usbDataSentFlag |= MOUSE_DATA_SENT;
 189:.\main.c      **** 			}
 190:.\main.c      **** 		}
 191:.\main.c      **** 	}
 192:.\main.c      **** 				
 193:.\main.c      **** }
 194:.\main.c      **** 
 195:.\main.c      **** 
 196:.\main.c      **** /*******************************************************************************
 197:.\main.c      **** * Function Name: InitSystem
 198:.\main.c      **** ********************************************************************************
 199:.\main.c      **** *
 200:.\main.c      **** * Summary:
 201:.\main.c      **** * Initializes the application.
 202:.\main.c      **** *
 203:.\main.c      **** * Parameters:
 204:.\main.c      **** * None
ARM GAS  C:\Users\JAVIER~1\AppData\Local\Temp\ccefopLJ.s 			page 5


 205:.\main.c      **** *
 206:.\main.c      **** * Return:
 207:.\main.c      **** * None
 208:.\main.c      **** *
 209:.\main.c      **** *******************************************************************************/
 210:.\main.c      **** void InitSystem(void)
 211:.\main.c      **** {	
  25              		.loc 1 211 0
  26              		.cfi_startproc
  27 0000 08B5     		push	{r3, lr}
  28              		.cfi_def_cfa_offset 8
  29              		.cfi_offset 3, -8
  30              		.cfi_offset 14, -4
 212:.\main.c      **** 	#if(ENABLE_UART_DBG_OUTPUT)
 213:.\main.c      **** 		UART_Start();
  31              		.loc 1 213 0
  32 0002 FFF7FEFF 		bl	UART_Start
  33              	.LVL0:
 214:.\main.c      **** 		PRINT("Application Starts...\n\r");
  34              		.loc 1 214 0
  35 0006 1148     		ldr	r0, .L2
  36 0008 FFF7FEFF 		bl	UART_UartPutString
  37              	.LVL1:
 215:.\main.c      **** 	#endif /* #if(ENABLE_UART_DBG_OUTPUT) */
 216:.\main.c      **** 	
 217:.\main.c      **** 	PWM_Red_Start();
  38              		.loc 1 217 0
  39 000c FFF7FEFF 		bl	PWM_Red_Start
  40              	.LVL2:
 218:.\main.c      **** 	PWM_Green_Start();
  41              		.loc 1 218 0
  42 0010 FFF7FEFF 		bl	PWM_Green_Start
  43              	.LVL3:
 219:.\main.c      **** 	PWM_Blue_Start();
  44              		.loc 1 219 0
  45 0014 FFF7FEFF 		bl	PWM_Blue_Start
  46              	.LVL4:
 220:.\main.c      **** 	
 221:.\main.c      **** 	/* Turn off the LED after USB is initialized */
 222:.\main.c      **** 	SetLedColor(INIT_LED_COLOR, INIT_BRIGHT_LEVEL);
  47              		.loc 1 222 0
  48 0018 0020     		mov	r0, #0
  49 001a FA21     		mov	r1, #250
  50 001c 4900     		lsl	r1, r1, #1
  51 001e FFF7FEFF 		bl	SetLedColor
  52              	.LVL5:
 223:.\main.c      **** 	
 224:.\main.c      **** 	/* Setting the drive mode to strong to enable the LED output. This is
 225:.\main.c      ****     required because the pin is configured as "High impedance digital" in
 226:.\main.c      ****     the schematic.  The high impedance digital setting is used to prevent
 227:.\main.c      ****     a glitch on the PWM output from causing the LED to flash each time the
 228:.\main.c      ****     device powers up. */
 229:.\main.c      **** 	Pin_BlueLED_SetDriveMode(CY_SYS_PINS_DM_STRONG);
  53              		.loc 1 229 0
  54 0022 0620     		mov	r0, #6
  55 0024 FFF7FEFF 		bl	Pin_BlueLED_SetDriveMode
  56              	.LVL6:
ARM GAS  C:\Users\JAVIER~1\AppData\Local\Temp\ccefopLJ.s 			page 6


 230:.\main.c      **** 	Pin_RedLED_SetDriveMode(CY_SYS_PINS_DM_STRONG);
  57              		.loc 1 230 0
  58 0028 0620     		mov	r0, #6
  59 002a FFF7FEFF 		bl	Pin_RedLED_SetDriveMode
  60              	.LVL7:
 231:.\main.c      **** 	Pin_GreenLED_SetDriveMode(CY_SYS_PINS_DM_STRONG);
  61              		.loc 1 231 0
  62 002e 0620     		mov	r0, #6
  63 0030 FFF7FEFF 		bl	Pin_GreenLED_SetDriveMode
  64              	.LVL8:
 232:.\main.c      **** 		
 233:.\main.c      **** 	/* Initialize CapSense */
 234:.\main.c      **** 	CapSense_Start();
  65              		.loc 1 234 0
  66 0034 FFF7FEFF 		bl	CapSense_Start
  67              	.LVL9:
 235:.\main.c      **** 	CapSense_InitializeAllBaselines();
  68              		.loc 1 235 0
  69 0038 FFF7FEFF 		bl	CapSense_InitializeAllBaselines
  70              	.LVL10:
 236:.\main.c      **** 
 237:.\main.c      **** 	/* Initialize USB */
 238:.\main.c      **** 	USBFS_Start(0, USBFS_5V_OPERATION);		
  71              		.loc 1 238 0
  72 003c 0020     		mov	r0, #0
  73 003e 0121     		mov	r1, #1
  74 0040 FFF7FEFF 		bl	USBFS_Start
  75              	.LVL11:
 239:.\main.c      **** 	
 240:.\main.c      **** 	/* Initiate the first scan of all the sensors */
 241:.\main.c      **** 	CapSense_ScanEnabledWidgets();	
  76              		.loc 1 241 0
  77 0044 FFF7FEFF 		bl	CapSense_ScanEnabledWidgets
  78              	.LVL12:
 242:.\main.c      **** }
  79              		.loc 1 242 0
  80              		@ sp needed
  81 0048 08BD     		pop	{r3, pc}
  82              	.L3:
  83 004a C046     		.align	2
  84              	.L2:
  85 004c 00000000 		.word	.LC0
  86              		.cfi_endproc
  87              	.LFE38:
  88              		.size	InitSystem, .-InitSystem
  89              		.section	.text.main,"ax",%progbits
  90              		.align	2
  91              		.global	main
  92              		.code	16
  93              		.thumb_func
  94              		.type	main, %function
  95              	main:
  96              	.LFB37:
  85:.\main.c      **** 	tGestureId gestureId;
  97              		.loc 1 85 0
  98              		.cfi_startproc
  99 0000 F8B5     		push	{r3, r4, r5, r6, r7, lr}
ARM GAS  C:\Users\JAVIER~1\AppData\Local\Temp\ccefopLJ.s 			page 7


 100              		.cfi_def_cfa_offset 24
 101              		.cfi_offset 3, -24
 102              		.cfi_offset 4, -20
 103              		.cfi_offset 5, -16
 104              		.cfi_offset 6, -12
 105              		.cfi_offset 7, -8
 106              		.cfi_offset 14, -4
 107              	.LVL13:
  91:.\main.c      **** 	
 108              		.loc 1 91 0
 109              	@ 91 ".\main.c" 1
 110 0002 62B6     		CPSIE   i
 111              	@ 0 "" 2
 102:.\main.c      **** 	
 112              		.loc 1 102 0
 113              		.code	16
 114 0004 FFF7FEFF 		bl	InitSystem
 115              	.LVL14:
  89:.\main.c      **** 	
 116              		.loc 1 89 0
 117 0008 0025     		mov	r5, #0
  88:.\main.c      **** 	bool usbDriverInstallationComplete = false;
 118              		.loc 1 88 0
 119 000a 0326     		mov	r6, #3
  87:.\main.c      **** 	uint32 usbDataSentFlag = USB_HID_DATA_SENT;
 120              		.loc 1 87 0
 121 000c 0024     		mov	r4, #0
 122              	.LVL15:
 123              	.L5:
 107:.\main.c      **** 		{
 124              		.loc 1 107 0
 125 000e FFF7FEFF 		bl	USBFS_VBusPresent
 126              	.LVL16:
 127 0012 0128     		cmp	r0, #1
 128 0014 03D1     		bne	.L6
 110:.\main.c      **** 		}
 129              		.loc 1 110 0
 130 0016 FFF7FEFF 		bl	USBFS_GetConfiguration
 131              	.LVL17:
 132 001a 041C     		mov	r4, r0
 133              	.LVL18:
 134 001c 0DE0     		b	.L7
 135              	.LVL19:
 136              	.L6:
 114:.\main.c      **** 			{
 137              		.loc 1 114 0
 138 001e 012C     		cmp	r4, #1
 139 0020 06D1     		bne	.L8
 116:.\main.c      **** 				
 140              		.loc 1 116 0
 141 0022 3448     		ldr	r0, .L17
 142 0024 FFF7FEFF 		bl	UART_UartPutString
 143              	.LVL20:
 119:.\main.c      **** 			}
 144              		.loc 1 119 0
 145 0028 0020     		mov	r0, #0
 146 002a 3349     		ldr	r1, .L17+4
ARM GAS  C:\Users\JAVIER~1\AppData\Local\Temp\ccefopLJ.s 			page 8


 147 002c FFF7FEFF 		bl	SetLedColor
 148              	.LVL21:
 149              	.L8:
 124:.\main.c      **** 			usbDataSentFlag = USB_HID_DATA_SENT;
 150              		.loc 1 124 0
 151 0030 0022     		mov	r2, #0
 152 0032 324B     		ldr	r3, .L17+8
 153 0034 1A70     		strb	r2, [r3]
 154              	.LVL22:
 125:.\main.c      **** 		}
 155              		.loc 1 125 0
 156 0036 0326     		mov	r6, #3
 123:.\main.c      **** 			USBFS_configuration = false;
 157              		.loc 1 123 0
 158 0038 0024     		mov	r4, #0
 159              	.LVL23:
 160              	.L7:
 129:.\main.c      **** 		{
 161              		.loc 1 129 0
 162 003a FFF7FEFF 		bl	CapSense_IsBusy
 163              	.LVL24:
 164 003e 0028     		cmp	r0, #0
 165 0040 3BD1     		bne	.L9
 129:.\main.c      **** 		{
 166              		.loc 1 129 0 is_stmt 0 discriminator 1
 167 0042 032E     		cmp	r6, #3
 168 0044 39D1     		bne	.L9
 132:.\main.c      **** 			isAnySensorActive = CapSense_CheckIsAnyWidgetActive();	
 169              		.loc 1 132 0 is_stmt 1
 170 0046 FFF7FEFF 		bl	CapSense_UpdateEnabledBaselines
 171              	.LVL25:
 133:.\main.c      **** 			
 172              		.loc 1 133 0
 173 004a FFF7FEFF 		bl	CapSense_CheckIsAnyWidgetActive
 174              	.LVL26:
 175 004e 071C     		mov	r7, r0
 176              	.LVL27:
 136:.\main.c      **** 			
 177              		.loc 1 136 0
 178 0050 FFF7FEFF 		bl	CapSense_ScanEnabledWidgets
 179              	.LVL28:
 139:.\main.c      **** 			UpdateLedColor(gestureId);	
 180              		.loc 1 139 0
 181 0054 F8B2     		uxtb	r0, r7
 182 0056 FFF7FEFF 		bl	DetectGesture
 183              	.LVL29:
 184 005a 071C     		mov	r7, r0
 185              	.LVL30:
 140:.\main.c      ****             
 186              		.loc 1 140 0
 187 005c FFF7FEFF 		bl	UpdateLedColor
 188              	.LVL31:
 143:.\main.c      **** 			
 189              		.loc 1 143 0
 190 0060 381C     		mov	r0, r7
 191 0062 FFF7FEFF 		bl	ConvertGestureToHidReport
 192              	.LVL32:
ARM GAS  C:\Users\JAVIER~1\AppData\Local\Temp\ccefopLJ.s 			page 9


 146:.\main.c      **** 			{
 193              		.loc 1 146 0
 194 0066 002C     		cmp	r4, #0
 195 0068 24D0     		beq	.L15
 148:.\main.c      **** 				{
 196              		.loc 1 148 0
 197 006a 0120     		mov	r0, #1
 198 006c FFF7FEFF 		bl	USBFS_GetEPAckState
 199              	.LVL33:
 200 0070 0028     		cmp	r0, #0
 201 0072 04D1     		bne	.L10
 148:.\main.c      **** 				{
 202              		.loc 1 148 0 is_stmt 0 discriminator 2
 203 0074 0230     		add	r0, r0, #2
 204 0076 FFF7FEFF 		bl	USBFS_GetEPAckState
 205              	.LVL34:
 206 007a 0028     		cmp	r0, #0
 207 007c 0AD0     		beq	.L11
 208              	.L10:
 148:.\main.c      **** 				{
 209              		.loc 1 148 0 discriminator 3
 210 007e 002D     		cmp	r5, #0
 211 0080 08D1     		bne	.L11
 212              	.LVL35:
 153:.\main.c      **** 					PRINT("HID Drivers Installed \n\r");
 213              		.loc 1 153 0 is_stmt 1
 214 0082 0320     		mov	r0, #3
 215 0084 1C49     		ldr	r1, .L17+4
 216 0086 FFF7FEFF 		bl	SetLedColor
 217              	.LVL36:
 154:.\main.c      **** 					
 218              		.loc 1 154 0
 219 008a 1D48     		ldr	r0, .L17+12
 220 008c FFF7FEFF 		bl	UART_UartPutString
 221              	.LVL37:
 150:.\main.c      **** 					
 222              		.loc 1 150 0
 223 0090 0135     		add	r5, r5, #1
 154:.\main.c      **** 					
 224              		.loc 1 154 0
 225 0092 12E0     		b	.L9
 226              	.LVL38:
 227              	.L11:
 157:.\main.c      **** 				{
 228              		.loc 1 157 0
 229 0094 002D     		cmp	r5, #0
 230 0096 0AD1     		bne	.L12
 160:.\main.c      **** 					USBFS_LoadInEP(MOUSE_END_POINT, (uint8 *)mouseReport, MOUSE_RPT_SIZE);
 231              		.loc 1 160 0
 232 0098 0120     		mov	r0, #1
 233 009a 1A49     		ldr	r1, .L17+16
 234 009c 0822     		mov	r2, #8
 235 009e FFF7FEFF 		bl	USBFS_LoadInEP
 236              	.LVL39:
 161:.\main.c      **** 				}
 237              		.loc 1 161 0
 238 00a2 0220     		mov	r0, #2
ARM GAS  C:\Users\JAVIER~1\AppData\Local\Temp\ccefopLJ.s 			page 10


 239 00a4 1849     		ldr	r1, .L17+20
 240 00a6 0422     		mov	r2, #4
 241 00a8 FFF7FEFF 		bl	USBFS_LoadInEP
 242              	.LVL40:
 243 00ac 05E0     		b	.L9
 244              	.L12:
 163:.\main.c      **** 				{
 245              		.loc 1 163 0
 246 00ae 002D     		cmp	r5, #0
 247 00b0 02D1     		bne	.L16
 248 00b2 02E0     		b	.L9
 249              	.L15:
 170:.\main.c      **** 			}
 250              		.loc 1 170 0
 251 00b4 0025     		mov	r5, #0
 252              	.LVL41:
 253 00b6 00E0     		b	.L9
 254              	.LVL42:
 255              	.L16:
 165:.\main.c      **** 				}			
 256              		.loc 1 165 0
 257 00b8 0026     		mov	r6, #0
 258              	.LVL43:
 259              	.L9:
 175:.\main.c      **** 		{					
 260              		.loc 1 175 0
 261 00ba 002D     		cmp	r5, #0
 262 00bc A7D0     		beq	.L5
 175:.\main.c      **** 		{					
 263              		.loc 1 175 0 is_stmt 0 discriminator 1
 264 00be 032E     		cmp	r6, #3
 265 00c0 A5D0     		beq	.L5
 178:.\main.c      **** 			{
 266              		.loc 1 178 0 is_stmt 1
 267 00c2 0120     		mov	r0, #1
 268 00c4 FFF7FEFF 		bl	USBFS_GetEPState
 269              	.LVL44:
 270 00c8 0128     		cmp	r0, #1
 271 00ca 05D1     		bne	.L14
 180:.\main.c      **** 				usbDataSentFlag |= KEYBOARD_DATA_SENT;
 272              		.loc 1 180 0
 273 00cc 0D49     		ldr	r1, .L17+16
 274 00ce 0822     		mov	r2, #8
 275 00d0 FFF7FEFF 		bl	USBFS_LoadInEP
 276              	.LVL45:
 181:.\main.c      **** 			}
 277              		.loc 1 181 0
 278 00d4 0223     		mov	r3, #2
 279 00d6 1E43     		orr	r6, r3
 280              	.LVL46:
 281              	.L14:
 185:.\main.c      **** 			{
 282              		.loc 1 185 0
 283 00d8 0220     		mov	r0, #2
 284 00da FFF7FEFF 		bl	USBFS_GetEPState
 285              	.LVL47:
 286 00de 0128     		cmp	r0, #1
ARM GAS  C:\Users\JAVIER~1\AppData\Local\Temp\ccefopLJ.s 			page 11


 287 00e0 95D1     		bne	.L5
 187:.\main.c      **** 				usbDataSentFlag |= MOUSE_DATA_SENT;
 288              		.loc 1 187 0
 289 00e2 0130     		add	r0, r0, #1
 290 00e4 0849     		ldr	r1, .L17+20
 291 00e6 0422     		mov	r2, #4
 292 00e8 FFF7FEFF 		bl	USBFS_LoadInEP
 293              	.LVL48:
 188:.\main.c      **** 			}
 294              		.loc 1 188 0
 295 00ec 0123     		mov	r3, #1
 296 00ee 1E43     		orr	r6, r3
 297              	.LVL49:
 298 00f0 8DE7     		b	.L5
 299              	.L18:
 300 00f2 C046     		.align	2
 301              	.L17:
 302 00f4 18000000 		.word	.LC2
 303 00f8 606D0000 		.word	28000
 304 00fc 00000000 		.word	USBFS_configuration
 305 0100 2C000000 		.word	.LC5
 306 0104 00000000 		.word	keyboardReport
 307 0108 00000000 		.word	mouseReport
 308              		.cfi_endproc
 309              	.LFE37:
 310              		.size	main, .-main
 311              		.section	.rodata.str1.4,"aMS",%progbits,1
 312              		.align	2
 313              	.LC0:
 314 0000 4170706C 		.ascii	"Application Starts...\012\015\000"
 314      69636174 
 314      696F6E20 
 314      53746172 
 314      74732E2E 
 315              	.LC2:
 316 0018 55534220 		.ascii	"USB Disconnected \012\015\000"
 316      44697363 
 316      6F6E6E65 
 316      63746564 
 316      200A0D00 
 317              	.LC5:
 318 002c 48494420 		.ascii	"HID Drivers Installed \012\015\000"
 318      44726976 
 318      65727320 
 318      496E7374 
 318      616C6C65 
 319 0045 000000   		.text
 320              	.Letext0:
 321              		.file 2 "Generated_Source\\PSoC4/cytypes.h"
 322              		.file 3 ".\\Gesture.h"
 323              		.file 4 ".\\LedControl.h"
 324              		.file 5 "Generated_Source\\PSoC4/USBFS.h"
 325              		.file 6 "Generated_Source\\PSoC4/UART.h"
 326              		.file 7 "Generated_Source\\PSoC4/PWM_Red.h"
 327              		.file 8 "Generated_Source\\PSoC4/PWM_Green.h"
 328              		.file 9 "Generated_Source\\PSoC4/PWM_Blue.h"
 329              		.file 10 "Generated_Source\\PSoC4/UART_SPI_UART.h"
ARM GAS  C:\Users\JAVIER~1\AppData\Local\Temp\ccefopLJ.s 			page 12


 330              		.file 11 "Generated_Source\\PSoC4/Pin_BlueLED.h"
 331              		.file 12 "Generated_Source\\PSoC4/Pin_RedLED.h"
 332              		.file 13 "Generated_Source\\PSoC4/Pin_GreenLED.h"
 333              		.file 14 "Generated_Source\\PSoC4/CapSense.h"
 334              		.file 15 "Generated_Source\\PSoC4/CapSense_CSHL.h"
 335              		.file 16 ".\\HidReport.h"
 336              		.section	.debug_info,"",%progbits
 337              	.Ldebug_info0:
 338 0000 40060000 		.4byte	0x640
 339 0004 0400     		.2byte	0x4
 340 0006 00000000 		.4byte	.Ldebug_abbrev0
 341 000a 04       		.byte	0x4
 342 000b 01       		.uleb128 0x1
 343 000c ED020000 		.4byte	.LASF90
 344 0010 01       		.byte	0x1
 345 0011 47050000 		.4byte	.LASF91
 346 0015 51060000 		.4byte	.LASF92
 347 0019 00000000 		.4byte	.Ldebug_ranges0+0
 348 001d 00000000 		.4byte	0
 349 0021 00000000 		.4byte	.Ldebug_line0
 350 0025 02       		.uleb128 0x2
 351 0026 01       		.byte	0x1
 352 0027 06       		.byte	0x6
 353 0028 4A020000 		.4byte	.LASF0
 354 002c 02       		.uleb128 0x2
 355 002d 01       		.byte	0x1
 356 002e 08       		.byte	0x8
 357 002f 95030000 		.4byte	.LASF1
 358 0033 02       		.uleb128 0x2
 359 0034 02       		.byte	0x2
 360 0035 05       		.byte	0x5
 361 0036 8C000000 		.4byte	.LASF2
 362 003a 02       		.uleb128 0x2
 363 003b 02       		.byte	0x2
 364 003c 07       		.byte	0x7
 365 003d 4B040000 		.4byte	.LASF3
 366 0041 02       		.uleb128 0x2
 367 0042 04       		.byte	0x4
 368 0043 05       		.byte	0x5
 369 0044 9D020000 		.4byte	.LASF4
 370 0048 02       		.uleb128 0x2
 371 0049 04       		.byte	0x4
 372 004a 07       		.byte	0x7
 373 004b C3040000 		.4byte	.LASF5
 374 004f 02       		.uleb128 0x2
 375 0050 08       		.byte	0x8
 376 0051 05       		.byte	0x5
 377 0052 5C020000 		.4byte	.LASF6
 378 0056 02       		.uleb128 0x2
 379 0057 08       		.byte	0x8
 380 0058 07       		.byte	0x7
 381 0059 D5030000 		.4byte	.LASF7
 382 005d 03       		.uleb128 0x3
 383 005e 04       		.byte	0x4
 384 005f 05       		.byte	0x5
 385 0060 696E7400 		.ascii	"int\000"
 386 0064 02       		.uleb128 0x2
ARM GAS  C:\Users\JAVIER~1\AppData\Local\Temp\ccefopLJ.s 			page 13


 387 0065 04       		.byte	0x4
 388 0066 07       		.byte	0x7
 389 0067 08040000 		.4byte	.LASF8
 390 006b 04       		.uleb128 0x4
 391 006c 7B030000 		.4byte	.LASF9
 392 0070 02       		.byte	0x2
 393 0071 3801     		.2byte	0x138
 394 0073 2C000000 		.4byte	0x2c
 395 0077 04       		.uleb128 0x4
 396 0078 8E010000 		.4byte	.LASF10
 397 007c 02       		.byte	0x2
 398 007d 3901     		.2byte	0x139
 399 007f 3A000000 		.4byte	0x3a
 400 0083 04       		.uleb128 0x4
 401 0084 BC040000 		.4byte	.LASF11
 402 0088 02       		.byte	0x2
 403 0089 3A01     		.2byte	0x13a
 404 008b 48000000 		.4byte	0x48
 405 008f 04       		.uleb128 0x4
 406 0090 6A020000 		.4byte	.LASF12
 407 0094 02       		.byte	0x2
 408 0095 3B01     		.2byte	0x13b
 409 0097 25000000 		.4byte	0x25
 410 009b 02       		.uleb128 0x2
 411 009c 04       		.byte	0x4
 412 009d 04       		.byte	0x4
 413 009e 56020000 		.4byte	.LASF13
 414 00a2 02       		.uleb128 0x2
 415 00a3 08       		.byte	0x8
 416 00a4 04       		.byte	0x4
 417 00a5 0D050000 		.4byte	.LASF14
 418 00a9 04       		.uleb128 0x4
 419 00aa C5000000 		.4byte	.LASF15
 420 00ae 02       		.byte	0x2
 421 00af 4901     		.2byte	0x149
 422 00b1 B5000000 		.4byte	0xb5
 423 00b5 02       		.uleb128 0x2
 424 00b6 01       		.byte	0x1
 425 00b7 08       		.byte	0x8
 426 00b8 6B040000 		.4byte	.LASF16
 427 00bc 05       		.uleb128 0x5
 428 00bd 6B000000 		.4byte	0x6b
 429 00c1 02       		.uleb128 0x2
 430 00c2 04       		.byte	0x4
 431 00c3 07       		.byte	0x7
 432 00c4 88050000 		.4byte	.LASF17
 433 00c8 06       		.uleb128 0x6
 434 00c9 04       		.byte	0x4
 435 00ca CE000000 		.4byte	0xce
 436 00ce 07       		.uleb128 0x7
 437 00cf 6B000000 		.4byte	0x6b
 438 00d3 08       		.uleb128 0x8
 439 00d4 01       		.byte	0x1
 440 00d5 03       		.byte	0x3
 441 00d6 B8       		.byte	0xb8
 442 00d7 42010000 		.4byte	0x142
 443 00db 09       		.uleb128 0x9
ARM GAS  C:\Users\JAVIER~1\AppData\Local\Temp\ccefopLJ.s 			page 14


 444 00dc 5E040000 		.4byte	.LASF18
 445 00e0 00       		.sleb128 0
 446 00e1 09       		.uleb128 0x9
 447 00e2 81040000 		.4byte	.LASF19
 448 00e6 01       		.sleb128 1
 449 00e7 09       		.uleb128 0x9
 450 00e8 37020000 		.4byte	.LASF20
 451 00ec 02       		.sleb128 2
 452 00ed 09       		.uleb128 0x9
 453 00ee 89020000 		.4byte	.LASF21
 454 00f2 03       		.sleb128 3
 455 00f3 09       		.uleb128 0x9
 456 00f4 08060000 		.4byte	.LASF22
 457 00f8 04       		.sleb128 4
 458 00f9 09       		.uleb128 0x9
 459 00fa 5D010000 		.4byte	.LASF23
 460 00fe 05       		.sleb128 5
 461 00ff 09       		.uleb128 0x9
 462 0100 D7010000 		.4byte	.LASF24
 463 0104 06       		.sleb128 6
 464 0105 09       		.uleb128 0x9
 465 0106 50050000 		.4byte	.LASF25
 466 010a 07       		.sleb128 7
 467 010b 09       		.uleb128 0x9
 468 010c DA020000 		.4byte	.LASF26
 469 0110 08       		.sleb128 8
 470 0111 09       		.uleb128 0x9
 471 0112 A6040000 		.4byte	.LASF27
 472 0116 09       		.sleb128 9
 473 0117 09       		.uleb128 0x9
 474 0118 91050000 		.4byte	.LASF28
 475 011c 0A       		.sleb128 10
 476 011d 09       		.uleb128 0x9
 477 011e B1050000 		.4byte	.LASF29
 478 0122 0B       		.sleb128 11
 479 0123 09       		.uleb128 0x9
 480 0124 AF000000 		.4byte	.LASF30
 481 0128 0C       		.sleb128 12
 482 0129 09       		.uleb128 0x9
 483 012a 07020000 		.4byte	.LASF31
 484 012e 0D       		.sleb128 13
 485 012f 09       		.uleb128 0x9
 486 0130 F7050000 		.4byte	.LASF32
 487 0134 0E       		.sleb128 14
 488 0135 09       		.uleb128 0x9
 489 0136 B7020000 		.4byte	.LASF33
 490 013a 0F       		.sleb128 15
 491 013b 09       		.uleb128 0x9
 492 013c 34060000 		.4byte	.LASF34
 493 0140 10       		.sleb128 16
 494 0141 00       		.byte	0
 495 0142 0A       		.uleb128 0xa
 496 0143 29060000 		.4byte	.LASF35
 497 0147 03       		.byte	0x3
 498 0148 CA       		.byte	0xca
 499 0149 D3000000 		.4byte	0xd3
 500 014d 08       		.uleb128 0x8
ARM GAS  C:\Users\JAVIER~1\AppData\Local\Temp\ccefopLJ.s 			page 15


 501 014e 01       		.byte	0x1
 502 014f 04       		.byte	0x4
 503 0150 34       		.byte	0x34
 504 0151 8C010000 		.4byte	0x18c
 505 0155 09       		.uleb128 0x9
 506 0156 23040000 		.4byte	.LASF36
 507 015a 00       		.sleb128 0
 508 015b 09       		.uleb128 0x9
 509 015c EC030000 		.4byte	.LASF37
 510 0160 01       		.sleb128 1
 511 0161 09       		.uleb128 0x9
 512 0162 61050000 		.4byte	.LASF38
 513 0166 02       		.sleb128 2
 514 0167 09       		.uleb128 0x9
 515 0168 B1030000 		.4byte	.LASF39
 516 016c 03       		.sleb128 3
 517 016d 09       		.uleb128 0x9
 518 016e BC030000 		.4byte	.LASF40
 519 0172 04       		.sleb128 4
 520 0173 09       		.uleb128 0x9
 521 0174 44060000 		.4byte	.LASF41
 522 0178 05       		.sleb128 5
 523 0179 09       		.uleb128 0x9
 524 017a 3A050000 		.4byte	.LASF42
 525 017e 06       		.sleb128 6
 526 017f 09       		.uleb128 0x9
 527 0180 CF050000 		.4byte	.LASF43
 528 0184 07       		.sleb128 7
 529 0185 09       		.uleb128 0x9
 530 0186 3A000000 		.4byte	.LASF44
 531 018a 08       		.sleb128 8
 532 018b 00       		.byte	0
 533 018c 0A       		.uleb128 0xa
 534 018d 7E050000 		.4byte	.LASF45
 535 0191 04       		.byte	0x4
 536 0192 3E       		.byte	0x3e
 537 0193 4D010000 		.4byte	0x14d
 538 0197 08       		.uleb128 0x8
 539 0198 02       		.byte	0x2
 540 0199 04       		.byte	0x4
 541 019a 42       		.byte	0x42
 542 019b EB010000 		.4byte	0x1eb
 543 019f 09       		.uleb128 0x9
 544 01a0 CB000000 		.4byte	.LASF46
 545 01a4 F403     		.sleb128 500
 546 01a6 09       		.uleb128 0x9
 547 01a7 DA000000 		.4byte	.LASF47
 548 01ab E807     		.sleb128 1000
 549 01ad 09       		.uleb128 0x9
 550 01ae E9000000 		.4byte	.LASF48
 551 01b2 D00F     		.sleb128 2000
 552 01b4 09       		.uleb128 0x9
 553 01b5 70010000 		.4byte	.LASF49
 554 01b9 A01F     		.sleb128 4000
 555 01bb 09       		.uleb128 0x9
 556 01bc 03010000 		.4byte	.LASF50
 557 01c0 C03E     		.sleb128 8000
ARM GAS  C:\Users\JAVIER~1\AppData\Local\Temp\ccefopLJ.s 			page 16


 558 01c2 09       		.uleb128 0x9
 559 01c3 12010000 		.4byte	.LASF51
 560 01c7 E0DD00   		.sleb128 12000
 561 01ca 09       		.uleb128 0x9
 562 01cb 21010000 		.4byte	.LASF52
 563 01cf 80FD00   		.sleb128 16000
 564 01d2 09       		.uleb128 0x9
 565 01d3 30010000 		.4byte	.LASF53
 566 01d7 A09C01   		.sleb128 20000
 567 01da 09       		.uleb128 0x9
 568 01db 3F010000 		.4byte	.LASF54
 569 01df C0BB01   		.sleb128 24000
 570 01e2 09       		.uleb128 0x9
 571 01e3 4E010000 		.4byte	.LASF55
 572 01e7 E0DA01   		.sleb128 28000
 573 01ea 00       		.byte	0
 574 01eb 0A       		.uleb128 0xa
 575 01ec C8030000 		.4byte	.LASF56
 576 01f0 04       		.byte	0x4
 577 01f1 4D       		.byte	0x4d
 578 01f2 97010000 		.4byte	0x197
 579 01f6 0B       		.uleb128 0xb
 580 01f7 F8000000 		.4byte	.LASF93
 581 01fb 01       		.byte	0x1
 582 01fc D2       		.byte	0xd2
 583 01fd 00000000 		.4byte	.LFB38
 584 0201 50000000 		.4byte	.LFE38-.LFB38
 585 0205 01       		.uleb128 0x1
 586 0206 9C       		.byte	0x9c
 587 0207 CD020000 		.4byte	0x2cd
 588 020b 0C       		.uleb128 0xc
 589 020c 06000000 		.4byte	.LVL0
 590 0210 E2040000 		.4byte	0x4e2
 591 0214 0D       		.uleb128 0xd
 592 0215 0C000000 		.4byte	.LVL1
 593 0219 E9040000 		.4byte	0x4e9
 594 021d 2B020000 		.4byte	0x22b
 595 0221 0E       		.uleb128 0xe
 596 0222 01       		.uleb128 0x1
 597 0223 50       		.byte	0x50
 598 0224 05       		.uleb128 0x5
 599 0225 03       		.byte	0x3
 600 0226 00000000 		.4byte	.LC0
 601 022a 00       		.byte	0
 602 022b 0C       		.uleb128 0xc
 603 022c 10000000 		.4byte	.LVL2
 604 0230 06050000 		.4byte	0x506
 605 0234 0C       		.uleb128 0xc
 606 0235 14000000 		.4byte	.LVL3
 607 0239 0E050000 		.4byte	0x50e
 608 023d 0C       		.uleb128 0xc
 609 023e 18000000 		.4byte	.LVL4
 610 0242 16050000 		.4byte	0x516
 611 0246 0D       		.uleb128 0xd
 612 0247 22000000 		.4byte	.LVL5
 613 024b 1E050000 		.4byte	0x51e
 614 024f 60020000 		.4byte	0x260
ARM GAS  C:\Users\JAVIER~1\AppData\Local\Temp\ccefopLJ.s 			page 17


 615 0253 0E       		.uleb128 0xe
 616 0254 01       		.uleb128 0x1
 617 0255 51       		.byte	0x51
 618 0256 03       		.uleb128 0x3
 619 0257 0A       		.byte	0xa
 620 0258 F401     		.2byte	0x1f4
 621 025a 0E       		.uleb128 0xe
 622 025b 01       		.uleb128 0x1
 623 025c 50       		.byte	0x50
 624 025d 01       		.uleb128 0x1
 625 025e 30       		.byte	0x30
 626 025f 00       		.byte	0
 627 0260 0D       		.uleb128 0xd
 628 0261 28000000 		.4byte	.LVL6
 629 0265 34050000 		.4byte	0x534
 630 0269 73020000 		.4byte	0x273
 631 026d 0E       		.uleb128 0xe
 632 026e 01       		.uleb128 0x1
 633 026f 50       		.byte	0x50
 634 0270 01       		.uleb128 0x1
 635 0271 36       		.byte	0x36
 636 0272 00       		.byte	0
 637 0273 0D       		.uleb128 0xd
 638 0274 2E000000 		.4byte	.LVL7
 639 0278 45050000 		.4byte	0x545
 640 027c 86020000 		.4byte	0x286
 641 0280 0E       		.uleb128 0xe
 642 0281 01       		.uleb128 0x1
 643 0282 50       		.byte	0x50
 644 0283 01       		.uleb128 0x1
 645 0284 36       		.byte	0x36
 646 0285 00       		.byte	0
 647 0286 0D       		.uleb128 0xd
 648 0287 34000000 		.4byte	.LVL8
 649 028b 56050000 		.4byte	0x556
 650 028f 99020000 		.4byte	0x299
 651 0293 0E       		.uleb128 0xe
 652 0294 01       		.uleb128 0x1
 653 0295 50       		.byte	0x50
 654 0296 01       		.uleb128 0x1
 655 0297 36       		.byte	0x36
 656 0298 00       		.byte	0
 657 0299 0C       		.uleb128 0xc
 658 029a 38000000 		.4byte	.LVL9
 659 029e 67050000 		.4byte	0x567
 660 02a2 0C       		.uleb128 0xc
 661 02a3 3C000000 		.4byte	.LVL10
 662 02a7 6E050000 		.4byte	0x56e
 663 02ab 0D       		.uleb128 0xd
 664 02ac 44000000 		.4byte	.LVL11
 665 02b0 75050000 		.4byte	0x575
 666 02b4 C3020000 		.4byte	0x2c3
 667 02b8 0E       		.uleb128 0xe
 668 02b9 01       		.uleb128 0x1
 669 02ba 51       		.byte	0x51
 670 02bb 01       		.uleb128 0x1
 671 02bc 31       		.byte	0x31
ARM GAS  C:\Users\JAVIER~1\AppData\Local\Temp\ccefopLJ.s 			page 18


 672 02bd 0E       		.uleb128 0xe
 673 02be 01       		.uleb128 0x1
 674 02bf 50       		.byte	0x50
 675 02c0 01       		.uleb128 0x1
 676 02c1 30       		.byte	0x30
 677 02c2 00       		.byte	0
 678 02c3 0C       		.uleb128 0xc
 679 02c4 48000000 		.4byte	.LVL12
 680 02c8 8C050000 		.4byte	0x58c
 681 02cc 00       		.byte	0
 682 02cd 0F       		.uleb128 0xf
 683 02ce 70040000 		.4byte	.LASF94
 684 02d2 01       		.byte	0x1
 685 02d3 54       		.byte	0x54
 686 02d4 5D000000 		.4byte	0x5d
 687 02d8 00000000 		.4byte	.LFB37
 688 02dc 0C010000 		.4byte	.LFE37-.LFB37
 689 02e0 01       		.uleb128 0x1
 690 02e1 9C       		.byte	0x9c
 691 02e2 A3040000 		.4byte	0x4a3
 692 02e6 10       		.uleb128 0x10
 693 02e7 A7050000 		.4byte	.LASF57
 694 02eb 01       		.byte	0x1
 695 02ec 56       		.byte	0x56
 696 02ed 42010000 		.4byte	0x142
 697 02f1 00000000 		.4byte	.LLST0
 698 02f5 10       		.uleb128 0x10
 699 02f6 E5050000 		.4byte	.LASF58
 700 02fa 01       		.byte	0x1
 701 02fb 57       		.byte	0x57
 702 02fc 83000000 		.4byte	0x83
 703 0300 13000000 		.4byte	.LLST1
 704 0304 10       		.uleb128 0x10
 705 0305 14050000 		.4byte	.LASF59
 706 0309 01       		.byte	0x1
 707 030a 57       		.byte	0x57
 708 030b 83000000 		.4byte	0x83
 709 030f 31000000 		.4byte	.LLST2
 710 0313 10       		.uleb128 0x10
 711 0314 C7010000 		.4byte	.LASF60
 712 0318 01       		.byte	0x1
 713 0319 58       		.byte	0x58
 714 031a 83000000 		.4byte	0x83
 715 031e 7D000000 		.4byte	.LLST3
 716 0322 10       		.uleb128 0x10
 717 0323 2D040000 		.4byte	.LASF61
 718 0327 01       		.byte	0x1
 719 0328 59       		.byte	0x59
 720 0329 A3040000 		.4byte	0x4a3
 721 032d B3000000 		.4byte	.LLST4
 722 0331 0C       		.uleb128 0xc
 723 0332 08000000 		.4byte	.LVL14
 724 0336 F6010000 		.4byte	0x1f6
 725 033a 0C       		.uleb128 0xc
 726 033b 12000000 		.4byte	.LVL16
 727 033f 93050000 		.4byte	0x593
 728 0343 0C       		.uleb128 0xc
ARM GAS  C:\Users\JAVIER~1\AppData\Local\Temp\ccefopLJ.s 			page 19


 729 0344 1A000000 		.4byte	.LVL17
 730 0348 9F050000 		.4byte	0x59f
 731 034c 0D       		.uleb128 0xd
 732 034d 28000000 		.4byte	.LVL20
 733 0351 E9040000 		.4byte	0x4e9
 734 0355 63030000 		.4byte	0x363
 735 0359 0E       		.uleb128 0xe
 736 035a 01       		.uleb128 0x1
 737 035b 50       		.byte	0x50
 738 035c 05       		.uleb128 0x5
 739 035d 03       		.byte	0x3
 740 035e 18000000 		.4byte	.LC2
 741 0362 00       		.byte	0
 742 0363 0D       		.uleb128 0xd
 743 0364 30000000 		.4byte	.LVL21
 744 0368 1E050000 		.4byte	0x51e
 745 036c 7D030000 		.4byte	0x37d
 746 0370 0E       		.uleb128 0xe
 747 0371 01       		.uleb128 0x1
 748 0372 51       		.byte	0x51
 749 0373 03       		.uleb128 0x3
 750 0374 0A       		.byte	0xa
 751 0375 606D     		.2byte	0x6d60
 752 0377 0E       		.uleb128 0xe
 753 0378 01       		.uleb128 0x1
 754 0379 50       		.byte	0x50
 755 037a 01       		.uleb128 0x1
 756 037b 30       		.byte	0x30
 757 037c 00       		.byte	0
 758 037d 0C       		.uleb128 0xc
 759 037e 3E000000 		.4byte	.LVL24
 760 0382 AB050000 		.4byte	0x5ab
 761 0386 0C       		.uleb128 0xc
 762 0387 4A000000 		.4byte	.LVL25
 763 038b B6050000 		.4byte	0x5b6
 764 038f 0C       		.uleb128 0xc
 765 0390 4E000000 		.4byte	.LVL26
 766 0394 BD050000 		.4byte	0x5bd
 767 0398 0C       		.uleb128 0xc
 768 0399 54000000 		.4byte	.LVL28
 769 039d 8C050000 		.4byte	0x58c
 770 03a1 0D       		.uleb128 0xd
 771 03a2 5A000000 		.4byte	.LVL29
 772 03a6 C8050000 		.4byte	0x5c8
 773 03aa B5030000 		.4byte	0x3b5
 774 03ae 0E       		.uleb128 0xe
 775 03af 01       		.uleb128 0x1
 776 03b0 50       		.byte	0x50
 777 03b1 02       		.uleb128 0x2
 778 03b2 77       		.byte	0x77
 779 03b3 00       		.sleb128 0
 780 03b4 00       		.byte	0
 781 03b5 0D       		.uleb128 0xd
 782 03b6 60000000 		.4byte	.LVL31
 783 03ba DD050000 		.4byte	0x5dd
 784 03be C9030000 		.4byte	0x3c9
 785 03c2 0E       		.uleb128 0xe
ARM GAS  C:\Users\JAVIER~1\AppData\Local\Temp\ccefopLJ.s 			page 20


 786 03c3 01       		.uleb128 0x1
 787 03c4 50       		.byte	0x50
 788 03c5 02       		.uleb128 0x2
 789 03c6 77       		.byte	0x77
 790 03c7 00       		.sleb128 0
 791 03c8 00       		.byte	0
 792 03c9 0D       		.uleb128 0xd
 793 03ca 66000000 		.4byte	.LVL32
 794 03ce EE050000 		.4byte	0x5ee
 795 03d2 DD030000 		.4byte	0x3dd
 796 03d6 0E       		.uleb128 0xe
 797 03d7 01       		.uleb128 0x1
 798 03d8 50       		.byte	0x50
 799 03d9 02       		.uleb128 0x2
 800 03da 77       		.byte	0x77
 801 03db 00       		.sleb128 0
 802 03dc 00       		.byte	0
 803 03dd 0D       		.uleb128 0xd
 804 03de 70000000 		.4byte	.LVL33
 805 03e2 FF050000 		.4byte	0x5ff
 806 03e6 F0030000 		.4byte	0x3f0
 807 03ea 0E       		.uleb128 0xe
 808 03eb 01       		.uleb128 0x1
 809 03ec 50       		.byte	0x50
 810 03ed 01       		.uleb128 0x1
 811 03ee 31       		.byte	0x31
 812 03ef 00       		.byte	0
 813 03f0 0C       		.uleb128 0xc
 814 03f1 7A000000 		.4byte	.LVL34
 815 03f5 FF050000 		.4byte	0x5ff
 816 03f9 0D       		.uleb128 0xd
 817 03fa 8A000000 		.4byte	.LVL36
 818 03fe 1E050000 		.4byte	0x51e
 819 0402 13040000 		.4byte	0x413
 820 0406 0E       		.uleb128 0xe
 821 0407 01       		.uleb128 0x1
 822 0408 51       		.byte	0x51
 823 0409 03       		.uleb128 0x3
 824 040a 0A       		.byte	0xa
 825 040b 606D     		.2byte	0x6d60
 826 040d 0E       		.uleb128 0xe
 827 040e 01       		.uleb128 0x1
 828 040f 50       		.byte	0x50
 829 0410 01       		.uleb128 0x1
 830 0411 33       		.byte	0x33
 831 0412 00       		.byte	0
 832 0413 0D       		.uleb128 0xd
 833 0414 90000000 		.4byte	.LVL37
 834 0418 E9040000 		.4byte	0x4e9
 835 041c 2A040000 		.4byte	0x42a
 836 0420 0E       		.uleb128 0xe
 837 0421 01       		.uleb128 0x1
 838 0422 50       		.byte	0x50
 839 0423 05       		.uleb128 0x5
 840 0424 03       		.byte	0x3
 841 0425 2C000000 		.4byte	.LC5
 842 0429 00       		.byte	0
ARM GAS  C:\Users\JAVIER~1\AppData\Local\Temp\ccefopLJ.s 			page 21


 843 042a 0D       		.uleb128 0xd
 844 042b A2000000 		.4byte	.LVL39
 845 042f 15060000 		.4byte	0x615
 846 0433 42040000 		.4byte	0x442
 847 0437 0E       		.uleb128 0xe
 848 0438 01       		.uleb128 0x1
 849 0439 52       		.byte	0x52
 850 043a 01       		.uleb128 0x1
 851 043b 38       		.byte	0x38
 852 043c 0E       		.uleb128 0xe
 853 043d 01       		.uleb128 0x1
 854 043e 50       		.byte	0x50
 855 043f 01       		.uleb128 0x1
 856 0440 31       		.byte	0x31
 857 0441 00       		.byte	0
 858 0442 0D       		.uleb128 0xd
 859 0443 AC000000 		.4byte	.LVL40
 860 0447 15060000 		.4byte	0x615
 861 044b 5A040000 		.4byte	0x45a
 862 044f 0E       		.uleb128 0xe
 863 0450 01       		.uleb128 0x1
 864 0451 52       		.byte	0x52
 865 0452 01       		.uleb128 0x1
 866 0453 34       		.byte	0x34
 867 0454 0E       		.uleb128 0xe
 868 0455 01       		.uleb128 0x1
 869 0456 50       		.byte	0x50
 870 0457 01       		.uleb128 0x1
 871 0458 32       		.byte	0x32
 872 0459 00       		.byte	0
 873 045a 0D       		.uleb128 0xd
 874 045b C8000000 		.4byte	.LVL44
 875 045f 31060000 		.4byte	0x631
 876 0463 6D040000 		.4byte	0x46d
 877 0467 0E       		.uleb128 0xe
 878 0468 01       		.uleb128 0x1
 879 0469 50       		.byte	0x50
 880 046a 01       		.uleb128 0x1
 881 046b 31       		.byte	0x31
 882 046c 00       		.byte	0
 883 046d 0D       		.uleb128 0xd
 884 046e D4000000 		.4byte	.LVL45
 885 0472 15060000 		.4byte	0x615
 886 0476 80040000 		.4byte	0x480
 887 047a 0E       		.uleb128 0xe
 888 047b 01       		.uleb128 0x1
 889 047c 52       		.byte	0x52
 890 047d 01       		.uleb128 0x1
 891 047e 38       		.byte	0x38
 892 047f 00       		.byte	0
 893 0480 0D       		.uleb128 0xd
 894 0481 DE000000 		.4byte	.LVL47
 895 0485 31060000 		.4byte	0x631
 896 0489 93040000 		.4byte	0x493
 897 048d 0E       		.uleb128 0xe
 898 048e 01       		.uleb128 0x1
 899 048f 50       		.byte	0x50
ARM GAS  C:\Users\JAVIER~1\AppData\Local\Temp\ccefopLJ.s 			page 22


 900 0490 01       		.uleb128 0x1
 901 0491 32       		.byte	0x32
 902 0492 00       		.byte	0
 903 0493 11       		.uleb128 0x11
 904 0494 EC000000 		.4byte	.LVL48
 905 0498 15060000 		.4byte	0x615
 906 049c 0E       		.uleb128 0xe
 907 049d 01       		.uleb128 0x1
 908 049e 52       		.byte	0x52
 909 049f 01       		.uleb128 0x1
 910 04a0 34       		.byte	0x34
 911 04a1 00       		.byte	0
 912 04a2 00       		.byte	0
 913 04a3 02       		.uleb128 0x2
 914 04a4 01       		.byte	0x1
 915 04a5 02       		.byte	0x2
 916 04a6 91040000 		.4byte	.LASF62
 917 04aa 12       		.uleb128 0x12
 918 04ab 81030000 		.4byte	.LASF63
 919 04af 05       		.byte	0x5
 920 04b0 E102     		.2byte	0x2e1
 921 04b2 BC000000 		.4byte	0xbc
 922 04b6 13       		.uleb128 0x13
 923 04b7 6B000000 		.4byte	0x6b
 924 04bb C1040000 		.4byte	0x4c1
 925 04bf 14       		.uleb128 0x14
 926 04c0 00       		.byte	0
 927 04c1 15       		.uleb128 0x15
 928 04c2 46000000 		.4byte	.LASF64
 929 04c6 01       		.byte	0x1
 930 04c7 3B       		.byte	0x3b
 931 04c8 B6040000 		.4byte	0x4b6
 932 04cc 13       		.uleb128 0x13
 933 04cd 8F000000 		.4byte	0x8f
 934 04d1 D7040000 		.4byte	0x4d7
 935 04d5 14       		.uleb128 0x14
 936 04d6 00       		.byte	0
 937 04d7 15       		.uleb128 0x15
 938 04d8 75040000 		.4byte	.LASF65
 939 04dc 01       		.byte	0x1
 940 04dd 3C       		.byte	0x3c
 941 04de CC040000 		.4byte	0x4cc
 942 04e2 16       		.uleb128 0x16
 943 04e3 95010000 		.4byte	.LASF66
 944 04e7 06       		.byte	0x6
 945 04e8 68       		.byte	0x68
 946 04e9 17       		.uleb128 0x17
 947 04ea A0010000 		.4byte	.LASF70
 948 04ee 0A       		.byte	0xa
 949 04ef 7701     		.2byte	0x177
 950 04f1 FB040000 		.4byte	0x4fb
 951 04f5 18       		.uleb128 0x18
 952 04f6 FB040000 		.4byte	0x4fb
 953 04fa 00       		.byte	0
 954 04fb 06       		.uleb128 0x6
 955 04fc 04       		.byte	0x4
 956 04fd 01050000 		.4byte	0x501
ARM GAS  C:\Users\JAVIER~1\AppData\Local\Temp\ccefopLJ.s 			page 23


 957 0501 07       		.uleb128 0x7
 958 0502 A9000000 		.4byte	0xa9
 959 0506 19       		.uleb128 0x19
 960 0507 A3030000 		.4byte	.LASF67
 961 050b 07       		.byte	0x7
 962 050c 3201     		.2byte	0x132
 963 050e 19       		.uleb128 0x19
 964 050f CA020000 		.4byte	.LASF68
 965 0513 08       		.byte	0x8
 966 0514 3201     		.2byte	0x132
 967 0516 19       		.uleb128 0x19
 968 0517 7F010000 		.4byte	.LASF69
 969 051b 09       		.byte	0x9
 970 051c 3201     		.2byte	0x132
 971 051e 1A       		.uleb128 0x1a
 972 051f 1D060000 		.4byte	.LASF71
 973 0523 04       		.byte	0x4
 974 0524 68       		.byte	0x68
 975 0525 34050000 		.4byte	0x534
 976 0529 18       		.uleb128 0x18
 977 052a 8C010000 		.4byte	0x18c
 978 052e 18       		.uleb128 0x18
 979 052f EB010000 		.4byte	0x1eb
 980 0533 00       		.byte	0
 981 0534 1A       		.uleb128 0x1a
 982 0535 96000000 		.4byte	.LASF72
 983 0539 0B       		.byte	0xb
 984 053a 36       		.byte	0x36
 985 053b 45050000 		.4byte	0x545
 986 053f 18       		.uleb128 0x18
 987 0540 6B000000 		.4byte	0x6b
 988 0544 00       		.byte	0
 989 0545 1A       		.uleb128 0x1a
 990 0546 F5040000 		.4byte	.LASF73
 991 054a 0C       		.byte	0xc
 992 054b 36       		.byte	0x36
 993 054c 56050000 		.4byte	0x556
 994 0550 18       		.uleb128 0x18
 995 0551 6B000000 		.4byte	0x6b
 996 0555 00       		.byte	0
 997 0556 1A       		.uleb128 0x1a
 998 0557 00000000 		.4byte	.LASF74
 999 055b 0D       		.byte	0xd
 1000 055c 36       		.byte	0x36
 1001 055d 67050000 		.4byte	0x567
 1002 0561 18       		.uleb128 0x18
 1003 0562 6B000000 		.4byte	0x6b
 1004 0566 00       		.byte	0
 1005 0567 16       		.uleb128 0x16
 1006 0568 F9030000 		.4byte	.LASF75
 1007 056c 0E       		.byte	0xe
 1008 056d A1       		.byte	0xa1
 1009 056e 16       		.uleb128 0x16
 1010 056f 6C000000 		.4byte	.LASF76
 1011 0573 0F       		.byte	0xf
 1012 0574 B0       		.byte	0xb0
 1013 0575 17       		.uleb128 0x17
ARM GAS  C:\Users\JAVIER~1\AppData\Local\Temp\ccefopLJ.s 			page 24


 1014 0576 D9050000 		.4byte	.LASF77
 1015 057a 05       		.byte	0x5
 1016 057b 3701     		.2byte	0x137
 1017 057d 8C050000 		.4byte	0x58c
 1018 0581 18       		.uleb128 0x18
 1019 0582 6B000000 		.4byte	0x6b
 1020 0586 18       		.uleb128 0x18
 1021 0587 6B000000 		.4byte	0x6b
 1022 058b 00       		.byte	0
 1023 058c 16       		.uleb128 0x16
 1024 058d EB010000 		.4byte	.LASF78
 1025 0591 0E       		.byte	0xe
 1026 0592 AA       		.byte	0xaa
 1027 0593 1B       		.uleb128 0x1b
 1028 0594 25020000 		.4byte	.LASF79
 1029 0598 05       		.byte	0x5
 1030 0599 5501     		.2byte	0x155
 1031 059b 6B000000 		.4byte	0x6b
 1032 059f 1B       		.uleb128 0x1b
 1033 05a0 55000000 		.4byte	.LASF80
 1034 05a4 05       		.byte	0x5
 1035 05a5 3A01     		.2byte	0x13a
 1036 05a7 6B000000 		.4byte	0x6b
 1037 05ab 1C       		.uleb128 0x1c
 1038 05ac 6E050000 		.4byte	.LASF81
 1039 05b0 0E       		.byte	0xe
 1040 05b1 A7       		.byte	0xa7
 1041 05b2 83000000 		.4byte	0x83
 1042 05b6 16       		.uleb128 0x16
 1043 05b7 D5040000 		.4byte	.LASF82
 1044 05bb 0F       		.byte	0xf
 1045 05bc B4       		.byte	0xb4
 1046 05bd 1C       		.uleb128 0x1c
 1047 05be 1A000000 		.4byte	.LASF83
 1048 05c2 0F       		.byte	0xf
 1049 05c3 DC       		.byte	0xdc
 1050 05c4 83000000 		.4byte	0x83
 1051 05c8 1D       		.uleb128 0x1d
 1052 05c9 15040000 		.4byte	.LASF86
 1053 05cd 03       		.byte	0x3
 1054 05ce D0       		.byte	0xd0
 1055 05cf 42010000 		.4byte	0x142
 1056 05d3 DD050000 		.4byte	0x5dd
 1057 05d7 18       		.uleb128 0x18
 1058 05d8 6B000000 		.4byte	0x6b
 1059 05dc 00       		.byte	0
 1060 05dd 1A       		.uleb128 0x1a
 1061 05de 97040000 		.4byte	.LASF84
 1062 05e2 04       		.byte	0x4
 1063 05e3 67       		.byte	0x67
 1064 05e4 EE050000 		.4byte	0x5ee
 1065 05e8 18       		.uleb128 0x18
 1066 05e9 42010000 		.4byte	0x142
 1067 05ed 00       		.byte	0
 1068 05ee 1A       		.uleb128 0x1a
 1069 05ef 6F020000 		.4byte	.LASF85
 1070 05f3 10       		.byte	0x10
ARM GAS  C:\Users\JAVIER~1\AppData\Local\Temp\ccefopLJ.s 			page 25


 1071 05f4 98       		.byte	0x98
 1072 05f5 FF050000 		.4byte	0x5ff
 1073 05f9 18       		.uleb128 0x18
 1074 05fa 42010000 		.4byte	0x142
 1075 05fe 00       		.byte	0
 1076 05ff 1E       		.uleb128 0x1e
 1077 0600 B3010000 		.4byte	.LASF87
 1078 0604 05       		.byte	0x5
 1079 0605 4601     		.2byte	0x146
 1080 0607 6B000000 		.4byte	0x6b
 1081 060b 15060000 		.4byte	0x615
 1082 060f 18       		.uleb128 0x18
 1083 0610 6B000000 		.4byte	0x6b
 1084 0614 00       		.byte	0
 1085 0615 17       		.uleb128 0x17
 1086 0616 2B050000 		.4byte	.LASF88
 1087 061a 05       		.byte	0x5
 1088 061b 3F01     		.2byte	0x13f
 1089 061d 31060000 		.4byte	0x631
 1090 0621 18       		.uleb128 0x18
 1091 0622 6B000000 		.4byte	0x6b
 1092 0626 18       		.uleb128 0x18
 1093 0627 C8000000 		.4byte	0xc8
 1094 062b 18       		.uleb128 0x18
 1095 062c 77000000 		.4byte	0x77
 1096 0630 00       		.byte	0
 1097 0631 1F       		.uleb128 0x1f
 1098 0632 A6020000 		.4byte	.LASF89
 1099 0636 05       		.byte	0x5
 1100 0637 3D01     		.2byte	0x13d
 1101 0639 6B000000 		.4byte	0x6b
 1102 063d 18       		.uleb128 0x18
 1103 063e 6B000000 		.4byte	0x6b
 1104 0642 00       		.byte	0
 1105 0643 00       		.byte	0
 1106              		.section	.debug_abbrev,"",%progbits
 1107              	.Ldebug_abbrev0:
 1108 0000 01       		.uleb128 0x1
 1109 0001 11       		.uleb128 0x11
 1110 0002 01       		.byte	0x1
 1111 0003 25       		.uleb128 0x25
 1112 0004 0E       		.uleb128 0xe
 1113 0005 13       		.uleb128 0x13
 1114 0006 0B       		.uleb128 0xb
 1115 0007 03       		.uleb128 0x3
 1116 0008 0E       		.uleb128 0xe
 1117 0009 1B       		.uleb128 0x1b
 1118 000a 0E       		.uleb128 0xe
 1119 000b 55       		.uleb128 0x55
 1120 000c 17       		.uleb128 0x17
 1121 000d 11       		.uleb128 0x11
 1122 000e 01       		.uleb128 0x1
 1123 000f 10       		.uleb128 0x10
 1124 0010 17       		.uleb128 0x17
 1125 0011 00       		.byte	0
 1126 0012 00       		.byte	0
 1127 0013 02       		.uleb128 0x2
ARM GAS  C:\Users\JAVIER~1\AppData\Local\Temp\ccefopLJ.s 			page 26


 1128 0014 24       		.uleb128 0x24
 1129 0015 00       		.byte	0
 1130 0016 0B       		.uleb128 0xb
 1131 0017 0B       		.uleb128 0xb
 1132 0018 3E       		.uleb128 0x3e
 1133 0019 0B       		.uleb128 0xb
 1134 001a 03       		.uleb128 0x3
 1135 001b 0E       		.uleb128 0xe
 1136 001c 00       		.byte	0
 1137 001d 00       		.byte	0
 1138 001e 03       		.uleb128 0x3
 1139 001f 24       		.uleb128 0x24
 1140 0020 00       		.byte	0
 1141 0021 0B       		.uleb128 0xb
 1142 0022 0B       		.uleb128 0xb
 1143 0023 3E       		.uleb128 0x3e
 1144 0024 0B       		.uleb128 0xb
 1145 0025 03       		.uleb128 0x3
 1146 0026 08       		.uleb128 0x8
 1147 0027 00       		.byte	0
 1148 0028 00       		.byte	0
 1149 0029 04       		.uleb128 0x4
 1150 002a 16       		.uleb128 0x16
 1151 002b 00       		.byte	0
 1152 002c 03       		.uleb128 0x3
 1153 002d 0E       		.uleb128 0xe
 1154 002e 3A       		.uleb128 0x3a
 1155 002f 0B       		.uleb128 0xb
 1156 0030 3B       		.uleb128 0x3b
 1157 0031 05       		.uleb128 0x5
 1158 0032 49       		.uleb128 0x49
 1159 0033 13       		.uleb128 0x13
 1160 0034 00       		.byte	0
 1161 0035 00       		.byte	0
 1162 0036 05       		.uleb128 0x5
 1163 0037 35       		.uleb128 0x35
 1164 0038 00       		.byte	0
 1165 0039 49       		.uleb128 0x49
 1166 003a 13       		.uleb128 0x13
 1167 003b 00       		.byte	0
 1168 003c 00       		.byte	0
 1169 003d 06       		.uleb128 0x6
 1170 003e 0F       		.uleb128 0xf
 1171 003f 00       		.byte	0
 1172 0040 0B       		.uleb128 0xb
 1173 0041 0B       		.uleb128 0xb
 1174 0042 49       		.uleb128 0x49
 1175 0043 13       		.uleb128 0x13
 1176 0044 00       		.byte	0
 1177 0045 00       		.byte	0
 1178 0046 07       		.uleb128 0x7
 1179 0047 26       		.uleb128 0x26
 1180 0048 00       		.byte	0
 1181 0049 49       		.uleb128 0x49
 1182 004a 13       		.uleb128 0x13
 1183 004b 00       		.byte	0
 1184 004c 00       		.byte	0
ARM GAS  C:\Users\JAVIER~1\AppData\Local\Temp\ccefopLJ.s 			page 27


 1185 004d 08       		.uleb128 0x8
 1186 004e 04       		.uleb128 0x4
 1187 004f 01       		.byte	0x1
 1188 0050 0B       		.uleb128 0xb
 1189 0051 0B       		.uleb128 0xb
 1190 0052 3A       		.uleb128 0x3a
 1191 0053 0B       		.uleb128 0xb
 1192 0054 3B       		.uleb128 0x3b
 1193 0055 0B       		.uleb128 0xb
 1194 0056 01       		.uleb128 0x1
 1195 0057 13       		.uleb128 0x13
 1196 0058 00       		.byte	0
 1197 0059 00       		.byte	0
 1198 005a 09       		.uleb128 0x9
 1199 005b 28       		.uleb128 0x28
 1200 005c 00       		.byte	0
 1201 005d 03       		.uleb128 0x3
 1202 005e 0E       		.uleb128 0xe
 1203 005f 1C       		.uleb128 0x1c
 1204 0060 0D       		.uleb128 0xd
 1205 0061 00       		.byte	0
 1206 0062 00       		.byte	0
 1207 0063 0A       		.uleb128 0xa
 1208 0064 16       		.uleb128 0x16
 1209 0065 00       		.byte	0
 1210 0066 03       		.uleb128 0x3
 1211 0067 0E       		.uleb128 0xe
 1212 0068 3A       		.uleb128 0x3a
 1213 0069 0B       		.uleb128 0xb
 1214 006a 3B       		.uleb128 0x3b
 1215 006b 0B       		.uleb128 0xb
 1216 006c 49       		.uleb128 0x49
 1217 006d 13       		.uleb128 0x13
 1218 006e 00       		.byte	0
 1219 006f 00       		.byte	0
 1220 0070 0B       		.uleb128 0xb
 1221 0071 2E       		.uleb128 0x2e
 1222 0072 01       		.byte	0x1
 1223 0073 03       		.uleb128 0x3
 1224 0074 0E       		.uleb128 0xe
 1225 0075 3A       		.uleb128 0x3a
 1226 0076 0B       		.uleb128 0xb
 1227 0077 3B       		.uleb128 0x3b
 1228 0078 0B       		.uleb128 0xb
 1229 0079 27       		.uleb128 0x27
 1230 007a 19       		.uleb128 0x19
 1231 007b 11       		.uleb128 0x11
 1232 007c 01       		.uleb128 0x1
 1233 007d 12       		.uleb128 0x12
 1234 007e 06       		.uleb128 0x6
 1235 007f 40       		.uleb128 0x40
 1236 0080 18       		.uleb128 0x18
 1237 0081 9742     		.uleb128 0x2117
 1238 0083 19       		.uleb128 0x19
 1239 0084 01       		.uleb128 0x1
 1240 0085 13       		.uleb128 0x13
 1241 0086 00       		.byte	0
ARM GAS  C:\Users\JAVIER~1\AppData\Local\Temp\ccefopLJ.s 			page 28


 1242 0087 00       		.byte	0
 1243 0088 0C       		.uleb128 0xc
 1244 0089 898201   		.uleb128 0x4109
 1245 008c 00       		.byte	0
 1246 008d 11       		.uleb128 0x11
 1247 008e 01       		.uleb128 0x1
 1248 008f 31       		.uleb128 0x31
 1249 0090 13       		.uleb128 0x13
 1250 0091 00       		.byte	0
 1251 0092 00       		.byte	0
 1252 0093 0D       		.uleb128 0xd
 1253 0094 898201   		.uleb128 0x4109
 1254 0097 01       		.byte	0x1
 1255 0098 11       		.uleb128 0x11
 1256 0099 01       		.uleb128 0x1
 1257 009a 31       		.uleb128 0x31
 1258 009b 13       		.uleb128 0x13
 1259 009c 01       		.uleb128 0x1
 1260 009d 13       		.uleb128 0x13
 1261 009e 00       		.byte	0
 1262 009f 00       		.byte	0
 1263 00a0 0E       		.uleb128 0xe
 1264 00a1 8A8201   		.uleb128 0x410a
 1265 00a4 00       		.byte	0
 1266 00a5 02       		.uleb128 0x2
 1267 00a6 18       		.uleb128 0x18
 1268 00a7 9142     		.uleb128 0x2111
 1269 00a9 18       		.uleb128 0x18
 1270 00aa 00       		.byte	0
 1271 00ab 00       		.byte	0
 1272 00ac 0F       		.uleb128 0xf
 1273 00ad 2E       		.uleb128 0x2e
 1274 00ae 01       		.byte	0x1
 1275 00af 3F       		.uleb128 0x3f
 1276 00b0 19       		.uleb128 0x19
 1277 00b1 03       		.uleb128 0x3
 1278 00b2 0E       		.uleb128 0xe
 1279 00b3 3A       		.uleb128 0x3a
 1280 00b4 0B       		.uleb128 0xb
 1281 00b5 3B       		.uleb128 0x3b
 1282 00b6 0B       		.uleb128 0xb
 1283 00b7 49       		.uleb128 0x49
 1284 00b8 13       		.uleb128 0x13
 1285 00b9 11       		.uleb128 0x11
 1286 00ba 01       		.uleb128 0x1
 1287 00bb 12       		.uleb128 0x12
 1288 00bc 06       		.uleb128 0x6
 1289 00bd 40       		.uleb128 0x40
 1290 00be 18       		.uleb128 0x18
 1291 00bf 9742     		.uleb128 0x2117
 1292 00c1 19       		.uleb128 0x19
 1293 00c2 01       		.uleb128 0x1
 1294 00c3 13       		.uleb128 0x13
 1295 00c4 00       		.byte	0
 1296 00c5 00       		.byte	0
 1297 00c6 10       		.uleb128 0x10
 1298 00c7 34       		.uleb128 0x34
ARM GAS  C:\Users\JAVIER~1\AppData\Local\Temp\ccefopLJ.s 			page 29


 1299 00c8 00       		.byte	0
 1300 00c9 03       		.uleb128 0x3
 1301 00ca 0E       		.uleb128 0xe
 1302 00cb 3A       		.uleb128 0x3a
 1303 00cc 0B       		.uleb128 0xb
 1304 00cd 3B       		.uleb128 0x3b
 1305 00ce 0B       		.uleb128 0xb
 1306 00cf 49       		.uleb128 0x49
 1307 00d0 13       		.uleb128 0x13
 1308 00d1 02       		.uleb128 0x2
 1309 00d2 17       		.uleb128 0x17
 1310 00d3 00       		.byte	0
 1311 00d4 00       		.byte	0
 1312 00d5 11       		.uleb128 0x11
 1313 00d6 898201   		.uleb128 0x4109
 1314 00d9 01       		.byte	0x1
 1315 00da 11       		.uleb128 0x11
 1316 00db 01       		.uleb128 0x1
 1317 00dc 31       		.uleb128 0x31
 1318 00dd 13       		.uleb128 0x13
 1319 00de 00       		.byte	0
 1320 00df 00       		.byte	0
 1321 00e0 12       		.uleb128 0x12
 1322 00e1 34       		.uleb128 0x34
 1323 00e2 00       		.byte	0
 1324 00e3 03       		.uleb128 0x3
 1325 00e4 0E       		.uleb128 0xe
 1326 00e5 3A       		.uleb128 0x3a
 1327 00e6 0B       		.uleb128 0xb
 1328 00e7 3B       		.uleb128 0x3b
 1329 00e8 05       		.uleb128 0x5
 1330 00e9 49       		.uleb128 0x49
 1331 00ea 13       		.uleb128 0x13
 1332 00eb 3F       		.uleb128 0x3f
 1333 00ec 19       		.uleb128 0x19
 1334 00ed 3C       		.uleb128 0x3c
 1335 00ee 19       		.uleb128 0x19
 1336 00ef 00       		.byte	0
 1337 00f0 00       		.byte	0
 1338 00f1 13       		.uleb128 0x13
 1339 00f2 01       		.uleb128 0x1
 1340 00f3 01       		.byte	0x1
 1341 00f4 49       		.uleb128 0x49
 1342 00f5 13       		.uleb128 0x13
 1343 00f6 01       		.uleb128 0x1
 1344 00f7 13       		.uleb128 0x13
 1345 00f8 00       		.byte	0
 1346 00f9 00       		.byte	0
 1347 00fa 14       		.uleb128 0x14
 1348 00fb 21       		.uleb128 0x21
 1349 00fc 00       		.byte	0
 1350 00fd 00       		.byte	0
 1351 00fe 00       		.byte	0
 1352 00ff 15       		.uleb128 0x15
 1353 0100 34       		.uleb128 0x34
 1354 0101 00       		.byte	0
 1355 0102 03       		.uleb128 0x3
ARM GAS  C:\Users\JAVIER~1\AppData\Local\Temp\ccefopLJ.s 			page 30


 1356 0103 0E       		.uleb128 0xe
 1357 0104 3A       		.uleb128 0x3a
 1358 0105 0B       		.uleb128 0xb
 1359 0106 3B       		.uleb128 0x3b
 1360 0107 0B       		.uleb128 0xb
 1361 0108 49       		.uleb128 0x49
 1362 0109 13       		.uleb128 0x13
 1363 010a 3F       		.uleb128 0x3f
 1364 010b 19       		.uleb128 0x19
 1365 010c 3C       		.uleb128 0x3c
 1366 010d 19       		.uleb128 0x19
 1367 010e 00       		.byte	0
 1368 010f 00       		.byte	0
 1369 0110 16       		.uleb128 0x16
 1370 0111 2E       		.uleb128 0x2e
 1371 0112 00       		.byte	0
 1372 0113 3F       		.uleb128 0x3f
 1373 0114 19       		.uleb128 0x19
 1374 0115 03       		.uleb128 0x3
 1375 0116 0E       		.uleb128 0xe
 1376 0117 3A       		.uleb128 0x3a
 1377 0118 0B       		.uleb128 0xb
 1378 0119 3B       		.uleb128 0x3b
 1379 011a 0B       		.uleb128 0xb
 1380 011b 27       		.uleb128 0x27
 1381 011c 19       		.uleb128 0x19
 1382 011d 3C       		.uleb128 0x3c
 1383 011e 19       		.uleb128 0x19
 1384 011f 00       		.byte	0
 1385 0120 00       		.byte	0
 1386 0121 17       		.uleb128 0x17
 1387 0122 2E       		.uleb128 0x2e
 1388 0123 01       		.byte	0x1
 1389 0124 3F       		.uleb128 0x3f
 1390 0125 19       		.uleb128 0x19
 1391 0126 03       		.uleb128 0x3
 1392 0127 0E       		.uleb128 0xe
 1393 0128 3A       		.uleb128 0x3a
 1394 0129 0B       		.uleb128 0xb
 1395 012a 3B       		.uleb128 0x3b
 1396 012b 05       		.uleb128 0x5
 1397 012c 27       		.uleb128 0x27
 1398 012d 19       		.uleb128 0x19
 1399 012e 3C       		.uleb128 0x3c
 1400 012f 19       		.uleb128 0x19
 1401 0130 01       		.uleb128 0x1
 1402 0131 13       		.uleb128 0x13
 1403 0132 00       		.byte	0
 1404 0133 00       		.byte	0
 1405 0134 18       		.uleb128 0x18
 1406 0135 05       		.uleb128 0x5
 1407 0136 00       		.byte	0
 1408 0137 49       		.uleb128 0x49
 1409 0138 13       		.uleb128 0x13
 1410 0139 00       		.byte	0
 1411 013a 00       		.byte	0
 1412 013b 19       		.uleb128 0x19
ARM GAS  C:\Users\JAVIER~1\AppData\Local\Temp\ccefopLJ.s 			page 31


 1413 013c 2E       		.uleb128 0x2e
 1414 013d 00       		.byte	0
 1415 013e 3F       		.uleb128 0x3f
 1416 013f 19       		.uleb128 0x19
 1417 0140 03       		.uleb128 0x3
 1418 0141 0E       		.uleb128 0xe
 1419 0142 3A       		.uleb128 0x3a
 1420 0143 0B       		.uleb128 0xb
 1421 0144 3B       		.uleb128 0x3b
 1422 0145 05       		.uleb128 0x5
 1423 0146 27       		.uleb128 0x27
 1424 0147 19       		.uleb128 0x19
 1425 0148 3C       		.uleb128 0x3c
 1426 0149 19       		.uleb128 0x19
 1427 014a 00       		.byte	0
 1428 014b 00       		.byte	0
 1429 014c 1A       		.uleb128 0x1a
 1430 014d 2E       		.uleb128 0x2e
 1431 014e 01       		.byte	0x1
 1432 014f 3F       		.uleb128 0x3f
 1433 0150 19       		.uleb128 0x19
 1434 0151 03       		.uleb128 0x3
 1435 0152 0E       		.uleb128 0xe
 1436 0153 3A       		.uleb128 0x3a
 1437 0154 0B       		.uleb128 0xb
 1438 0155 3B       		.uleb128 0x3b
 1439 0156 0B       		.uleb128 0xb
 1440 0157 27       		.uleb128 0x27
 1441 0158 19       		.uleb128 0x19
 1442 0159 3C       		.uleb128 0x3c
 1443 015a 19       		.uleb128 0x19
 1444 015b 01       		.uleb128 0x1
 1445 015c 13       		.uleb128 0x13
 1446 015d 00       		.byte	0
 1447 015e 00       		.byte	0
 1448 015f 1B       		.uleb128 0x1b
 1449 0160 2E       		.uleb128 0x2e
 1450 0161 00       		.byte	0
 1451 0162 3F       		.uleb128 0x3f
 1452 0163 19       		.uleb128 0x19
 1453 0164 03       		.uleb128 0x3
 1454 0165 0E       		.uleb128 0xe
 1455 0166 3A       		.uleb128 0x3a
 1456 0167 0B       		.uleb128 0xb
 1457 0168 3B       		.uleb128 0x3b
 1458 0169 05       		.uleb128 0x5
 1459 016a 27       		.uleb128 0x27
 1460 016b 19       		.uleb128 0x19
 1461 016c 49       		.uleb128 0x49
 1462 016d 13       		.uleb128 0x13
 1463 016e 3C       		.uleb128 0x3c
 1464 016f 19       		.uleb128 0x19
 1465 0170 00       		.byte	0
 1466 0171 00       		.byte	0
 1467 0172 1C       		.uleb128 0x1c
 1468 0173 2E       		.uleb128 0x2e
 1469 0174 00       		.byte	0
ARM GAS  C:\Users\JAVIER~1\AppData\Local\Temp\ccefopLJ.s 			page 32


 1470 0175 3F       		.uleb128 0x3f
 1471 0176 19       		.uleb128 0x19
 1472 0177 03       		.uleb128 0x3
 1473 0178 0E       		.uleb128 0xe
 1474 0179 3A       		.uleb128 0x3a
 1475 017a 0B       		.uleb128 0xb
 1476 017b 3B       		.uleb128 0x3b
 1477 017c 0B       		.uleb128 0xb
 1478 017d 27       		.uleb128 0x27
 1479 017e 19       		.uleb128 0x19
 1480 017f 49       		.uleb128 0x49
 1481 0180 13       		.uleb128 0x13
 1482 0181 3C       		.uleb128 0x3c
 1483 0182 19       		.uleb128 0x19
 1484 0183 00       		.byte	0
 1485 0184 00       		.byte	0
 1486 0185 1D       		.uleb128 0x1d
 1487 0186 2E       		.uleb128 0x2e
 1488 0187 01       		.byte	0x1
 1489 0188 3F       		.uleb128 0x3f
 1490 0189 19       		.uleb128 0x19
 1491 018a 03       		.uleb128 0x3
 1492 018b 0E       		.uleb128 0xe
 1493 018c 3A       		.uleb128 0x3a
 1494 018d 0B       		.uleb128 0xb
 1495 018e 3B       		.uleb128 0x3b
 1496 018f 0B       		.uleb128 0xb
 1497 0190 27       		.uleb128 0x27
 1498 0191 19       		.uleb128 0x19
 1499 0192 49       		.uleb128 0x49
 1500 0193 13       		.uleb128 0x13
 1501 0194 3C       		.uleb128 0x3c
 1502 0195 19       		.uleb128 0x19
 1503 0196 01       		.uleb128 0x1
 1504 0197 13       		.uleb128 0x13
 1505 0198 00       		.byte	0
 1506 0199 00       		.byte	0
 1507 019a 1E       		.uleb128 0x1e
 1508 019b 2E       		.uleb128 0x2e
 1509 019c 01       		.byte	0x1
 1510 019d 3F       		.uleb128 0x3f
 1511 019e 19       		.uleb128 0x19
 1512 019f 03       		.uleb128 0x3
 1513 01a0 0E       		.uleb128 0xe
 1514 01a1 3A       		.uleb128 0x3a
 1515 01a2 0B       		.uleb128 0xb
 1516 01a3 3B       		.uleb128 0x3b
 1517 01a4 05       		.uleb128 0x5
 1518 01a5 27       		.uleb128 0x27
 1519 01a6 19       		.uleb128 0x19
 1520 01a7 49       		.uleb128 0x49
 1521 01a8 13       		.uleb128 0x13
 1522 01a9 3C       		.uleb128 0x3c
 1523 01aa 19       		.uleb128 0x19
 1524 01ab 01       		.uleb128 0x1
 1525 01ac 13       		.uleb128 0x13
 1526 01ad 00       		.byte	0
ARM GAS  C:\Users\JAVIER~1\AppData\Local\Temp\ccefopLJ.s 			page 33


 1527 01ae 00       		.byte	0
 1528 01af 1F       		.uleb128 0x1f
 1529 01b0 2E       		.uleb128 0x2e
 1530 01b1 01       		.byte	0x1
 1531 01b2 3F       		.uleb128 0x3f
 1532 01b3 19       		.uleb128 0x19
 1533 01b4 03       		.uleb128 0x3
 1534 01b5 0E       		.uleb128 0xe
 1535 01b6 3A       		.uleb128 0x3a
 1536 01b7 0B       		.uleb128 0xb
 1537 01b8 3B       		.uleb128 0x3b
 1538 01b9 05       		.uleb128 0x5
 1539 01ba 27       		.uleb128 0x27
 1540 01bb 19       		.uleb128 0x19
 1541 01bc 49       		.uleb128 0x49
 1542 01bd 13       		.uleb128 0x13
 1543 01be 3C       		.uleb128 0x3c
 1544 01bf 19       		.uleb128 0x19
 1545 01c0 00       		.byte	0
 1546 01c1 00       		.byte	0
 1547 01c2 00       		.byte	0
 1548              		.section	.debug_loc,"",%progbits
 1549              	.Ldebug_loc0:
 1550              	.LLST0:
 1551 0000 5C000000 		.4byte	.LVL30
 1552 0004 5F000000 		.4byte	.LVL31-1
 1553 0008 0100     		.2byte	0x1
 1554 000a 50       		.byte	0x50
 1555 000b 00000000 		.4byte	0
 1556 000f 00000000 		.4byte	0
 1557              	.LLST1:
 1558 0013 50000000 		.4byte	.LVL27
 1559 0017 53000000 		.4byte	.LVL28-1
 1560 001b 0100     		.2byte	0x1
 1561 001d 50       		.byte	0x50
 1562 001e 53000000 		.4byte	.LVL28-1
 1563 0022 5C000000 		.4byte	.LVL30
 1564 0026 0100     		.2byte	0x1
 1565 0028 57       		.byte	0x57
 1566 0029 00000000 		.4byte	0
 1567 002d 00000000 		.4byte	0
 1568              	.LLST2:
 1569 0031 02000000 		.4byte	.LVL13
 1570 0035 0E000000 		.4byte	.LVL15
 1571 0039 0200     		.2byte	0x2
 1572 003b 30       		.byte	0x30
 1573 003c 9F       		.byte	0x9f
 1574 003d 0E000000 		.4byte	.LVL15
 1575 0041 1C000000 		.4byte	.LVL18
 1576 0045 0100     		.2byte	0x1
 1577 0047 54       		.byte	0x54
 1578 0048 1C000000 		.4byte	.LVL18
 1579 004c 1E000000 		.4byte	.LVL19
 1580 0050 0100     		.2byte	0x1
 1581 0052 50       		.byte	0x50
 1582 0053 1E000000 		.4byte	.LVL19
 1583 0057 30000000 		.4byte	.LVL21
ARM GAS  C:\Users\JAVIER~1\AppData\Local\Temp\ccefopLJ.s 			page 34


 1584 005b 0100     		.2byte	0x1
 1585 005d 54       		.byte	0x54
 1586 005e 30000000 		.4byte	.LVL21
 1587 0062 3A000000 		.4byte	.LVL23
 1588 0066 0200     		.2byte	0x2
 1589 0068 30       		.byte	0x30
 1590 0069 9F       		.byte	0x9f
 1591 006a 3A000000 		.4byte	.LVL23
 1592 006e 0C010000 		.4byte	.LFE37
 1593 0072 0100     		.2byte	0x1
 1594 0074 54       		.byte	0x54
 1595 0075 00000000 		.4byte	0
 1596 0079 00000000 		.4byte	0
 1597              	.LLST3:
 1598 007d 02000000 		.4byte	.LVL13
 1599 0081 0E000000 		.4byte	.LVL15
 1600 0085 0200     		.2byte	0x2
 1601 0087 33       		.byte	0x33
 1602 0088 9F       		.byte	0x9f
 1603 0089 0E000000 		.4byte	.LVL15
 1604 008d 36000000 		.4byte	.LVL22
 1605 0091 0100     		.2byte	0x1
 1606 0093 56       		.byte	0x56
 1607 0094 36000000 		.4byte	.LVL22
 1608 0098 3A000000 		.4byte	.LVL23
 1609 009c 0200     		.2byte	0x2
 1610 009e 33       		.byte	0x33
 1611 009f 9F       		.byte	0x9f
 1612 00a0 3A000000 		.4byte	.LVL23
 1613 00a4 0C010000 		.4byte	.LFE37
 1614 00a8 0100     		.2byte	0x1
 1615 00aa 56       		.byte	0x56
 1616 00ab 00000000 		.4byte	0
 1617 00af 00000000 		.4byte	0
 1618              	.LLST4:
 1619 00b3 02000000 		.4byte	.LVL13
 1620 00b7 0E000000 		.4byte	.LVL15
 1621 00bb 0200     		.2byte	0x2
 1622 00bd 30       		.byte	0x30
 1623 00be 9F       		.byte	0x9f
 1624 00bf 0E000000 		.4byte	.LVL15
 1625 00c3 82000000 		.4byte	.LVL35
 1626 00c7 0100     		.2byte	0x1
 1627 00c9 55       		.byte	0x55
 1628 00ca 82000000 		.4byte	.LVL35
 1629 00ce 94000000 		.4byte	.LVL38
 1630 00d2 0200     		.2byte	0x2
 1631 00d4 31       		.byte	0x31
 1632 00d5 9F       		.byte	0x9f
 1633 00d6 94000000 		.4byte	.LVL38
 1634 00da B6000000 		.4byte	.LVL41
 1635 00de 0100     		.2byte	0x1
 1636 00e0 55       		.byte	0x55
 1637 00e1 B8000000 		.4byte	.LVL42
 1638 00e5 0C010000 		.4byte	.LFE37
 1639 00e9 0100     		.2byte	0x1
 1640 00eb 55       		.byte	0x55
ARM GAS  C:\Users\JAVIER~1\AppData\Local\Temp\ccefopLJ.s 			page 35


 1641 00ec 00000000 		.4byte	0
 1642 00f0 00000000 		.4byte	0
 1643              		.section	.debug_aranges,"",%progbits
 1644 0000 24000000 		.4byte	0x24
 1645 0004 0200     		.2byte	0x2
 1646 0006 00000000 		.4byte	.Ldebug_info0
 1647 000a 04       		.byte	0x4
 1648 000b 00       		.byte	0
 1649 000c 0000     		.2byte	0
 1650 000e 0000     		.2byte	0
 1651 0010 00000000 		.4byte	.LFB38
 1652 0014 50000000 		.4byte	.LFE38-.LFB38
 1653 0018 00000000 		.4byte	.LFB37
 1654 001c 0C010000 		.4byte	.LFE37-.LFB37
 1655 0020 00000000 		.4byte	0
 1656 0024 00000000 		.4byte	0
 1657              		.section	.debug_ranges,"",%progbits
 1658              	.Ldebug_ranges0:
 1659 0000 00000000 		.4byte	.LFB38
 1660 0004 50000000 		.4byte	.LFE38
 1661 0008 00000000 		.4byte	.LFB37
 1662 000c 0C010000 		.4byte	.LFE37
 1663 0010 00000000 		.4byte	0
 1664 0014 00000000 		.4byte	0
 1665              		.section	.debug_line,"",%progbits
 1666              	.Ldebug_line0:
 1667 0000 98010000 		.section	.debug_str,"MS",%progbits,1
 1667      02001B01 
 1667      00000201 
 1667      FB0E0D00 
 1667      01010101 
 1668              	.LASF74:
 1669 0000 50696E5F 		.ascii	"Pin_GreenLED_SetDriveMode\000"
 1669      47726565 
 1669      6E4C4544 
 1669      5F536574 
 1669      44726976 
 1670              	.LASF83:
 1671 001a 43617053 		.ascii	"CapSense_CheckIsAnyWidgetActive\000"
 1671      656E7365 
 1671      5F436865 
 1671      636B4973 
 1671      416E7957 
 1672              	.LASF44:
 1673 003a 434F4C4F 		.ascii	"COLOR_WHITE\000"
 1673      525F5748 
 1673      49544500 
 1674              	.LASF64:
 1675 0046 6B657962 		.ascii	"keyboardReport\000"
 1675      6F617264 
 1675      5265706F 
 1675      727400
 1676              	.LASF80:
 1677 0055 55534246 		.ascii	"USBFS_GetConfiguration\000"
 1677      535F4765 
 1677      74436F6E 
 1677      66696775 
ARM GAS  C:\Users\JAVIER~1\AppData\Local\Temp\ccefopLJ.s 			page 36


 1677      72617469 
 1678              	.LASF76:
 1679 006c 43617053 		.ascii	"CapSense_InitializeAllBaselines\000"
 1679      656E7365 
 1679      5F496E69 
 1679      7469616C 
 1679      697A6541 
 1680              	.LASF2:
 1681 008c 73686F72 		.ascii	"short int\000"
 1681      7420696E 
 1681      7400
 1682              	.LASF72:
 1683 0096 50696E5F 		.ascii	"Pin_BlueLED_SetDriveMode\000"
 1683      426C7565 
 1683      4C45445F 
 1683      53657444 
 1683      72697665 
 1684              	.LASF30:
 1685 00af 47455354 		.ascii	"GESTURE_OUTER_CLKWISE\000"
 1685      5552455F 
 1685      4F555445 
 1685      525F434C 
 1685      4B574953 
 1686              	.LASF15:
 1687 00c5 63686172 		.ascii	"char8\000"
 1687      3800
 1688              	.LASF46:
 1689 00cb 42524947 		.ascii	"BRIGHT_LEVEL_0\000"
 1689      48545F4C 
 1689      4556454C 
 1689      5F3000
 1690              	.LASF47:
 1691 00da 42524947 		.ascii	"BRIGHT_LEVEL_1\000"
 1691      48545F4C 
 1691      4556454C 
 1691      5F3100
 1692              	.LASF48:
 1693 00e9 42524947 		.ascii	"BRIGHT_LEVEL_2\000"
 1693      48545F4C 
 1693      4556454C 
 1693      5F3200
 1694              	.LASF93:
 1695 00f8 496E6974 		.ascii	"InitSystem\000"
 1695      53797374 
 1695      656D00
 1696              	.LASF50:
 1697 0103 42524947 		.ascii	"BRIGHT_LEVEL_4\000"
 1697      48545F4C 
 1697      4556454C 
 1697      5F3400
 1698              	.LASF51:
 1699 0112 42524947 		.ascii	"BRIGHT_LEVEL_5\000"
 1699      48545F4C 
 1699      4556454C 
 1699      5F3500
 1700              	.LASF52:
 1701 0121 42524947 		.ascii	"BRIGHT_LEVEL_6\000"
ARM GAS  C:\Users\JAVIER~1\AppData\Local\Temp\ccefopLJ.s 			page 37


 1701      48545F4C 
 1701      4556454C 
 1701      5F3600
 1702              	.LASF53:
 1703 0130 42524947 		.ascii	"BRIGHT_LEVEL_7\000"
 1703      48545F4C 
 1703      4556454C 
 1703      5F3700
 1704              	.LASF54:
 1705 013f 42524947 		.ascii	"BRIGHT_LEVEL_8\000"
 1705      48545F4C 
 1705      4556454C 
 1705      5F3800
 1706              	.LASF55:
 1707 014e 42524947 		.ascii	"BRIGHT_LEVEL_9\000"
 1707      48545F4C 
 1707      4556454C 
 1707      5F3900
 1708              	.LASF23:
 1709 015d 47455354 		.ascii	"GESTURE_LEFT_SWIPE\000"
 1709      5552455F 
 1709      4C454654 
 1709      5F535749 
 1709      504500
 1710              	.LASF49:
 1711 0170 42524947 		.ascii	"BRIGHT_LEVEL_3\000"
 1711      48545F4C 
 1711      4556454C 
 1711      5F3300
 1712              	.LASF69:
 1713 017f 50574D5F 		.ascii	"PWM_Blue_Start\000"
 1713      426C7565 
 1713      5F537461 
 1713      727400
 1714              	.LASF10:
 1715 018e 75696E74 		.ascii	"uint16\000"
 1715      313600
 1716              	.LASF66:
 1717 0195 55415254 		.ascii	"UART_Start\000"
 1717      5F537461 
 1717      727400
 1718              	.LASF70:
 1719 01a0 55415254 		.ascii	"UART_UartPutString\000"
 1719      5F556172 
 1719      74507574 
 1719      53747269 
 1719      6E6700
 1720              	.LASF87:
 1721 01b3 55534246 		.ascii	"USBFS_GetEPAckState\000"
 1721      535F4765 
 1721      74455041 
 1721      636B5374 
 1721      61746500 
 1722              	.LASF60:
 1723 01c7 75736244 		.ascii	"usbDataSentFlag\000"
 1723      61746153 
 1723      656E7446 
ARM GAS  C:\Users\JAVIER~1\AppData\Local\Temp\ccefopLJ.s 			page 38


 1723      6C616700 
 1724              	.LASF24:
 1725 01d7 47455354 		.ascii	"GESTURE_RIGHT_SWIPE\000"
 1725      5552455F 
 1725      52494748 
 1725      545F5357 
 1725      49504500 
 1726              	.LASF78:
 1727 01eb 43617053 		.ascii	"CapSense_ScanEnabledWidgets\000"
 1727      656E7365 
 1727      5F536361 
 1727      6E456E61 
 1727      626C6564 
 1728              	.LASF31:
 1729 0207 47455354 		.ascii	"GESTURE_OUTER_COUNTER_CLKWISE\000"
 1729      5552455F 
 1729      4F555445 
 1729      525F434F 
 1729      554E5445 
 1730              	.LASF79:
 1731 0225 55534246 		.ascii	"USBFS_VBusPresent\000"
 1731      535F5642 
 1731      75735072 
 1731      6573656E 
 1731      7400
 1732              	.LASF20:
 1733 0237 47455354 		.ascii	"GESTURE_LEFT_CLICK\000"
 1733      5552455F 
 1733      4C454654 
 1733      5F434C49 
 1733      434B00
 1734              	.LASF0:
 1735 024a 7369676E 		.ascii	"signed char\000"
 1735      65642063 
 1735      68617200 
 1736              	.LASF13:
 1737 0256 666C6F61 		.ascii	"float\000"
 1737      7400
 1738              	.LASF6:
 1739 025c 6C6F6E67 		.ascii	"long long int\000"
 1739      206C6F6E 
 1739      6720696E 
 1739      7400
 1740              	.LASF12:
 1741 026a 696E7438 		.ascii	"int8\000"
 1741      00
 1742              	.LASF85:
 1743 026f 436F6E76 		.ascii	"ConvertGestureToHidReport\000"
 1743      65727447 
 1743      65737475 
 1743      7265546F 
 1743      48696452 
 1744              	.LASF21:
 1745 0289 47455354 		.ascii	"GESTURE_RIGHT_CLICK\000"
 1745      5552455F 
 1745      52494748 
 1745      545F434C 
ARM GAS  C:\Users\JAVIER~1\AppData\Local\Temp\ccefopLJ.s 			page 39


 1745      49434B00 
 1746              	.LASF4:
 1747 029d 6C6F6E67 		.ascii	"long int\000"
 1747      20696E74 
 1747      00
 1748              	.LASF89:
 1749 02a6 55534246 		.ascii	"USBFS_GetEPState\000"
 1749      535F4765 
 1749      74455053 
 1749      74617465 
 1749      00
 1750              	.LASF33:
 1751 02b7 47455354 		.ascii	"GESTURE_DOWN_CLICK\000"
 1751      5552455F 
 1751      444F574E 
 1751      5F434C49 
 1751      434B00
 1752              	.LASF68:
 1753 02ca 50574D5F 		.ascii	"PWM_Green_Start\000"
 1753      47726565 
 1753      6E5F5374 
 1753      61727400 
 1754              	.LASF26:
 1755 02da 47455354 		.ascii	"GESTURE_DOWN_SWIPE\000"
 1755      5552455F 
 1755      444F574E 
 1755      5F535749 
 1755      504500
 1756              	.LASF90:
 1757 02ed 474E5520 		.ascii	"GNU C 4.9.3 20150303 (release) [ARM/embedded-4_9-br"
 1757      4320342E 
 1757      392E3320 
 1757      32303135 
 1757      30333033 
 1758 0320 616E6368 		.ascii	"anch revision 221220] -mcpu=cortex-m0 -mthumb -g -O"
 1758      20726576 
 1758      6973696F 
 1758      6E203232 
 1758      31323230 
 1759 0353 67202D66 		.ascii	"g -ffunction-sections -ffat-lto-objects\000"
 1759      66756E63 
 1759      74696F6E 
 1759      2D736563 
 1759      74696F6E 
 1760              	.LASF9:
 1761 037b 75696E74 		.ascii	"uint8\000"
 1761      3800
 1762              	.LASF63:
 1763 0381 55534246 		.ascii	"USBFS_configuration\000"
 1763      535F636F 
 1763      6E666967 
 1763      75726174 
 1763      696F6E00 
 1764              	.LASF1:
 1765 0395 756E7369 		.ascii	"unsigned char\000"
 1765      676E6564 
 1765      20636861 
ARM GAS  C:\Users\JAVIER~1\AppData\Local\Temp\ccefopLJ.s 			page 40


 1765      7200
 1766              	.LASF67:
 1767 03a3 50574D5F 		.ascii	"PWM_Red_Start\000"
 1767      5265645F 
 1767      53746172 
 1767      7400
 1768              	.LASF39:
 1769 03b1 434F4C4F 		.ascii	"COLOR_BLUE\000"
 1769      525F424C 
 1769      554500
 1770              	.LASF40:
 1771 03bc 434F4C4F 		.ascii	"COLOR_GREEN\000"
 1771      525F4752 
 1771      45454E00 
 1772              	.LASF56:
 1773 03c8 74427269 		.ascii	"tBrightLevel\000"
 1773      6768744C 
 1773      6576656C 
 1773      00
 1774              	.LASF7:
 1775 03d5 6C6F6E67 		.ascii	"long long unsigned int\000"
 1775      206C6F6E 
 1775      6720756E 
 1775      7369676E 
 1775      65642069 
 1776              	.LASF37:
 1777 03ec 434F4C4F 		.ascii	"COLOR_VIOLET\000"
 1777      525F5649 
 1777      4F4C4554 
 1777      00
 1778              	.LASF75:
 1779 03f9 43617053 		.ascii	"CapSense_Start\000"
 1779      656E7365 
 1779      5F537461 
 1779      727400
 1780              	.LASF8:
 1781 0408 756E7369 		.ascii	"unsigned int\000"
 1781      676E6564 
 1781      20696E74 
 1781      00
 1782              	.LASF86:
 1783 0415 44657465 		.ascii	"DetectGesture\000"
 1783      63744765 
 1783      73747572 
 1783      6500
 1784              	.LASF36:
 1785 0423 434F4C4F 		.ascii	"COLOR_OFF\000"
 1785      525F4F46 
 1785      4600
 1786              	.LASF61:
 1787 042d 75736244 		.ascii	"usbDriverInstallationComplete\000"
 1787      72697665 
 1787      72496E73 
 1787      74616C6C 
 1787      6174696F 
 1788              	.LASF3:
 1789 044b 73686F72 		.ascii	"short unsigned int\000"
ARM GAS  C:\Users\JAVIER~1\AppData\Local\Temp\ccefopLJ.s 			page 41


 1789      7420756E 
 1789      7369676E 
 1789      65642069 
 1789      6E7400
 1790              	.LASF18:
 1791 045e 47455354 		.ascii	"GESTURE_NONE\000"
 1791      5552455F 
 1791      4E4F4E45 
 1791      00
 1792              	.LASF16:
 1793 046b 63686172 		.ascii	"char\000"
 1793      00
 1794              	.LASF94:
 1795 0470 6D61696E 		.ascii	"main\000"
 1795      00
 1796              	.LASF65:
 1797 0475 6D6F7573 		.ascii	"mouseReport\000"
 1797      65526570 
 1797      6F727400 
 1798              	.LASF19:
 1799 0481 47455354 		.ascii	"GESTURE_RELEASE\000"
 1799      5552455F 
 1799      52454C45 
 1799      41534500 
 1800              	.LASF62:
 1801 0491 5F426F6F 		.ascii	"_Bool\000"
 1801      6C00
 1802              	.LASF84:
 1803 0497 55706461 		.ascii	"UpdateLedColor\000"
 1803      74654C65 
 1803      64436F6C 
 1803      6F7200
 1804              	.LASF27:
 1805 04a6 47455354 		.ascii	"GESTURE_OUTWARD_SWIPE\000"
 1805      5552455F 
 1805      4F555457 
 1805      4152445F 
 1805      53574950 
 1806              	.LASF11:
 1807 04bc 75696E74 		.ascii	"uint32\000"
 1807      333200
 1808              	.LASF5:
 1809 04c3 6C6F6E67 		.ascii	"long unsigned int\000"
 1809      20756E73 
 1809      69676E65 
 1809      6420696E 
 1809      7400
 1810              	.LASF82:
 1811 04d5 43617053 		.ascii	"CapSense_UpdateEnabledBaselines\000"
 1811      656E7365 
 1811      5F557064 
 1811      61746545 
 1811      6E61626C 
 1812              	.LASF73:
 1813 04f5 50696E5F 		.ascii	"Pin_RedLED_SetDriveMode\000"
 1813      5265644C 
 1813      45445F53 
ARM GAS  C:\Users\JAVIER~1\AppData\Local\Temp\ccefopLJ.s 			page 42


 1813      65744472 
 1813      6976654D 
 1814              	.LASF14:
 1815 050d 646F7562 		.ascii	"double\000"
 1815      6C6500
 1816              	.LASF59:
 1817 0514 75736244 		.ascii	"usbDeviceConfiguration\000"
 1817      65766963 
 1817      65436F6E 
 1817      66696775 
 1817      72617469 
 1818              	.LASF88:
 1819 052b 55534246 		.ascii	"USBFS_LoadInEP\000"
 1819      535F4C6F 
 1819      6164496E 
 1819      455000
 1820              	.LASF42:
 1821 053a 434F4C4F 		.ascii	"COLOR_ORANGE\000"
 1821      525F4F52 
 1821      414E4745 
 1821      00
 1822              	.LASF91:
 1823 0547 2E5C6D61 		.ascii	".\\main.c\000"
 1823      696E2E63 
 1823      00
 1824              	.LASF25:
 1825 0550 47455354 		.ascii	"GESTURE_UP_SWIPE\000"
 1825      5552455F 
 1825      55505F53 
 1825      57495045 
 1825      00
 1826              	.LASF38:
 1827 0561 434F4C4F 		.ascii	"COLOR_INDIGO\000"
 1827      525F494E 
 1827      4449474F 
 1827      00
 1828              	.LASF81:
 1829 056e 43617053 		.ascii	"CapSense_IsBusy\000"
 1829      656E7365 
 1829      5F497342 
 1829      75737900 
 1830              	.LASF45:
 1831 057e 744C6564 		.ascii	"tLedColor\000"
 1831      436F6C6F 
 1831      7200
 1832              	.LASF17:
 1833 0588 73697A65 		.ascii	"sizetype\000"
 1833      74797065 
 1833      00
 1834              	.LASF28:
 1835 0591 47455354 		.ascii	"GESTURE_INNER_CLKWISE\000"
 1835      5552455F 
 1835      494E4E45 
 1835      525F434C 
 1835      4B574953 
 1836              	.LASF57:
 1837 05a7 67657374 		.ascii	"gestureId\000"
ARM GAS  C:\Users\JAVIER~1\AppData\Local\Temp\ccefopLJ.s 			page 43


 1837      75726549 
 1837      6400
 1838              	.LASF29:
 1839 05b1 47455354 		.ascii	"GESTURE_INNER_COUNTER_CLKWISE\000"
 1839      5552455F 
 1839      494E4E45 
 1839      525F434F 
 1839      554E5445 
 1840              	.LASF43:
 1841 05cf 434F4C4F 		.ascii	"COLOR_RED\000"
 1841      525F5245 
 1841      4400
 1842              	.LASF77:
 1843 05d9 55534246 		.ascii	"USBFS_Start\000"
 1843      535F5374 
 1843      61727400 
 1844              	.LASF58:
 1845 05e5 6973416E 		.ascii	"isAnySensorActive\000"
 1845      7953656E 
 1845      736F7241 
 1845      63746976 
 1845      6500
 1846              	.LASF32:
 1847 05f7 47455354 		.ascii	"GESTURE_UP_CLICK\000"
 1847      5552455F 
 1847      55505F43 
 1847      4C49434B 
 1847      00
 1848              	.LASF22:
 1849 0608 47455354 		.ascii	"GESTURE_MIDDLE_CLICK\000"
 1849      5552455F 
 1849      4D494444 
 1849      4C455F43 
 1849      4C49434B 
 1850              	.LASF71:
 1851 061d 5365744C 		.ascii	"SetLedColor\000"
 1851      6564436F 
 1851      6C6F7200 
 1852              	.LASF35:
 1853 0629 74476573 		.ascii	"tGestureId\000"
 1853      74757265 
 1853      496400
 1854              	.LASF34:
 1855 0634 47455354 		.ascii	"GESTURE_INVALID\000"
 1855      5552455F 
 1855      494E5641 
 1855      4C494400 
 1856              	.LASF41:
 1857 0644 434F4C4F 		.ascii	"COLOR_YELLOW\000"
 1857      525F5945 
 1857      4C4C4F57 
 1857      00
 1858              	.LASF92:
 1859 0651 433A5C55 		.ascii	"C:\\Users\\Javier Barragan\\Documents\\PSoC Creator"
 1859      73657273 
 1859      5C4A6176 
 1859      69657220 
ARM GAS  C:\Users\JAVIER~1\AppData\Local\Temp\ccefopLJ.s 			page 44


 1859      42617272 
 1860 0680 5C435938 		.ascii	"\\CY8CKIT_046_USB_Mouse\\CY8CKIT_046_USB_Mouse.cyds"
 1860      434B4954 
 1860      5F303436 
 1860      5F555342 
 1860      5F4D6F75 
 1861 06b1 6E00     		.ascii	"n\000"
 1862              		.ident	"GCC: (GNU Tools for ARM Embedded Processors) 4.9.3 20150303 (release) [ARM/embedded-4_9-br
