ARM GAS  C:\Users\JAVIER~1\AppData\Local\Temp\cceCV4a0.s 			page 1


   1              		.cpu cortex-m0
   2              		.fpu softvfp
   3              		.eabi_attribute 20, 1
   4              		.eabi_attribute 21, 1
   5              		.eabi_attribute 23, 3
   6              		.eabi_attribute 24, 1
   7              		.eabi_attribute 25, 1
   8              		.eabi_attribute 26, 1
   9              		.eabi_attribute 30, 1
  10              		.eabi_attribute 34, 0
  11              		.eabi_attribute 18, 4
  12              		.code	16
  13              		.file	"USBFS_pm.c"
  14              		.text
  15              	.Ltext0:
  16              		.cfi_sections	.debug_frame
  17              		.section	.text.USBFS_DP_ISR,"ax",%progbits
  18              		.align	2
  19              		.global	USBFS_DP_ISR
  20              		.code	16
  21              		.thumb_func
  22              		.type	USBFS_DP_ISR, %function
  23              	USBFS_DP_ISR:
  24              	.LFB2:
  25              		.file 1 ".\\Generated_Source\\PSoC4\\USBFS_pm.c"
   1:.\Generated_Source\PSoC4/USBFS_pm.c **** /***************************************************************************//**
   2:.\Generated_Source\PSoC4/USBFS_pm.c **** * \file USBFS_pm.c
   3:.\Generated_Source\PSoC4/USBFS_pm.c **** * \version 3.0
   4:.\Generated_Source\PSoC4/USBFS_pm.c **** *
   5:.\Generated_Source\PSoC4/USBFS_pm.c **** * \brief
   6:.\Generated_Source\PSoC4/USBFS_pm.c **** *  This file provides Suspend/Resume APIs implementation.
   7:.\Generated_Source\PSoC4/USBFS_pm.c **** *
   8:.\Generated_Source\PSoC4/USBFS_pm.c **** ********************************************************************************
   9:.\Generated_Source\PSoC4/USBFS_pm.c **** * \copyright
  10:.\Generated_Source\PSoC4/USBFS_pm.c **** * Copyright 2008-2015, Cypress Semiconductor Corporation.  All rights reserved.
  11:.\Generated_Source\PSoC4/USBFS_pm.c **** * You may use this file only in accordance with the license, terms, conditions,
  12:.\Generated_Source\PSoC4/USBFS_pm.c **** * disclaimers, and limitations in the end user license agreement accompanying
  13:.\Generated_Source\PSoC4/USBFS_pm.c **** * the software package with which this file was provided.
  14:.\Generated_Source\PSoC4/USBFS_pm.c **** *******************************************************************************/
  15:.\Generated_Source\PSoC4/USBFS_pm.c **** 
  16:.\Generated_Source\PSoC4/USBFS_pm.c **** #include "USBFS_pvt.h"
  17:.\Generated_Source\PSoC4/USBFS_pm.c **** #include "USBFS_Dp.h"
  18:.\Generated_Source\PSoC4/USBFS_pm.c **** 
  19:.\Generated_Source\PSoC4/USBFS_pm.c **** 
  20:.\Generated_Source\PSoC4/USBFS_pm.c **** /***************************************
  21:.\Generated_Source\PSoC4/USBFS_pm.c **** * Custom Declarations
  22:.\Generated_Source\PSoC4/USBFS_pm.c **** ***************************************/
  23:.\Generated_Source\PSoC4/USBFS_pm.c **** /* `#START PM_CUSTOM_DECLARATIONS` Place your declaration here */
  24:.\Generated_Source\PSoC4/USBFS_pm.c **** 
  25:.\Generated_Source\PSoC4/USBFS_pm.c **** /* `#END` */
  26:.\Generated_Source\PSoC4/USBFS_pm.c **** 
  27:.\Generated_Source\PSoC4/USBFS_pm.c **** 
  28:.\Generated_Source\PSoC4/USBFS_pm.c **** /***************************************
  29:.\Generated_Source\PSoC4/USBFS_pm.c **** * Local data allocation
  30:.\Generated_Source\PSoC4/USBFS_pm.c **** ***************************************/
  31:.\Generated_Source\PSoC4/USBFS_pm.c **** 
  32:.\Generated_Source\PSoC4/USBFS_pm.c **** static USBFS_BACKUP_STRUCT  USBFS_backup;
ARM GAS  C:\Users\JAVIER~1\AppData\Local\Temp\cceCV4a0.s 			page 2


  33:.\Generated_Source\PSoC4/USBFS_pm.c **** 
  34:.\Generated_Source\PSoC4/USBFS_pm.c **** #if (USBFS_DP_ISR_ACTIVE)
  35:.\Generated_Source\PSoC4/USBFS_pm.c ****     /*******************************************************************************
  36:.\Generated_Source\PSoC4/USBFS_pm.c ****     * Function Name: USBFS_DP_ISR
  37:.\Generated_Source\PSoC4/USBFS_pm.c ****     ****************************************************************************//**
  38:.\Generated_Source\PSoC4/USBFS_pm.c ****     *
  39:.\Generated_Source\PSoC4/USBFS_pm.c ****     *  This Interrupt Service Routine handles DP pin changes for wake-up from
  40:.\Generated_Source\PSoC4/USBFS_pm.c ****     *  the sleep mode.
  41:.\Generated_Source\PSoC4/USBFS_pm.c ****     *
  42:.\Generated_Source\PSoC4/USBFS_pm.c ****     *******************************************************************************/
  43:.\Generated_Source\PSoC4/USBFS_pm.c ****     CY_ISR(USBFS_DP_ISR)
  44:.\Generated_Source\PSoC4/USBFS_pm.c ****     {
  26              		.loc 1 44 0
  27              		.cfi_startproc
  28 0000 08B5     		push	{r3, lr}
  29              		.cfi_def_cfa_offset 8
  30              		.cfi_offset 3, -8
  31              		.cfi_offset 14, -4
  45:.\Generated_Source\PSoC4/USBFS_pm.c ****     #ifdef USBFS_DP_ISR_ENTRY_CALLBACK
  46:.\Generated_Source\PSoC4/USBFS_pm.c ****         USBFS_DP_ISR_EntryCallback();
  47:.\Generated_Source\PSoC4/USBFS_pm.c ****     #endif /* (USBFS_DP_ISR_ENTRY_CALLBACK) */
  48:.\Generated_Source\PSoC4/USBFS_pm.c **** 
  49:.\Generated_Source\PSoC4/USBFS_pm.c ****         /* `#START DP_USER_CODE` Place your code here */
  50:.\Generated_Source\PSoC4/USBFS_pm.c **** 
  51:.\Generated_Source\PSoC4/USBFS_pm.c ****         /* `#END` */
  52:.\Generated_Source\PSoC4/USBFS_pm.c **** 
  53:.\Generated_Source\PSoC4/USBFS_pm.c ****         (void) USBFS_Dp_ClearInterrupt();
  32              		.loc 1 53 0
  33 0002 FFF7FEFF 		bl	USBFS_Dp_ClearInterrupt
  34              	.LVL0:
  54:.\Generated_Source\PSoC4/USBFS_pm.c **** 		
  55:.\Generated_Source\PSoC4/USBFS_pm.c **** 	#ifdef USBFS_DP_ISR_EXIT_CALLBACK
  56:.\Generated_Source\PSoC4/USBFS_pm.c ****         USBFS_DP_ISR_ExitCallback();
  57:.\Generated_Source\PSoC4/USBFS_pm.c ****     #endif /* (USBFS_DP_ISR_EXIT_CALLBACK) */
  58:.\Generated_Source\PSoC4/USBFS_pm.c ****     }
  35              		.loc 1 58 0
  36              		@ sp needed
  37 0006 08BD     		pop	{r3, pc}
  38              		.cfi_endproc
  39              	.LFE2:
  40              		.size	USBFS_DP_ISR, .-USBFS_DP_ISR
  41              		.section	.text.USBFS_SaveConfig,"ax",%progbits
  42              		.align	2
  43              		.global	USBFS_SaveConfig
  44              		.code	16
  45              		.thumb_func
  46              		.type	USBFS_SaveConfig, %function
  47              	USBFS_SaveConfig:
  48              	.LFB3:
  59:.\Generated_Source\PSoC4/USBFS_pm.c **** #endif /* (USBFS_DP_ISR_ACTIVE) */
  60:.\Generated_Source\PSoC4/USBFS_pm.c **** 
  61:.\Generated_Source\PSoC4/USBFS_pm.c **** 
  62:.\Generated_Source\PSoC4/USBFS_pm.c **** /*******************************************************************************
  63:.\Generated_Source\PSoC4/USBFS_pm.c **** * Function Name: USBFS_SaveConfig
  64:.\Generated_Source\PSoC4/USBFS_pm.c **** ****************************************************************************//**
  65:.\Generated_Source\PSoC4/USBFS_pm.c **** *
  66:.\Generated_Source\PSoC4/USBFS_pm.c **** *  Saves the current user configuration.
ARM GAS  C:\Users\JAVIER~1\AppData\Local\Temp\cceCV4a0.s 			page 3


  67:.\Generated_Source\PSoC4/USBFS_pm.c **** *
  68:.\Generated_Source\PSoC4/USBFS_pm.c **** * \reentrant
  69:.\Generated_Source\PSoC4/USBFS_pm.c **** *  No.
  70:.\Generated_Source\PSoC4/USBFS_pm.c **** *
  71:.\Generated_Source\PSoC4/USBFS_pm.c **** *******************************************************************************/
  72:.\Generated_Source\PSoC4/USBFS_pm.c **** void USBFS_SaveConfig(void) 
  73:.\Generated_Source\PSoC4/USBFS_pm.c **** {
  49              		.loc 1 73 0
  50              		.cfi_startproc
  74:.\Generated_Source\PSoC4/USBFS_pm.c ****     /* Empty function added for the compatibility purpose. */
  75:.\Generated_Source\PSoC4/USBFS_pm.c **** }
  51              		.loc 1 75 0
  52              		@ sp needed
  53 0000 7047     		bx	lr
  54              		.cfi_endproc
  55              	.LFE3:
  56              		.size	USBFS_SaveConfig, .-USBFS_SaveConfig
  57 0002 C046     		.section	.text.USBFS_RestoreConfig,"ax",%progbits
  58              		.align	2
  59              		.global	USBFS_RestoreConfig
  60              		.code	16
  61              		.thumb_func
  62              		.type	USBFS_RestoreConfig, %function
  63              	USBFS_RestoreConfig:
  64              	.LFB4:
  76:.\Generated_Source\PSoC4/USBFS_pm.c **** 
  77:.\Generated_Source\PSoC4/USBFS_pm.c **** 
  78:.\Generated_Source\PSoC4/USBFS_pm.c **** /*******************************************************************************
  79:.\Generated_Source\PSoC4/USBFS_pm.c **** * Function Name: USBFS_RestoreConfig
  80:.\Generated_Source\PSoC4/USBFS_pm.c **** ****************************************************************************//**
  81:.\Generated_Source\PSoC4/USBFS_pm.c **** *
  82:.\Generated_Source\PSoC4/USBFS_pm.c **** *  Restores the current user configuration.
  83:.\Generated_Source\PSoC4/USBFS_pm.c **** *
  84:.\Generated_Source\PSoC4/USBFS_pm.c **** * \reentrant
  85:.\Generated_Source\PSoC4/USBFS_pm.c **** *  No.
  86:.\Generated_Source\PSoC4/USBFS_pm.c **** *
  87:.\Generated_Source\PSoC4/USBFS_pm.c **** *******************************************************************************/
  88:.\Generated_Source\PSoC4/USBFS_pm.c **** void USBFS_RestoreConfig(void) 
  89:.\Generated_Source\PSoC4/USBFS_pm.c **** {
  65              		.loc 1 89 0
  66              		.cfi_startproc
  67 0000 08B5     		push	{r3, lr}
  68              		.cfi_def_cfa_offset 8
  69              		.cfi_offset 3, -8
  70              		.cfi_offset 14, -4
  90:.\Generated_Source\PSoC4/USBFS_pm.c ****     if (USBFS_configuration != 0u)
  71              		.loc 1 90 0
  72 0002 044B     		ldr	r3, .L5
  73 0004 1B78     		ldrb	r3, [r3]
  74 0006 002B     		cmp	r3, #0
  75 0008 03D0     		beq	.L3
  91:.\Generated_Source\PSoC4/USBFS_pm.c ****     {
  92:.\Generated_Source\PSoC4/USBFS_pm.c ****         USBFS_ConfigReg();
  76              		.loc 1 92 0
  77 000a FFF7FEFF 		bl	USBFS_ConfigReg
  78              	.LVL1:
  93:.\Generated_Source\PSoC4/USBFS_pm.c ****         USBFS_EpStateInit();
ARM GAS  C:\Users\JAVIER~1\AppData\Local\Temp\cceCV4a0.s 			page 4


  79              		.loc 1 93 0
  80 000e FFF7FEFF 		bl	USBFS_EpStateInit
  81              	.LVL2:
  82              	.L3:
  94:.\Generated_Source\PSoC4/USBFS_pm.c ****     }
  95:.\Generated_Source\PSoC4/USBFS_pm.c **** }
  83              		.loc 1 95 0
  84              		@ sp needed
  85 0012 08BD     		pop	{r3, pc}
  86              	.L6:
  87              		.align	2
  88              	.L5:
  89 0014 00000000 		.word	USBFS_configuration
  90              		.cfi_endproc
  91              	.LFE4:
  92              		.size	USBFS_RestoreConfig, .-USBFS_RestoreConfig
  93              		.section	.text.USBFS_Suspend,"ax",%progbits
  94              		.align	2
  95              		.global	USBFS_Suspend
  96              		.code	16
  97              		.thumb_func
  98              		.type	USBFS_Suspend, %function
  99              	USBFS_Suspend:
 100              	.LFB5:
  96:.\Generated_Source\PSoC4/USBFS_pm.c **** 
  97:.\Generated_Source\PSoC4/USBFS_pm.c **** 
  98:.\Generated_Source\PSoC4/USBFS_pm.c **** /*******************************************************************************
  99:.\Generated_Source\PSoC4/USBFS_pm.c **** * Function Name: USBFS_Suspend
 100:.\Generated_Source\PSoC4/USBFS_pm.c **** ****************************************************************************//**
 101:.\Generated_Source\PSoC4/USBFS_pm.c **** *
 102:.\Generated_Source\PSoC4/USBFS_pm.c **** *  This function prepares the USBFS component to enter low power mode. The 
 103:.\Generated_Source\PSoC4/USBFS_pm.c **** *  interrupt on falling edge on Dp pin is configured to wakeup device when the 
 104:.\Generated_Source\PSoC4/USBFS_pm.c **** *  host drives resume condition. The pull-up is enabled on the Dp line while 
 105:.\Generated_Source\PSoC4/USBFS_pm.c **** *  device is in low power mode. The supported low power modes are Deep Sleep 
 106:.\Generated_Source\PSoC4/USBFS_pm.c **** *  (PSoC 4200L) and Sleep (PSoC 3/ PSoC 5LP).
 107:.\Generated_Source\PSoC4/USBFS_pm.c **** *  
 108:.\Generated_Source\PSoC4/USBFS_pm.c **** *  *Note* For PSoC 4200L devices, this function should not be called before 
 109:.\Generated_Source\PSoC4/USBFS_pm.c **** *  entering Sleep.
 110:.\Generated_Source\PSoC4/USBFS_pm.c **** *  
 111:.\Generated_Source\PSoC4/USBFS_pm.c **** *  *Note* After enter low power mode, the data which is left in the IN or OUT 
 112:.\Generated_Source\PSoC4/USBFS_pm.c **** *  endpoint buffers is not restored after wakeup and lost. Therefore it should 
 113:.\Generated_Source\PSoC4/USBFS_pm.c **** *  be stored in the SRAM for OUT endpoint or read by the host for IN endpoint 
 114:.\Generated_Source\PSoC4/USBFS_pm.c **** *  before enter low power mode.
 115:.\Generated_Source\PSoC4/USBFS_pm.c **** *
 116:.\Generated_Source\PSoC4/USBFS_pm.c **** * \globalvars
 117:.\Generated_Source\PSoC4/USBFS_pm.c **** *  USBFS_backup.enable:  modified.
 118:.\Generated_Source\PSoC4/USBFS_pm.c **** *
 119:.\Generated_Source\PSoC4/USBFS_pm.c **** * \reentrant
 120:.\Generated_Source\PSoC4/USBFS_pm.c **** *  No.
 121:.\Generated_Source\PSoC4/USBFS_pm.c **** *
 122:.\Generated_Source\PSoC4/USBFS_pm.c **** *******************************************************************************/
 123:.\Generated_Source\PSoC4/USBFS_pm.c **** void USBFS_Suspend(void) 
 124:.\Generated_Source\PSoC4/USBFS_pm.c **** {
 101              		.loc 1 124 0
 102              		.cfi_startproc
 103 0000 38B5     		push	{r3, r4, r5, lr}
 104              		.cfi_def_cfa_offset 16
ARM GAS  C:\Users\JAVIER~1\AppData\Local\Temp\cceCV4a0.s 			page 5


 105              		.cfi_offset 3, -16
 106              		.cfi_offset 4, -12
 107              		.cfi_offset 5, -8
 108              		.cfi_offset 14, -4
 125:.\Generated_Source\PSoC4/USBFS_pm.c ****     uint8 enableInterrupts;
 126:.\Generated_Source\PSoC4/USBFS_pm.c **** 
 127:.\Generated_Source\PSoC4/USBFS_pm.c ****     enableInterrupts = CyEnterCriticalSection();
 109              		.loc 1 127 0
 110 0002 FFF7FEFF 		bl	CyEnterCriticalSection
 111              	.LVL3:
 128:.\Generated_Source\PSoC4/USBFS_pm.c **** 
 129:.\Generated_Source\PSoC4/USBFS_pm.c ****     if (0u != (USBFS_CR0_REG & USBFS_CR0_ENABLE))
 112              		.loc 1 129 0
 113 0006 134B     		ldr	r3, .L10
 114 0008 1B68     		ldr	r3, [r3]
 115 000a 1B06     		lsl	r3, r3, #24
 116 000c 13D5     		bpl	.L8
 130:.\Generated_Source\PSoC4/USBFS_pm.c ****     {
 131:.\Generated_Source\PSoC4/USBFS_pm.c ****         /* USB block is enabled. */
 132:.\Generated_Source\PSoC4/USBFS_pm.c ****         USBFS_backup.enableState = 1u;
 117              		.loc 1 132 0
 118 000e 124B     		ldr	r3, .L10+4
 119 0010 0124     		mov	r4, #1
 120 0012 1C70     		strb	r4, [r3]
 133:.\Generated_Source\PSoC4/USBFS_pm.c **** 
 134:.\Generated_Source\PSoC4/USBFS_pm.c ****     #if (USBFS_EP_MANAGEMENT_DMA)
 135:.\Generated_Source\PSoC4/USBFS_pm.c ****         USBFS_Stop_DMA(USBFS_MAX_EP);
 136:.\Generated_Source\PSoC4/USBFS_pm.c ****     #endif /* (USBFS_EP_MANAGEMENT_DMA) */
 137:.\Generated_Source\PSoC4/USBFS_pm.c **** 
 138:.\Generated_Source\PSoC4/USBFS_pm.c ****     #if (CY_PSOC4)
 139:.\Generated_Source\PSoC4/USBFS_pm.c ****         /* Suspend enter sequence. */
 140:.\Generated_Source\PSoC4/USBFS_pm.c ****         USBFS_POWER_CTRL_REG |= (USBFS_POWER_CTRL_SUSPEND |
 121              		.loc 1 140 0
 122 0014 1149     		ldr	r1, .L10+8
 123 0016 0D68     		ldr	r5, [r1]
 124 0018 0C22     		mov	r2, #12
 125 001a 2A43     		orr	r2, r5
 126 001c 0A60     		str	r2, [r1]
 141:.\Generated_Source\PSoC4/USBFS_pm.c ****                                             USBFS_POWER_CTRL_SUSPEND_DEL);
 142:.\Generated_Source\PSoC4/USBFS_pm.c **** 
 143:.\Generated_Source\PSoC4/USBFS_pm.c ****         /* Store state of USB regulator and disable it. */
 144:.\Generated_Source\PSoC4/USBFS_pm.c ****         USBFS_backup.mode = (uint8)  (USBFS_CR1_REG & USBFS_CR1_REG_ENABLE);
 127              		.loc 1 144 0
 128 001e 104A     		ldr	r2, .L10+12
 129 0020 1168     		ldr	r1, [r2]
 130 0022 0125     		mov	r5, #1
 131 0024 2940     		and	r1, r5
 132 0026 5970     		strb	r1, [r3, #1]
 145:.\Generated_Source\PSoC4/USBFS_pm.c ****         USBFS_CR1_REG    &= (uint32) ~USBFS_CR1_REG_ENABLE;
 133              		.loc 1 145 0
 134 0028 1168     		ldr	r1, [r2]
 135 002a A143     		bic	r1, r4
 136 002c 1160     		str	r1, [r2]
 146:.\Generated_Source\PSoC4/USBFS_pm.c ****         
 147:.\Generated_Source\PSoC4/USBFS_pm.c ****         /* Store SIE interrupt sources. Valid bits are 0 - 4. */
 148:.\Generated_Source\PSoC4/USBFS_pm.c ****         USBFS_backup.intrSeiMask = (uint8) USBFS_INTR_SIE_MASK_REG;
 137              		.loc 1 148 0
ARM GAS  C:\Users\JAVIER~1\AppData\Local\Temp\cceCV4a0.s 			page 6


 138 002e 0D4A     		ldr	r2, .L10+16
 139 0030 1268     		ldr	r2, [r2]
 140 0032 9A70     		strb	r2, [r3, #2]
 141 0034 02E0     		b	.L9
 142              	.L8:
 149:.\Generated_Source\PSoC4/USBFS_pm.c **** 
 150:.\Generated_Source\PSoC4/USBFS_pm.c ****     #else
 151:.\Generated_Source\PSoC4/USBFS_pm.c ****         /* Ensure USB transmit enable is low (USB_USBIO_CR0.ten). - Manual Transmission - Disabled.
 152:.\Generated_Source\PSoC4/USBFS_pm.c ****         USBFS_USBIO_CR0_REG &= (uint8) ~USBFS_USBIO_CR0_TEN;
 153:.\Generated_Source\PSoC4/USBFS_pm.c ****         CyDelayUs(USBFS_WAIT_REG_STABILITY_50NS);  /*~50ns delay. */
 154:.\Generated_Source\PSoC4/USBFS_pm.c **** 
 155:.\Generated_Source\PSoC4/USBFS_pm.c ****         /* Disable the USBIO by asserting PM.USB_CR0.fsusbio_pd_n(Inverted) and pd_pullup_hv(Invert
 156:.\Generated_Source\PSoC4/USBFS_pm.c ****         USBFS_PM_USB_CR0_REG &= (uint8) ~(USBFS_PM_USB_CR0_PD_N |
 157:.\Generated_Source\PSoC4/USBFS_pm.c ****                                                      USBFS_PM_USB_CR0_PD_PULLUP_N);
 158:.\Generated_Source\PSoC4/USBFS_pm.c **** 
 159:.\Generated_Source\PSoC4/USBFS_pm.c ****         /* Disable the SIE. */
 160:.\Generated_Source\PSoC4/USBFS_pm.c ****         USBFS_CR0_REG &= (uint8) ~USBFS_CR0_ENABLE;
 161:.\Generated_Source\PSoC4/USBFS_pm.c **** 
 162:.\Generated_Source\PSoC4/USBFS_pm.c ****         CyDelayUs(USBFS_WAIT_REG_STABILITY_50NS);  /* ~50ns delay. */
 163:.\Generated_Source\PSoC4/USBFS_pm.c ****         /* Store mode and disable VRegulator. */
 164:.\Generated_Source\PSoC4/USBFS_pm.c ****         USBFS_backup.mode = (uint8) (USBFS_CR1_REG & USBFS_CR1_REG_ENABLE);
 165:.\Generated_Source\PSoC4/USBFS_pm.c ****         USBFS_CR1_REG    &= (uint8) ~USBFS_CR1_REG_ENABLE;
 166:.\Generated_Source\PSoC4/USBFS_pm.c **** 
 167:.\Generated_Source\PSoC4/USBFS_pm.c ****         CyDelayUs(USBFS_WAIT_REG_STABILITY_1US); /* min 0.5us delay required. */
 168:.\Generated_Source\PSoC4/USBFS_pm.c **** 
 169:.\Generated_Source\PSoC4/USBFS_pm.c ****         /* Disable the USBIO reference by setting PM.USB_CR0.fsusbio_ref_en.*/
 170:.\Generated_Source\PSoC4/USBFS_pm.c ****         USBFS_PM_USB_CR0_REG &= (uint8) ~USBFS_PM_USB_CR0_REF_EN;
 171:.\Generated_Source\PSoC4/USBFS_pm.c **** 
 172:.\Generated_Source\PSoC4/USBFS_pm.c ****         /* Switch DP and DM terminals to GPIO mode and disconnect 1.5k pull-up. */
 173:.\Generated_Source\PSoC4/USBFS_pm.c ****         USBFS_USBIO_CR1_REG |= USBFS_USBIO_CR1_IOMODE;
 174:.\Generated_Source\PSoC4/USBFS_pm.c **** 
 175:.\Generated_Source\PSoC4/USBFS_pm.c ****         /* Disable USBFS block. */
 176:.\Generated_Source\PSoC4/USBFS_pm.c ****         /* Clear power active and standby mode templates: disable USB block. */
 177:.\Generated_Source\PSoC4/USBFS_pm.c ****         USBFS_PM_ACT_CFG_REG  &= (uint8) ~USBFS_PM_ACT_EN_FSUSB;
 178:.\Generated_Source\PSoC4/USBFS_pm.c ****         USBFS_PM_STBY_CFG_REG &= (uint8) ~USBFS_PM_STBY_EN_FSUSB;
 179:.\Generated_Source\PSoC4/USBFS_pm.c **** 
 180:.\Generated_Source\PSoC4/USBFS_pm.c ****         CyDelayUs(USBFS_WAIT_REG_STABILITY_1US); /* min 0.5us delay required. */
 181:.\Generated_Source\PSoC4/USBFS_pm.c ****     #endif /* (CY_PSOC4) */
 182:.\Generated_Source\PSoC4/USBFS_pm.c ****     }
 183:.\Generated_Source\PSoC4/USBFS_pm.c ****     else
 184:.\Generated_Source\PSoC4/USBFS_pm.c ****     {
 185:.\Generated_Source\PSoC4/USBFS_pm.c ****         USBFS_backup.enableState = 0u;
 143              		.loc 1 185 0
 144 0036 0022     		mov	r2, #0
 145 0038 074B     		ldr	r3, .L10+4
 146 003a 1A70     		strb	r2, [r3]
 147              	.L9:
 186:.\Generated_Source\PSoC4/USBFS_pm.c ****     }
 187:.\Generated_Source\PSoC4/USBFS_pm.c **** 
 188:.\Generated_Source\PSoC4/USBFS_pm.c ****     CyExitCriticalSection(enableInterrupts);
 148              		.loc 1 188 0
 149 003c FFF7FEFF 		bl	CyExitCriticalSection
 150              	.LVL4:
 189:.\Generated_Source\PSoC4/USBFS_pm.c **** 
 190:.\Generated_Source\PSoC4/USBFS_pm.c **** #if (USBFS_DP_ISR_ACTIVE)
 191:.\Generated_Source\PSoC4/USBFS_pm.c ****     /* Clear active mode Dp interrupt source history. */
 192:.\Generated_Source\PSoC4/USBFS_pm.c ****     (void) USBFS_Dp_ClearInterrupt();
ARM GAS  C:\Users\JAVIER~1\AppData\Local\Temp\cceCV4a0.s 			page 7


 151              		.loc 1 192 0
 152 0040 FFF7FEFF 		bl	USBFS_Dp_ClearInterrupt
 153              	.LVL5:
 193:.\Generated_Source\PSoC4/USBFS_pm.c ****     CyIntClearPending(USBFS_DP_INTC_VECT_NUM);
 154              		.loc 1 193 0
 155 0044 0520     		mov	r0, #5
 156 0046 FFF7FEFF 		bl	CyIntClearPending
 157              	.LVL6:
 194:.\Generated_Source\PSoC4/USBFS_pm.c **** 
 195:.\Generated_Source\PSoC4/USBFS_pm.c ****     CyIntEnable      (USBFS_DP_INTC_VECT_NUM);
 158              		.loc 1 195 0
 159 004a 0520     		mov	r0, #5
 160 004c FFF7FEFF 		bl	CyIntEnable
 161              	.LVL7:
 196:.\Generated_Source\PSoC4/USBFS_pm.c **** #endif /* (USBFS_DP_ISR_ACTIVE). */
 197:.\Generated_Source\PSoC4/USBFS_pm.c **** }
 162              		.loc 1 197 0
 163              		@ sp needed
 164 0050 38BD     		pop	{r3, r4, r5, pc}
 165              	.L11:
 166 0052 C046     		.align	2
 167              	.L10:
 168 0054 20002C40 		.word	1076625440
 169 0058 00000000 		.word	.LANCHOR0
 170 005c 00202C40 		.word	1076633600
 171 0060 24002C40 		.word	1076625444
 172 0064 28202C40 		.word	1076633640
 173              		.cfi_endproc
 174              	.LFE5:
 175              		.size	USBFS_Suspend, .-USBFS_Suspend
 176              		.section	.text.USBFS_Resume,"ax",%progbits
 177              		.align	2
 178              		.global	USBFS_Resume
 179              		.code	16
 180              		.thumb_func
 181              		.type	USBFS_Resume, %function
 182              	USBFS_Resume:
 183              	.LFB6:
 198:.\Generated_Source\PSoC4/USBFS_pm.c **** 
 199:.\Generated_Source\PSoC4/USBFS_pm.c **** 
 200:.\Generated_Source\PSoC4/USBFS_pm.c **** /*******************************************************************************
 201:.\Generated_Source\PSoC4/USBFS_pm.c **** * Function Name: USBFS_Resume
 202:.\Generated_Source\PSoC4/USBFS_pm.c **** ****************************************************************************//**
 203:.\Generated_Source\PSoC4/USBFS_pm.c **** *
 204:.\Generated_Source\PSoC4/USBFS_pm.c **** *  This function prepares the USBFS component for active mode operation after 
 205:.\Generated_Source\PSoC4/USBFS_pm.c **** *  exit low power mode. It restores the component active mode configuration such 
 206:.\Generated_Source\PSoC4/USBFS_pm.c **** *  as device address assigned previously by the host, endpoints buffer and disables 
 207:.\Generated_Source\PSoC4/USBFS_pm.c **** *  interrupt on Dp pin.
 208:.\Generated_Source\PSoC4/USBFS_pm.c **** *  The supported low power modes are Deep Sleep (PSoC 4200L) and Sleep 
 209:.\Generated_Source\PSoC4/USBFS_pm.c **** *  (PSoC 3/ PSoC 5LP).
 210:.\Generated_Source\PSoC4/USBFS_pm.c **** *  
 211:.\Generated_Source\PSoC4/USBFS_pm.c **** *  *Note* For PSoC 4200L devices, this function should not be called after 
 212:.\Generated_Source\PSoC4/USBFS_pm.c **** *  exiting Sleep.
 213:.\Generated_Source\PSoC4/USBFS_pm.c **** *  
 214:.\Generated_Source\PSoC4/USBFS_pm.c **** *  *Note* To resume communication with the host, the data endpoints must be 
 215:.\Generated_Source\PSoC4/USBFS_pm.c **** *  managed: the OUT endpoints must be enabled and IN endpoints must be loaded 
 216:.\Generated_Source\PSoC4/USBFS_pm.c **** *  with data. For DMA with Automatic Buffer Management, all endpoints buffers 
ARM GAS  C:\Users\JAVIER~1\AppData\Local\Temp\cceCV4a0.s 			page 8


 217:.\Generated_Source\PSoC4/USBFS_pm.c **** *  must be initialized again before making them available to the host.
 218:.\Generated_Source\PSoC4/USBFS_pm.c **** *
 219:.\Generated_Source\PSoC4/USBFS_pm.c **** *
 220:.\Generated_Source\PSoC4/USBFS_pm.c **** * \globalvars
 221:.\Generated_Source\PSoC4/USBFS_pm.c **** *  USBFS_backup - checked.
 222:.\Generated_Source\PSoC4/USBFS_pm.c **** *
 223:.\Generated_Source\PSoC4/USBFS_pm.c **** * \reentrant
 224:.\Generated_Source\PSoC4/USBFS_pm.c **** *  No.
 225:.\Generated_Source\PSoC4/USBFS_pm.c **** *
 226:.\Generated_Source\PSoC4/USBFS_pm.c **** *******************************************************************************/
 227:.\Generated_Source\PSoC4/USBFS_pm.c **** void USBFS_Resume(void) 
 228:.\Generated_Source\PSoC4/USBFS_pm.c **** {
 184              		.loc 1 228 0
 185              		.cfi_startproc
 186 0000 38B5     		push	{r3, r4, r5, lr}
 187              		.cfi_def_cfa_offset 16
 188              		.cfi_offset 3, -16
 189              		.cfi_offset 4, -12
 190              		.cfi_offset 5, -8
 191              		.cfi_offset 14, -4
 229:.\Generated_Source\PSoC4/USBFS_pm.c ****     uint8 enableInterrupts;
 230:.\Generated_Source\PSoC4/USBFS_pm.c **** 
 231:.\Generated_Source\PSoC4/USBFS_pm.c ****     enableInterrupts = CyEnterCriticalSection();
 192              		.loc 1 231 0
 193 0002 FFF7FEFF 		bl	CyEnterCriticalSection
 194              	.LVL8:
 195 0006 041C     		mov	r4, r0
 196              	.LVL9:
 232:.\Generated_Source\PSoC4/USBFS_pm.c **** 
 233:.\Generated_Source\PSoC4/USBFS_pm.c ****     if (0u != USBFS_backup.enableState)
 197              		.loc 1 233 0
 198 0008 174B     		ldr	r3, .L14
 199 000a 1B78     		ldrb	r3, [r3]
 200 000c 002B     		cmp	r3, #0
 201 000e 26D0     		beq	.L13
 234:.\Generated_Source\PSoC4/USBFS_pm.c ****     {
 235:.\Generated_Source\PSoC4/USBFS_pm.c ****     #if (USBFS_DP_ISR_ACTIVE)
 236:.\Generated_Source\PSoC4/USBFS_pm.c ****         CyIntDisable(USBFS_DP_INTC_VECT_NUM);
 202              		.loc 1 236 0
 203 0010 0520     		mov	r0, #5
 204 0012 FFF7FEFF 		bl	CyIntDisable
 205              	.LVL10:
 237:.\Generated_Source\PSoC4/USBFS_pm.c ****     #endif /* (USBFS_DP_ISR_ACTIVE) */
 238:.\Generated_Source\PSoC4/USBFS_pm.c **** 
 239:.\Generated_Source\PSoC4/USBFS_pm.c ****     #if (CY_PSOC4)
 240:.\Generated_Source\PSoC4/USBFS_pm.c ****         /* Enable clock to USB IP. */
 241:.\Generated_Source\PSoC4/USBFS_pm.c ****         USBFS_USB_CLK_EN_REG |= USBFS_USB_CLK_CSR_CLK_EN;
 206              		.loc 1 241 0
 207 0016 1549     		ldr	r1, .L14+4
 208 0018 0B68     		ldr	r3, [r1]
 209 001a 0122     		mov	r2, #1
 210 001c 1343     		orr	r3, r2
 211 001e 0B60     		str	r3, [r1]
 242:.\Generated_Source\PSoC4/USBFS_pm.c **** 
 243:.\Generated_Source\PSoC4/USBFS_pm.c ****         /* Restore arbiter configuration for DMA transfers. */
 244:.\Generated_Source\PSoC4/USBFS_pm.c ****         #if (USBFS_EP_MANAGEMENT_DMA)
 245:.\Generated_Source\PSoC4/USBFS_pm.c ****             #if (USBFS_ARB_ISR_ACTIVE)
ARM GAS  C:\Users\JAVIER~1\AppData\Local\Temp\cceCV4a0.s 			page 9


 246:.\Generated_Source\PSoC4/USBFS_pm.c ****                 /* Enable ARB EP interrupt sources. */
 247:.\Generated_Source\PSoC4/USBFS_pm.c ****                 USBFS_ARB_INT_EN_REG = USBFS_DEFAULT_ARB_INT_EN;
 248:.\Generated_Source\PSoC4/USBFS_pm.c ****             #endif /* (USBFS_EP_MANAGEMENT_DMA) */
 249:.\Generated_Source\PSoC4/USBFS_pm.c **** 
 250:.\Generated_Source\PSoC4/USBFS_pm.c ****             /* Configure arbiter for Manual or Auto DMA operation and clear 
 251:.\Generated_Source\PSoC4/USBFS_pm.c ****             * configuration completion. 
 252:.\Generated_Source\PSoC4/USBFS_pm.c ****             */
 253:.\Generated_Source\PSoC4/USBFS_pm.c ****             USBFS_ARB_CFG_REG = USBFS_DEFAULT_ARB_CFG;
 254:.\Generated_Source\PSoC4/USBFS_pm.c ****         #endif /* (USBFS_EP_MANAGEMENT_DMA) */
 255:.\Generated_Source\PSoC4/USBFS_pm.c **** 
 256:.\Generated_Source\PSoC4/USBFS_pm.c ****         /* Restore level (hi, lo, med) for each interrupt source. */
 257:.\Generated_Source\PSoC4/USBFS_pm.c ****         USBFS_INTR_LVL_SEL_REG = USBFS_DEFAULT_INTR_LVL_SEL;
 212              		.loc 1 257 0
 213 0020 1349     		ldr	r1, .L14+8
 214 0022 144B     		ldr	r3, .L14+12
 215 0024 1960     		str	r1, [r3]
 258:.\Generated_Source\PSoC4/USBFS_pm.c ****         
 259:.\Generated_Source\PSoC4/USBFS_pm.c ****         /* Store SIE interrupt sources. */
 260:.\Generated_Source\PSoC4/USBFS_pm.c ****         USBFS_INTR_SIE_MASK_REG = (uint32) USBFS_backup.intrSeiMask;
 216              		.loc 1 260 0
 217 0026 104D     		ldr	r5, .L14
 218 0028 A978     		ldrb	r1, [r5, #2]
 219 002a 134B     		ldr	r3, .L14+16
 220 002c 1960     		str	r1, [r3]
 261:.\Generated_Source\PSoC4/USBFS_pm.c **** 
 262:.\Generated_Source\PSoC4/USBFS_pm.c ****         /* Set EP0.CR: ACK Setup, NAK IN/OUT. */
 263:.\Generated_Source\PSoC4/USBFS_pm.c ****         USBFS_EP0_CR_REG = USBFS_MODE_NAK_IN_OUT;
 221              		.loc 1 263 0
 222 002e 134B     		ldr	r3, .L14+20
 223 0030 1A60     		str	r2, [r3]
 264:.\Generated_Source\PSoC4/USBFS_pm.c **** 
 265:.\Generated_Source\PSoC4/USBFS_pm.c ****         /* Restore data EP1-8 configuration. */
 266:.\Generated_Source\PSoC4/USBFS_pm.c ****         USBFS_RestoreConfig();
 224              		.loc 1 266 0
 225 0032 FFF7FEFF 		bl	USBFS_RestoreConfig
 226              	.LVL11:
 267:.\Generated_Source\PSoC4/USBFS_pm.c **** 
 268:.\Generated_Source\PSoC4/USBFS_pm.c ****         /* Restore state of USB regulator and wait until it supples stable power. */
 269:.\Generated_Source\PSoC4/USBFS_pm.c ****         USBFS_CR1_REG |= USBFS_backup.mode;
 227              		.loc 1 269 0
 228 0036 124A     		ldr	r2, .L14+24
 229 0038 1168     		ldr	r1, [r2]
 230 003a 6B78     		ldrb	r3, [r5, #1]
 231 003c 0B43     		orr	r3, r1
 232 003e 1360     		str	r3, [r2]
 270:.\Generated_Source\PSoC4/USBFS_pm.c ****         CyDelayUs(USBFS_WAIT_VREF_STABILITY);
 233              		.loc 1 270 0
 234 0040 0020     		mov	r0, #0
 235 0042 FFF7FEFF 		bl	CyDelayUs
 236              	.LVL12:
 271:.\Generated_Source\PSoC4/USBFS_pm.c **** 
 272:.\Generated_Source\PSoC4/USBFS_pm.c ****         /* Suspend exit sequence. */
 273:.\Generated_Source\PSoC4/USBFS_pm.c ****         USBFS_POWER_CTRL_REG &= (uint32) ~USBFS_POWER_CTRL_SUSPEND;
 237              		.loc 1 273 0
 238 0046 0F4D     		ldr	r5, .L14+28
 239 0048 2B68     		ldr	r3, [r5]
 240 004a 0422     		mov	r2, #4
ARM GAS  C:\Users\JAVIER~1\AppData\Local\Temp\cceCV4a0.s 			page 10


 241 004c 9343     		bic	r3, r2
 242 004e 2B60     		str	r3, [r5]
 274:.\Generated_Source\PSoC4/USBFS_pm.c ****         CyDelayUs(USBFS_WAIT_SUSPEND_DEL_DISABLE);
 243              		.loc 1 274 0
 244 0050 0220     		mov	r0, #2
 245 0052 FFF7FEFF 		bl	CyDelayUs
 246              	.LVL13:
 275:.\Generated_Source\PSoC4/USBFS_pm.c ****         USBFS_POWER_CTRL_REG &= (uint32) ~USBFS_POWER_CTRL_SUSPEND_DEL;
 247              		.loc 1 275 0
 248 0056 2B68     		ldr	r3, [r5]
 249 0058 0822     		mov	r2, #8
 250 005a 9343     		bic	r3, r2
 251 005c 2B60     		str	r3, [r5]
 252              	.L13:
 276:.\Generated_Source\PSoC4/USBFS_pm.c **** 
 277:.\Generated_Source\PSoC4/USBFS_pm.c ****     #else
 278:.\Generated_Source\PSoC4/USBFS_pm.c ****         /* Set power active and standby mode templates: enable USB block. */
 279:.\Generated_Source\PSoC4/USBFS_pm.c ****         USBFS_PM_ACT_CFG_REG  |= USBFS_PM_ACT_EN_FSUSB;
 280:.\Generated_Source\PSoC4/USBFS_pm.c ****         USBFS_PM_STBY_CFG_REG |= USBFS_PM_STBY_EN_FSUSB;
 281:.\Generated_Source\PSoC4/USBFS_pm.c **** 
 282:.\Generated_Source\PSoC4/USBFS_pm.c ****         /* Enable core clock. */
 283:.\Generated_Source\PSoC4/USBFS_pm.c ****         USBFS_USB_CLK_EN_REG |= USBFS_USB_CLK_ENABLE;
 284:.\Generated_Source\PSoC4/USBFS_pm.c **** 
 285:.\Generated_Source\PSoC4/USBFS_pm.c ****         /* Enable the USBIO reference by setting PM.USB_CR0.fsusbio_ref_en.*/
 286:.\Generated_Source\PSoC4/USBFS_pm.c ****         USBFS_PM_USB_CR0_REG |= USBFS_PM_USB_CR0_REF_EN;
 287:.\Generated_Source\PSoC4/USBFS_pm.c **** 
 288:.\Generated_Source\PSoC4/USBFS_pm.c ****         /* The reference is available ~40us after power restored. */
 289:.\Generated_Source\PSoC4/USBFS_pm.c ****         CyDelayUs(USBFS_WAIT_VREF_RESTORE);
 290:.\Generated_Source\PSoC4/USBFS_pm.c ****         /* Restore state of USB regulator and wait until it supples stable power. */
 291:.\Generated_Source\PSoC4/USBFS_pm.c ****         USBFS_CR1_REG |= USBFS_backup.mode;
 292:.\Generated_Source\PSoC4/USBFS_pm.c ****         CyDelayUs(USBFS_WAIT_VREF_STABILITY);   /*~50ns delay. */
 293:.\Generated_Source\PSoC4/USBFS_pm.c **** 
 294:.\Generated_Source\PSoC4/USBFS_pm.c ****         /* Enable USBIO. */
 295:.\Generated_Source\PSoC4/USBFS_pm.c ****         USBFS_PM_USB_CR0_REG |= USBFS_PM_USB_CR0_PD_N;
 296:.\Generated_Source\PSoC4/USBFS_pm.c ****         CyDelayUs(USBFS_WAIT_PD_PULLUP_N_ENABLE);
 297:.\Generated_Source\PSoC4/USBFS_pm.c ****         /* Set the USBIO pull-up enable. */
 298:.\Generated_Source\PSoC4/USBFS_pm.c ****         USBFS_PM_USB_CR0_REG |= USBFS_PM_USB_CR0_PD_PULLUP_N;
 299:.\Generated_Source\PSoC4/USBFS_pm.c **** 
 300:.\Generated_Source\PSoC4/USBFS_pm.c ****         /* Restore arbiter configuration for DMA transfers. */
 301:.\Generated_Source\PSoC4/USBFS_pm.c ****         #if (USBFS_EP_MANAGEMENT_DMA)
 302:.\Generated_Source\PSoC4/USBFS_pm.c ****             #if (USBFS_ARB_ISR_ACTIVE)
 303:.\Generated_Source\PSoC4/USBFS_pm.c ****                 /* Enable ARB EP interrupt sources. */
 304:.\Generated_Source\PSoC4/USBFS_pm.c ****                 USBFS_ARB_INT_EN_REG = USBFS_DEFAULT_ARB_INT_EN;
 305:.\Generated_Source\PSoC4/USBFS_pm.c ****             #endif /* (USBFS_EP_MANAGEMENT_DMA) */
 306:.\Generated_Source\PSoC4/USBFS_pm.c **** 
 307:.\Generated_Source\PSoC4/USBFS_pm.c ****             /* Configure arbiter for Manual or Auto DMA operation and clear 
 308:.\Generated_Source\PSoC4/USBFS_pm.c ****             * configuration completion. 
 309:.\Generated_Source\PSoC4/USBFS_pm.c ****             */
 310:.\Generated_Source\PSoC4/USBFS_pm.c ****             USBFS_ARB_CFG_REG = USBFS_DEFAULT_ARB_CFG;
 311:.\Generated_Source\PSoC4/USBFS_pm.c ****         #endif /* (USBFS_EP_MANAGEMENT_DMA) */
 312:.\Generated_Source\PSoC4/USBFS_pm.c **** 
 313:.\Generated_Source\PSoC4/USBFS_pm.c ****         /* Set EP0.CR: ACK Setup, STALL IN/OUT. */
 314:.\Generated_Source\PSoC4/USBFS_pm.c ****         USBFS_EP0_CR_REG = USBFS_MODE_STALL_IN_OUT;
 315:.\Generated_Source\PSoC4/USBFS_pm.c **** 
 316:.\Generated_Source\PSoC4/USBFS_pm.c ****         /* Enable the USB IP to respond to USB traffic with the last address. */
 317:.\Generated_Source\PSoC4/USBFS_pm.c ****         USBFS_CR0_REG |= USBFS_CR0_ENABLE;
 318:.\Generated_Source\PSoC4/USBFS_pm.c ****         CyDelayCycles(USBFS_WAIT_CR0_REG_STABILITY);
ARM GAS  C:\Users\JAVIER~1\AppData\Local\Temp\cceCV4a0.s 			page 11


 319:.\Generated_Source\PSoC4/USBFS_pm.c **** 
 320:.\Generated_Source\PSoC4/USBFS_pm.c ****         /* Enable D+ pull-up and keep USB control on IO. */
 321:.\Generated_Source\PSoC4/USBFS_pm.c ****         USBFS_USBIO_CR1_REG = USBFS_USBIO_CR1_USBPUEN;
 322:.\Generated_Source\PSoC4/USBFS_pm.c **** 
 323:.\Generated_Source\PSoC4/USBFS_pm.c ****         /* Restore data EP1-8 configuration. */
 324:.\Generated_Source\PSoC4/USBFS_pm.c ****         USBFS_RestoreConfig();
 325:.\Generated_Source\PSoC4/USBFS_pm.c ****     #endif /* (CY_PSOC4) */
 326:.\Generated_Source\PSoC4/USBFS_pm.c ****     }
 327:.\Generated_Source\PSoC4/USBFS_pm.c **** 
 328:.\Generated_Source\PSoC4/USBFS_pm.c ****     CyExitCriticalSection(enableInterrupts);
 253              		.loc 1 328 0
 254 005e 201C     		mov	r0, r4
 255 0060 FFF7FEFF 		bl	CyExitCriticalSection
 256              	.LVL14:
 329:.\Generated_Source\PSoC4/USBFS_pm.c **** }
 257              		.loc 1 329 0
 258              		@ sp needed
 259              	.LVL15:
 260 0064 38BD     		pop	{r3, r4, r5, pc}
 261              	.L15:
 262 0066 C046     		.align	2
 263              	.L14:
 264 0068 00000000 		.word	.LANCHOR0
 265 006c 74022C40 		.word	1076626036
 266 0070 1A000500 		.word	327706
 267 0074 30202C40 		.word	1076633648
 268 0078 28202C40 		.word	1076633640
 269 007c A0002C40 		.word	1076625568
 270 0080 24002C40 		.word	1076625444
 271 0084 00202C40 		.word	1076633600
 272              		.cfi_endproc
 273              	.LFE6:
 274              		.size	USBFS_Resume, .-USBFS_Resume
 275              		.bss
 276              		.align	2
 277              		.set	.LANCHOR0,. + 0
 278              		.type	USBFS_backup, %object
 279              		.size	USBFS_backup, 3
 280              	USBFS_backup:
 281 0000 000000   		.space	3
 282 0003 00       		.text
 283              	.Letext0:
 284              		.file 2 ".\\Generated_Source\\PSoC4\\cytypes.h"
 285              		.file 3 ".\\Generated_Source\\PSoC4\\USBFS.h"
 286              		.file 4 ".\\Generated_Source\\PSoC4\\USBFS_pvt.h"
 287              		.file 5 ".\\Generated_Source\\PSoC4\\USBFS_Dp.h"
 288              		.file 6 ".\\Generated_Source\\PSoC4\\CyLib.h"
 289              		.section	.debug_info,"",%progbits
 290              	.Ldebug_info0:
 291 0000 C2020000 		.4byte	0x2c2
 292 0004 0400     		.2byte	0x4
 293 0006 00000000 		.4byte	.Ldebug_abbrev0
 294 000a 04       		.byte	0x4
 295 000b 01       		.uleb128 0x1
 296 000c 21020000 		.4byte	.LASF35
 297 0010 01       		.byte	0x1
 298 0011 BE000000 		.4byte	.LASF36
ARM GAS  C:\Users\JAVIER~1\AppData\Local\Temp\cceCV4a0.s 			page 12


 299 0015 14000000 		.4byte	.LASF37
 300 0019 00000000 		.4byte	.Ldebug_ranges0+0
 301 001d 00000000 		.4byte	0
 302 0021 00000000 		.4byte	.Ldebug_line0
 303 0025 02       		.uleb128 0x2
 304 0026 01       		.byte	0x1
 305 0027 06       		.byte	0x6
 306 0028 00030000 		.4byte	.LASF0
 307 002c 02       		.uleb128 0x2
 308 002d 01       		.byte	0x1
 309 002e 08       		.byte	0x8
 310 002f 0D010000 		.4byte	.LASF1
 311 0033 02       		.uleb128 0x2
 312 0034 02       		.byte	0x2
 313 0035 05       		.byte	0x5
 314 0036 BC020000 		.4byte	.LASF2
 315 003a 02       		.uleb128 0x2
 316 003b 02       		.byte	0x2
 317 003c 07       		.byte	0x7
 318 003d 7C000000 		.4byte	.LASF3
 319 0041 02       		.uleb128 0x2
 320 0042 04       		.byte	0x4
 321 0043 05       		.byte	0x5
 322 0044 EB020000 		.4byte	.LASF4
 323 0048 02       		.uleb128 0x2
 324 0049 04       		.byte	0x4
 325 004a 07       		.byte	0x7
 326 004b 87010000 		.4byte	.LASF5
 327 004f 02       		.uleb128 0x2
 328 0050 08       		.byte	0x8
 329 0051 05       		.byte	0x5
 330 0052 F0010000 		.4byte	.LASF6
 331 0056 02       		.uleb128 0x2
 332 0057 08       		.byte	0x8
 333 0058 07       		.byte	0x7
 334 0059 E2000000 		.4byte	.LASF7
 335 005d 03       		.uleb128 0x3
 336 005e 04       		.byte	0x4
 337 005f 05       		.byte	0x5
 338 0060 696E7400 		.ascii	"int\000"
 339 0064 02       		.uleb128 0x2
 340 0065 04       		.byte	0x4
 341 0066 07       		.byte	0x7
 342 0067 99010000 		.4byte	.LASF8
 343 006b 04       		.uleb128 0x4
 344 006c 27010000 		.4byte	.LASF9
 345 0070 02       		.byte	0x2
 346 0071 3801     		.2byte	0x138
 347 0073 2C000000 		.4byte	0x2c
 348 0077 04       		.uleb128 0x4
 349 0078 62010000 		.4byte	.LASF10
 350 007c 02       		.byte	0x2
 351 007d 3901     		.2byte	0x139
 352 007f 3A000000 		.4byte	0x3a
 353 0083 04       		.uleb128 0x4
 354 0084 69010000 		.4byte	.LASF11
 355 0088 02       		.byte	0x2
ARM GAS  C:\Users\JAVIER~1\AppData\Local\Temp\cceCV4a0.s 			page 13


 356 0089 3A01     		.2byte	0x13a
 357 008b 48000000 		.4byte	0x48
 358 008f 02       		.uleb128 0x2
 359 0090 04       		.byte	0x4
 360 0091 04       		.byte	0x4
 361 0092 76000000 		.4byte	.LASF12
 362 0096 02       		.uleb128 0x2
 363 0097 08       		.byte	0x8
 364 0098 04       		.byte	0x4
 365 0099 3E010000 		.4byte	.LASF13
 366 009d 02       		.uleb128 0x2
 367 009e 01       		.byte	0x1
 368 009f 08       		.byte	0x8
 369 00a0 08020000 		.4byte	.LASF14
 370 00a4 05       		.uleb128 0x5
 371 00a5 6B000000 		.4byte	0x6b
 372 00a9 04       		.uleb128 0x4
 373 00aa 00000000 		.4byte	.LASF15
 374 00ae 02       		.byte	0x2
 375 00af E401     		.2byte	0x1e4
 376 00b1 B5000000 		.4byte	0xb5
 377 00b5 05       		.uleb128 0x5
 378 00b6 83000000 		.4byte	0x83
 379 00ba 02       		.uleb128 0x2
 380 00bb 04       		.byte	0x4
 381 00bc 07       		.byte	0x7
 382 00bd E7010000 		.4byte	.LASF16
 383 00c1 06       		.uleb128 0x6
 384 00c2 03       		.byte	0x3
 385 00c3 03       		.byte	0x3
 386 00c4 C5       		.byte	0xc5
 387 00c5 EE000000 		.4byte	0xee
 388 00c9 07       		.uleb128 0x7
 389 00ca F4020000 		.4byte	.LASF17
 390 00ce 03       		.byte	0x3
 391 00cf C7       		.byte	0xc7
 392 00d0 6B000000 		.4byte	0x6b
 393 00d4 00       		.byte	0
 394 00d5 07       		.uleb128 0x7
 395 00d6 BC010000 		.4byte	.LASF18
 396 00da 03       		.byte	0x3
 397 00db C8       		.byte	0xc8
 398 00dc 6B000000 		.4byte	0x6b
 399 00e0 01       		.byte	0x1
 400 00e1 07       		.uleb128 0x7
 401 00e2 1B010000 		.4byte	.LASF19
 402 00e6 03       		.byte	0x3
 403 00e7 CA       		.byte	0xca
 404 00e8 6B000000 		.4byte	0x6b
 405 00ec 02       		.byte	0x2
 406 00ed 00       		.byte	0
 407 00ee 08       		.uleb128 0x8
 408 00ef C1010000 		.4byte	.LASF20
 409 00f3 03       		.byte	0x3
 410 00f4 CC       		.byte	0xcc
 411 00f5 C1000000 		.4byte	0xc1
 412 00f9 09       		.uleb128 0x9
ARM GAS  C:\Users\JAVIER~1\AppData\Local\Temp\cceCV4a0.s 			page 14


 413 00fa 0C030000 		.4byte	.LASF21
 414 00fe 01       		.byte	0x1
 415 00ff 2B       		.byte	0x2b
 416 0100 00000000 		.4byte	.LFB2
 417 0104 08000000 		.4byte	.LFE2-.LFB2
 418 0108 01       		.uleb128 0x1
 419 0109 9C       		.byte	0x9c
 420 010a 18010000 		.4byte	0x118
 421 010e 0A       		.uleb128 0xa
 422 010f 06000000 		.4byte	.LVL0
 423 0113 50020000 		.4byte	0x250
 424 0117 00       		.byte	0
 425 0118 0B       		.uleb128 0xb
 426 0119 45010000 		.4byte	.LASF38
 427 011d 01       		.byte	0x1
 428 011e 48       		.byte	0x48
 429 011f 00000000 		.4byte	.LFB3
 430 0123 02000000 		.4byte	.LFE3-.LFB3
 431 0127 01       		.uleb128 0x1
 432 0128 9C       		.byte	0x9c
 433 0129 09       		.uleb128 0x9
 434 012a 0D020000 		.4byte	.LASF22
 435 012e 01       		.byte	0x1
 436 012f 58       		.byte	0x58
 437 0130 00000000 		.4byte	.LFB4
 438 0134 18000000 		.4byte	.LFE4-.LFB4
 439 0138 01       		.uleb128 0x1
 440 0139 9C       		.byte	0x9c
 441 013a 51010000 		.4byte	0x151
 442 013e 0A       		.uleb128 0xa
 443 013f 0E000000 		.4byte	.LVL1
 444 0143 5B020000 		.4byte	0x25b
 445 0147 0A       		.uleb128 0xa
 446 0148 12000000 		.4byte	.LVL2
 447 014c 62020000 		.4byte	0x262
 448 0150 00       		.byte	0
 449 0151 09       		.uleb128 0x9
 450 0152 06000000 		.4byte	.LASF23
 451 0156 01       		.byte	0x1
 452 0157 7B       		.byte	0x7b
 453 0158 00000000 		.4byte	.LFB5
 454 015c 68000000 		.4byte	.LFE5-.LFB5
 455 0160 01       		.uleb128 0x1
 456 0161 9C       		.byte	0x9c
 457 0162 B3010000 		.4byte	0x1b3
 458 0166 0C       		.uleb128 0xc
 459 0167 2D010000 		.4byte	.LASF25
 460 016b 01       		.byte	0x1
 461 016c 7D       		.byte	0x7d
 462 016d 6B000000 		.4byte	0x6b
 463 0171 00000000 		.4byte	.LLST0
 464 0175 0A       		.uleb128 0xa
 465 0176 06000000 		.4byte	.LVL3
 466 017a 69020000 		.4byte	0x269
 467 017e 0A       		.uleb128 0xa
 468 017f 40000000 		.4byte	.LVL4
 469 0183 74020000 		.4byte	0x274
ARM GAS  C:\Users\JAVIER~1\AppData\Local\Temp\cceCV4a0.s 			page 15


 470 0187 0A       		.uleb128 0xa
 471 0188 44000000 		.4byte	.LVL5
 472 018c 50020000 		.4byte	0x250
 473 0190 0D       		.uleb128 0xd
 474 0191 4A000000 		.4byte	.LVL6
 475 0195 85020000 		.4byte	0x285
 476 0199 A3010000 		.4byte	0x1a3
 477 019d 0E       		.uleb128 0xe
 478 019e 01       		.uleb128 0x1
 479 019f 50       		.byte	0x50
 480 01a0 01       		.uleb128 0x1
 481 01a1 35       		.byte	0x35
 482 01a2 00       		.byte	0
 483 01a3 0F       		.uleb128 0xf
 484 01a4 50000000 		.4byte	.LVL7
 485 01a8 96020000 		.4byte	0x296
 486 01ac 0E       		.uleb128 0xe
 487 01ad 01       		.uleb128 0x1
 488 01ae 50       		.byte	0x50
 489 01af 01       		.uleb128 0x1
 490 01b0 35       		.byte	0x35
 491 01b1 00       		.byte	0
 492 01b2 00       		.byte	0
 493 01b3 09       		.uleb128 0x9
 494 01b4 DE020000 		.4byte	.LASF24
 495 01b8 01       		.byte	0x1
 496 01b9 E3       		.byte	0xe3
 497 01ba 00000000 		.4byte	.LFB6
 498 01be 88000000 		.4byte	.LFE6-.LFB6
 499 01c2 01       		.uleb128 0x1
 500 01c3 9C       		.byte	0x9c
 501 01c4 33020000 		.4byte	0x233
 502 01c8 0C       		.uleb128 0xc
 503 01c9 2D010000 		.4byte	.LASF25
 504 01cd 01       		.byte	0x1
 505 01ce E5       		.byte	0xe5
 506 01cf 6B000000 		.4byte	0x6b
 507 01d3 13000000 		.4byte	.LLST1
 508 01d7 0A       		.uleb128 0xa
 509 01d8 06000000 		.4byte	.LVL8
 510 01dc 69020000 		.4byte	0x269
 511 01e0 0D       		.uleb128 0xd
 512 01e1 16000000 		.4byte	.LVL10
 513 01e5 A7020000 		.4byte	0x2a7
 514 01e9 F3010000 		.4byte	0x1f3
 515 01ed 0E       		.uleb128 0xe
 516 01ee 01       		.uleb128 0x1
 517 01ef 50       		.byte	0x50
 518 01f0 01       		.uleb128 0x1
 519 01f1 35       		.byte	0x35
 520 01f2 00       		.byte	0
 521 01f3 0A       		.uleb128 0xa
 522 01f4 36000000 		.4byte	.LVL11
 523 01f8 29010000 		.4byte	0x129
 524 01fc 0D       		.uleb128 0xd
 525 01fd 46000000 		.4byte	.LVL12
 526 0201 B8020000 		.4byte	0x2b8
ARM GAS  C:\Users\JAVIER~1\AppData\Local\Temp\cceCV4a0.s 			page 16


 527 0205 0F020000 		.4byte	0x20f
 528 0209 0E       		.uleb128 0xe
 529 020a 01       		.uleb128 0x1
 530 020b 50       		.byte	0x50
 531 020c 01       		.uleb128 0x1
 532 020d 30       		.byte	0x30
 533 020e 00       		.byte	0
 534 020f 0D       		.uleb128 0xd
 535 0210 56000000 		.4byte	.LVL13
 536 0214 B8020000 		.4byte	0x2b8
 537 0218 22020000 		.4byte	0x222
 538 021c 0E       		.uleb128 0xe
 539 021d 01       		.uleb128 0x1
 540 021e 50       		.byte	0x50
 541 021f 01       		.uleb128 0x1
 542 0220 32       		.byte	0x32
 543 0221 00       		.byte	0
 544 0222 0F       		.uleb128 0xf
 545 0223 64000000 		.4byte	.LVL14
 546 0227 74020000 		.4byte	0x274
 547 022b 0E       		.uleb128 0xe
 548 022c 01       		.uleb128 0x1
 549 022d 50       		.byte	0x50
 550 022e 02       		.uleb128 0x2
 551 022f 74       		.byte	0x74
 552 0230 00       		.sleb128 0
 553 0231 00       		.byte	0
 554 0232 00       		.byte	0
 555 0233 10       		.uleb128 0x10
 556 0234 9F000000 		.4byte	.LASF26
 557 0238 01       		.byte	0x1
 558 0239 20       		.byte	0x20
 559 023a EE000000 		.4byte	0xee
 560 023e 05       		.uleb128 0x5
 561 023f 03       		.byte	0x3
 562 0240 00000000 		.4byte	USBFS_backup
 563 0244 11       		.uleb128 0x11
 564 0245 F9000000 		.4byte	.LASF39
 565 0249 03       		.byte	0x3
 566 024a E102     		.2byte	0x2e1
 567 024c A4000000 		.4byte	0xa4
 568 0250 12       		.uleb128 0x12
 569 0251 C6020000 		.4byte	.LASF29
 570 0255 05       		.byte	0x5
 571 0256 39       		.byte	0x39
 572 0257 6B000000 		.4byte	0x6b
 573 025b 13       		.uleb128 0x13
 574 025c 8F000000 		.4byte	.LASF27
 575 0260 04       		.byte	0x4
 576 0261 CD       		.byte	0xcd
 577 0262 13       		.uleb128 0x13
 578 0263 AC000000 		.4byte	.LASF28
 579 0267 04       		.byte	0x4
 580 0268 CE       		.byte	0xce
 581 0269 12       		.uleb128 0x12
 582 026a 70010000 		.4byte	.LASF30
 583 026e 06       		.byte	0x6
ARM GAS  C:\Users\JAVIER~1\AppData\Local\Temp\cceCV4a0.s 			page 17


 584 026f 61       		.byte	0x61
 585 0270 6B000000 		.4byte	0x6b
 586 0274 14       		.uleb128 0x14
 587 0275 A6010000 		.4byte	.LASF31
 588 0279 06       		.byte	0x6
 589 027a 62       		.byte	0x62
 590 027b 85020000 		.4byte	0x285
 591 027f 15       		.uleb128 0x15
 592 0280 6B000000 		.4byte	0x6b
 593 0284 00       		.byte	0
 594 0285 14       		.uleb128 0x14
 595 0286 D5010000 		.4byte	.LASF32
 596 028a 06       		.byte	0x6
 597 028b 54       		.byte	0x54
 598 028c 96020000 		.4byte	0x296
 599 0290 15       		.uleb128 0x15
 600 0291 6B000000 		.4byte	0x6b
 601 0295 00       		.byte	0
 602 0296 14       		.uleb128 0x14
 603 0297 56010000 		.4byte	.LASF33
 604 029b 06       		.byte	0x6
 605 029c 4F       		.byte	0x4f
 606 029d A7020000 		.4byte	0x2a7
 607 02a1 15       		.uleb128 0x15
 608 02a2 6B000000 		.4byte	0x6b
 609 02a6 00       		.byte	0
 610 02a7 14       		.uleb128 0x14
 611 02a8 AF020000 		.4byte	.LASF34
 612 02ac 06       		.byte	0x6
 613 02ad 51       		.byte	0x51
 614 02ae B8020000 		.4byte	0x2b8
 615 02b2 15       		.uleb128 0x15
 616 02b3 6B000000 		.4byte	0x6b
 617 02b7 00       		.byte	0
 618 02b8 16       		.uleb128 0x16
 619 02b9 FE010000 		.4byte	.LASF40
 620 02bd 06       		.byte	0x6
 621 02be 5B       		.byte	0x5b
 622 02bf 15       		.uleb128 0x15
 623 02c0 77000000 		.4byte	0x77
 624 02c4 00       		.byte	0
 625 02c5 00       		.byte	0
 626              		.section	.debug_abbrev,"",%progbits
 627              	.Ldebug_abbrev0:
 628 0000 01       		.uleb128 0x1
 629 0001 11       		.uleb128 0x11
 630 0002 01       		.byte	0x1
 631 0003 25       		.uleb128 0x25
 632 0004 0E       		.uleb128 0xe
 633 0005 13       		.uleb128 0x13
 634 0006 0B       		.uleb128 0xb
 635 0007 03       		.uleb128 0x3
 636 0008 0E       		.uleb128 0xe
 637 0009 1B       		.uleb128 0x1b
 638 000a 0E       		.uleb128 0xe
 639 000b 55       		.uleb128 0x55
 640 000c 17       		.uleb128 0x17
ARM GAS  C:\Users\JAVIER~1\AppData\Local\Temp\cceCV4a0.s 			page 18


 641 000d 11       		.uleb128 0x11
 642 000e 01       		.uleb128 0x1
 643 000f 10       		.uleb128 0x10
 644 0010 17       		.uleb128 0x17
 645 0011 00       		.byte	0
 646 0012 00       		.byte	0
 647 0013 02       		.uleb128 0x2
 648 0014 24       		.uleb128 0x24
 649 0015 00       		.byte	0
 650 0016 0B       		.uleb128 0xb
 651 0017 0B       		.uleb128 0xb
 652 0018 3E       		.uleb128 0x3e
 653 0019 0B       		.uleb128 0xb
 654 001a 03       		.uleb128 0x3
 655 001b 0E       		.uleb128 0xe
 656 001c 00       		.byte	0
 657 001d 00       		.byte	0
 658 001e 03       		.uleb128 0x3
 659 001f 24       		.uleb128 0x24
 660 0020 00       		.byte	0
 661 0021 0B       		.uleb128 0xb
 662 0022 0B       		.uleb128 0xb
 663 0023 3E       		.uleb128 0x3e
 664 0024 0B       		.uleb128 0xb
 665 0025 03       		.uleb128 0x3
 666 0026 08       		.uleb128 0x8
 667 0027 00       		.byte	0
 668 0028 00       		.byte	0
 669 0029 04       		.uleb128 0x4
 670 002a 16       		.uleb128 0x16
 671 002b 00       		.byte	0
 672 002c 03       		.uleb128 0x3
 673 002d 0E       		.uleb128 0xe
 674 002e 3A       		.uleb128 0x3a
 675 002f 0B       		.uleb128 0xb
 676 0030 3B       		.uleb128 0x3b
 677 0031 05       		.uleb128 0x5
 678 0032 49       		.uleb128 0x49
 679 0033 13       		.uleb128 0x13
 680 0034 00       		.byte	0
 681 0035 00       		.byte	0
 682 0036 05       		.uleb128 0x5
 683 0037 35       		.uleb128 0x35
 684 0038 00       		.byte	0
 685 0039 49       		.uleb128 0x49
 686 003a 13       		.uleb128 0x13
 687 003b 00       		.byte	0
 688 003c 00       		.byte	0
 689 003d 06       		.uleb128 0x6
 690 003e 13       		.uleb128 0x13
 691 003f 01       		.byte	0x1
 692 0040 0B       		.uleb128 0xb
 693 0041 0B       		.uleb128 0xb
 694 0042 3A       		.uleb128 0x3a
 695 0043 0B       		.uleb128 0xb
 696 0044 3B       		.uleb128 0x3b
 697 0045 0B       		.uleb128 0xb
ARM GAS  C:\Users\JAVIER~1\AppData\Local\Temp\cceCV4a0.s 			page 19


 698 0046 01       		.uleb128 0x1
 699 0047 13       		.uleb128 0x13
 700 0048 00       		.byte	0
 701 0049 00       		.byte	0
 702 004a 07       		.uleb128 0x7
 703 004b 0D       		.uleb128 0xd
 704 004c 00       		.byte	0
 705 004d 03       		.uleb128 0x3
 706 004e 0E       		.uleb128 0xe
 707 004f 3A       		.uleb128 0x3a
 708 0050 0B       		.uleb128 0xb
 709 0051 3B       		.uleb128 0x3b
 710 0052 0B       		.uleb128 0xb
 711 0053 49       		.uleb128 0x49
 712 0054 13       		.uleb128 0x13
 713 0055 38       		.uleb128 0x38
 714 0056 0B       		.uleb128 0xb
 715 0057 00       		.byte	0
 716 0058 00       		.byte	0
 717 0059 08       		.uleb128 0x8
 718 005a 16       		.uleb128 0x16
 719 005b 00       		.byte	0
 720 005c 03       		.uleb128 0x3
 721 005d 0E       		.uleb128 0xe
 722 005e 3A       		.uleb128 0x3a
 723 005f 0B       		.uleb128 0xb
 724 0060 3B       		.uleb128 0x3b
 725 0061 0B       		.uleb128 0xb
 726 0062 49       		.uleb128 0x49
 727 0063 13       		.uleb128 0x13
 728 0064 00       		.byte	0
 729 0065 00       		.byte	0
 730 0066 09       		.uleb128 0x9
 731 0067 2E       		.uleb128 0x2e
 732 0068 01       		.byte	0x1
 733 0069 3F       		.uleb128 0x3f
 734 006a 19       		.uleb128 0x19
 735 006b 03       		.uleb128 0x3
 736 006c 0E       		.uleb128 0xe
 737 006d 3A       		.uleb128 0x3a
 738 006e 0B       		.uleb128 0xb
 739 006f 3B       		.uleb128 0x3b
 740 0070 0B       		.uleb128 0xb
 741 0071 27       		.uleb128 0x27
 742 0072 19       		.uleb128 0x19
 743 0073 11       		.uleb128 0x11
 744 0074 01       		.uleb128 0x1
 745 0075 12       		.uleb128 0x12
 746 0076 06       		.uleb128 0x6
 747 0077 40       		.uleb128 0x40
 748 0078 18       		.uleb128 0x18
 749 0079 9742     		.uleb128 0x2117
 750 007b 19       		.uleb128 0x19
 751 007c 01       		.uleb128 0x1
 752 007d 13       		.uleb128 0x13
 753 007e 00       		.byte	0
 754 007f 00       		.byte	0
ARM GAS  C:\Users\JAVIER~1\AppData\Local\Temp\cceCV4a0.s 			page 20


 755 0080 0A       		.uleb128 0xa
 756 0081 898201   		.uleb128 0x4109
 757 0084 00       		.byte	0
 758 0085 11       		.uleb128 0x11
 759 0086 01       		.uleb128 0x1
 760 0087 31       		.uleb128 0x31
 761 0088 13       		.uleb128 0x13
 762 0089 00       		.byte	0
 763 008a 00       		.byte	0
 764 008b 0B       		.uleb128 0xb
 765 008c 2E       		.uleb128 0x2e
 766 008d 00       		.byte	0
 767 008e 3F       		.uleb128 0x3f
 768 008f 19       		.uleb128 0x19
 769 0090 03       		.uleb128 0x3
 770 0091 0E       		.uleb128 0xe
 771 0092 3A       		.uleb128 0x3a
 772 0093 0B       		.uleb128 0xb
 773 0094 3B       		.uleb128 0x3b
 774 0095 0B       		.uleb128 0xb
 775 0096 27       		.uleb128 0x27
 776 0097 19       		.uleb128 0x19
 777 0098 11       		.uleb128 0x11
 778 0099 01       		.uleb128 0x1
 779 009a 12       		.uleb128 0x12
 780 009b 06       		.uleb128 0x6
 781 009c 40       		.uleb128 0x40
 782 009d 18       		.uleb128 0x18
 783 009e 9742     		.uleb128 0x2117
 784 00a0 19       		.uleb128 0x19
 785 00a1 00       		.byte	0
 786 00a2 00       		.byte	0
 787 00a3 0C       		.uleb128 0xc
 788 00a4 34       		.uleb128 0x34
 789 00a5 00       		.byte	0
 790 00a6 03       		.uleb128 0x3
 791 00a7 0E       		.uleb128 0xe
 792 00a8 3A       		.uleb128 0x3a
 793 00a9 0B       		.uleb128 0xb
 794 00aa 3B       		.uleb128 0x3b
 795 00ab 0B       		.uleb128 0xb
 796 00ac 49       		.uleb128 0x49
 797 00ad 13       		.uleb128 0x13
 798 00ae 02       		.uleb128 0x2
 799 00af 17       		.uleb128 0x17
 800 00b0 00       		.byte	0
 801 00b1 00       		.byte	0
 802 00b2 0D       		.uleb128 0xd
 803 00b3 898201   		.uleb128 0x4109
 804 00b6 01       		.byte	0x1
 805 00b7 11       		.uleb128 0x11
 806 00b8 01       		.uleb128 0x1
 807 00b9 31       		.uleb128 0x31
 808 00ba 13       		.uleb128 0x13
 809 00bb 01       		.uleb128 0x1
 810 00bc 13       		.uleb128 0x13
 811 00bd 00       		.byte	0
ARM GAS  C:\Users\JAVIER~1\AppData\Local\Temp\cceCV4a0.s 			page 21


 812 00be 00       		.byte	0
 813 00bf 0E       		.uleb128 0xe
 814 00c0 8A8201   		.uleb128 0x410a
 815 00c3 00       		.byte	0
 816 00c4 02       		.uleb128 0x2
 817 00c5 18       		.uleb128 0x18
 818 00c6 9142     		.uleb128 0x2111
 819 00c8 18       		.uleb128 0x18
 820 00c9 00       		.byte	0
 821 00ca 00       		.byte	0
 822 00cb 0F       		.uleb128 0xf
 823 00cc 898201   		.uleb128 0x4109
 824 00cf 01       		.byte	0x1
 825 00d0 11       		.uleb128 0x11
 826 00d1 01       		.uleb128 0x1
 827 00d2 31       		.uleb128 0x31
 828 00d3 13       		.uleb128 0x13
 829 00d4 00       		.byte	0
 830 00d5 00       		.byte	0
 831 00d6 10       		.uleb128 0x10
 832 00d7 34       		.uleb128 0x34
 833 00d8 00       		.byte	0
 834 00d9 03       		.uleb128 0x3
 835 00da 0E       		.uleb128 0xe
 836 00db 3A       		.uleb128 0x3a
 837 00dc 0B       		.uleb128 0xb
 838 00dd 3B       		.uleb128 0x3b
 839 00de 0B       		.uleb128 0xb
 840 00df 49       		.uleb128 0x49
 841 00e0 13       		.uleb128 0x13
 842 00e1 02       		.uleb128 0x2
 843 00e2 18       		.uleb128 0x18
 844 00e3 00       		.byte	0
 845 00e4 00       		.byte	0
 846 00e5 11       		.uleb128 0x11
 847 00e6 34       		.uleb128 0x34
 848 00e7 00       		.byte	0
 849 00e8 03       		.uleb128 0x3
 850 00e9 0E       		.uleb128 0xe
 851 00ea 3A       		.uleb128 0x3a
 852 00eb 0B       		.uleb128 0xb
 853 00ec 3B       		.uleb128 0x3b
 854 00ed 05       		.uleb128 0x5
 855 00ee 49       		.uleb128 0x49
 856 00ef 13       		.uleb128 0x13
 857 00f0 3F       		.uleb128 0x3f
 858 00f1 19       		.uleb128 0x19
 859 00f2 3C       		.uleb128 0x3c
 860 00f3 19       		.uleb128 0x19
 861 00f4 00       		.byte	0
 862 00f5 00       		.byte	0
 863 00f6 12       		.uleb128 0x12
 864 00f7 2E       		.uleb128 0x2e
 865 00f8 00       		.byte	0
 866 00f9 3F       		.uleb128 0x3f
 867 00fa 19       		.uleb128 0x19
 868 00fb 03       		.uleb128 0x3
ARM GAS  C:\Users\JAVIER~1\AppData\Local\Temp\cceCV4a0.s 			page 22


 869 00fc 0E       		.uleb128 0xe
 870 00fd 3A       		.uleb128 0x3a
 871 00fe 0B       		.uleb128 0xb
 872 00ff 3B       		.uleb128 0x3b
 873 0100 0B       		.uleb128 0xb
 874 0101 27       		.uleb128 0x27
 875 0102 19       		.uleb128 0x19
 876 0103 49       		.uleb128 0x49
 877 0104 13       		.uleb128 0x13
 878 0105 3C       		.uleb128 0x3c
 879 0106 19       		.uleb128 0x19
 880 0107 00       		.byte	0
 881 0108 00       		.byte	0
 882 0109 13       		.uleb128 0x13
 883 010a 2E       		.uleb128 0x2e
 884 010b 00       		.byte	0
 885 010c 3F       		.uleb128 0x3f
 886 010d 19       		.uleb128 0x19
 887 010e 03       		.uleb128 0x3
 888 010f 0E       		.uleb128 0xe
 889 0110 3A       		.uleb128 0x3a
 890 0111 0B       		.uleb128 0xb
 891 0112 3B       		.uleb128 0x3b
 892 0113 0B       		.uleb128 0xb
 893 0114 27       		.uleb128 0x27
 894 0115 19       		.uleb128 0x19
 895 0116 3C       		.uleb128 0x3c
 896 0117 19       		.uleb128 0x19
 897 0118 00       		.byte	0
 898 0119 00       		.byte	0
 899 011a 14       		.uleb128 0x14
 900 011b 2E       		.uleb128 0x2e
 901 011c 01       		.byte	0x1
 902 011d 3F       		.uleb128 0x3f
 903 011e 19       		.uleb128 0x19
 904 011f 03       		.uleb128 0x3
 905 0120 0E       		.uleb128 0xe
 906 0121 3A       		.uleb128 0x3a
 907 0122 0B       		.uleb128 0xb
 908 0123 3B       		.uleb128 0x3b
 909 0124 0B       		.uleb128 0xb
 910 0125 27       		.uleb128 0x27
 911 0126 19       		.uleb128 0x19
 912 0127 3C       		.uleb128 0x3c
 913 0128 19       		.uleb128 0x19
 914 0129 01       		.uleb128 0x1
 915 012a 13       		.uleb128 0x13
 916 012b 00       		.byte	0
 917 012c 00       		.byte	0
 918 012d 15       		.uleb128 0x15
 919 012e 05       		.uleb128 0x5
 920 012f 00       		.byte	0
 921 0130 49       		.uleb128 0x49
 922 0131 13       		.uleb128 0x13
 923 0132 00       		.byte	0
 924 0133 00       		.byte	0
 925 0134 16       		.uleb128 0x16
ARM GAS  C:\Users\JAVIER~1\AppData\Local\Temp\cceCV4a0.s 			page 23


 926 0135 2E       		.uleb128 0x2e
 927 0136 01       		.byte	0x1
 928 0137 3F       		.uleb128 0x3f
 929 0138 19       		.uleb128 0x19
 930 0139 03       		.uleb128 0x3
 931 013a 0E       		.uleb128 0xe
 932 013b 3A       		.uleb128 0x3a
 933 013c 0B       		.uleb128 0xb
 934 013d 3B       		.uleb128 0x3b
 935 013e 0B       		.uleb128 0xb
 936 013f 27       		.uleb128 0x27
 937 0140 19       		.uleb128 0x19
 938 0141 3C       		.uleb128 0x3c
 939 0142 19       		.uleb128 0x19
 940 0143 00       		.byte	0
 941 0144 00       		.byte	0
 942 0145 00       		.byte	0
 943              		.section	.debug_loc,"",%progbits
 944              	.Ldebug_loc0:
 945              	.LLST0:
 946 0000 06000000 		.4byte	.LVL3
 947 0004 3F000000 		.4byte	.LVL4-1
 948 0008 0100     		.2byte	0x1
 949 000a 50       		.byte	0x50
 950 000b 00000000 		.4byte	0
 951 000f 00000000 		.4byte	0
 952              	.LLST1:
 953 0013 08000000 		.4byte	.LVL9
 954 0017 64000000 		.4byte	.LVL15
 955 001b 0100     		.2byte	0x1
 956 001d 54       		.byte	0x54
 957 001e 00000000 		.4byte	0
 958 0022 00000000 		.4byte	0
 959              		.section	.debug_aranges,"",%progbits
 960 0000 3C000000 		.4byte	0x3c
 961 0004 0200     		.2byte	0x2
 962 0006 00000000 		.4byte	.Ldebug_info0
 963 000a 04       		.byte	0x4
 964 000b 00       		.byte	0
 965 000c 0000     		.2byte	0
 966 000e 0000     		.2byte	0
 967 0010 00000000 		.4byte	.LFB2
 968 0014 08000000 		.4byte	.LFE2-.LFB2
 969 0018 00000000 		.4byte	.LFB3
 970 001c 02000000 		.4byte	.LFE3-.LFB3
 971 0020 00000000 		.4byte	.LFB4
 972 0024 18000000 		.4byte	.LFE4-.LFB4
 973 0028 00000000 		.4byte	.LFB5
 974 002c 68000000 		.4byte	.LFE5-.LFB5
 975 0030 00000000 		.4byte	.LFB6
 976 0034 88000000 		.4byte	.LFE6-.LFB6
 977 0038 00000000 		.4byte	0
 978 003c 00000000 		.4byte	0
 979              		.section	.debug_ranges,"",%progbits
 980              	.Ldebug_ranges0:
 981 0000 00000000 		.4byte	.LFB2
 982 0004 08000000 		.4byte	.LFE2
ARM GAS  C:\Users\JAVIER~1\AppData\Local\Temp\cceCV4a0.s 			page 24


 983 0008 00000000 		.4byte	.LFB3
 984 000c 02000000 		.4byte	.LFE3
 985 0010 00000000 		.4byte	.LFB4
 986 0014 18000000 		.4byte	.LFE4
 987 0018 00000000 		.4byte	.LFB5
 988 001c 68000000 		.4byte	.LFE5
 989 0020 00000000 		.4byte	.LFB6
 990 0024 88000000 		.4byte	.LFE6
 991 0028 00000000 		.4byte	0
 992 002c 00000000 		.4byte	0
 993              		.section	.debug_line,"",%progbits
 994              	.Ldebug_line0:
 995 0000 FA000000 		.section	.debug_str,"MS",%progbits,1
 995      02007A00 
 995      00000201 
 995      FB0E0D00 
 995      01010101 
 996              	.LASF15:
 997 0000 72656733 		.ascii	"reg32\000"
 997      3200
 998              	.LASF23:
 999 0006 55534246 		.ascii	"USBFS_Suspend\000"
 999      535F5375 
 999      7370656E 
 999      6400
 1000              	.LASF37:
 1001 0014 433A5C55 		.ascii	"C:\\Users\\Javier Barragan\\Documents\\PSoC Creator"
 1001      73657273 
 1001      5C4A6176 
 1001      69657220 
 1001      42617272 
 1002 0043 5C435938 		.ascii	"\\CY8CKIT_046_USB_Mouse\\CY8CKIT_046_USB_Mouse.cyds"
 1002      434B4954 
 1002      5F303436 
 1002      5F555342 
 1002      5F4D6F75 
 1003 0074 6E00     		.ascii	"n\000"
 1004              	.LASF12:
 1005 0076 666C6F61 		.ascii	"float\000"
 1005      7400
 1006              	.LASF3:
 1007 007c 73686F72 		.ascii	"short unsigned int\000"
 1007      7420756E 
 1007      7369676E 
 1007      65642069 
 1007      6E7400
 1008              	.LASF27:
 1009 008f 55534246 		.ascii	"USBFS_ConfigReg\000"
 1009      535F436F 
 1009      6E666967 
 1009      52656700 
 1010              	.LASF26:
 1011 009f 55534246 		.ascii	"USBFS_backup\000"
 1011      535F6261 
 1011      636B7570 
 1011      00
 1012              	.LASF28:
ARM GAS  C:\Users\JAVIER~1\AppData\Local\Temp\cceCV4a0.s 			page 25


 1013 00ac 55534246 		.ascii	"USBFS_EpStateInit\000"
 1013      535F4570 
 1013      53746174 
 1013      65496E69 
 1013      7400
 1014              	.LASF36:
 1015 00be 2E5C4765 		.ascii	".\\Generated_Source\\PSoC4\\USBFS_pm.c\000"
 1015      6E657261 
 1015      7465645F 
 1015      536F7572 
 1015      63655C50 
 1016              	.LASF7:
 1017 00e2 6C6F6E67 		.ascii	"long long unsigned int\000"
 1017      206C6F6E 
 1017      6720756E 
 1017      7369676E 
 1017      65642069 
 1018              	.LASF39:
 1019 00f9 55534246 		.ascii	"USBFS_configuration\000"
 1019      535F636F 
 1019      6E666967 
 1019      75726174 
 1019      696F6E00 
 1020              	.LASF1:
 1021 010d 756E7369 		.ascii	"unsigned char\000"
 1021      676E6564 
 1021      20636861 
 1021      7200
 1022              	.LASF19:
 1023 011b 696E7472 		.ascii	"intrSeiMask\000"
 1023      5365694D 
 1023      61736B00 
 1024              	.LASF9:
 1025 0127 75696E74 		.ascii	"uint8\000"
 1025      3800
 1026              	.LASF25:
 1027 012d 656E6162 		.ascii	"enableInterrupts\000"
 1027      6C65496E 
 1027      74657272 
 1027      75707473 
 1027      00
 1028              	.LASF13:
 1029 013e 646F7562 		.ascii	"double\000"
 1029      6C6500
 1030              	.LASF38:
 1031 0145 55534246 		.ascii	"USBFS_SaveConfig\000"
 1031      535F5361 
 1031      7665436F 
 1031      6E666967 
 1031      00
 1032              	.LASF33:
 1033 0156 4379496E 		.ascii	"CyIntEnable\000"
 1033      74456E61 
 1033      626C6500 
 1034              	.LASF10:
 1035 0162 75696E74 		.ascii	"uint16\000"
 1035      313600
ARM GAS  C:\Users\JAVIER~1\AppData\Local\Temp\cceCV4a0.s 			page 26


 1036              	.LASF11:
 1037 0169 75696E74 		.ascii	"uint32\000"
 1037      333200
 1038              	.LASF30:
 1039 0170 4379456E 		.ascii	"CyEnterCriticalSection\000"
 1039      74657243 
 1039      72697469 
 1039      63616C53 
 1039      65637469 
 1040              	.LASF5:
 1041 0187 6C6F6E67 		.ascii	"long unsigned int\000"
 1041      20756E73 
 1041      69676E65 
 1041      6420696E 
 1041      7400
 1042              	.LASF8:
 1043 0199 756E7369 		.ascii	"unsigned int\000"
 1043      676E6564 
 1043      20696E74 
 1043      00
 1044              	.LASF31:
 1045 01a6 43794578 		.ascii	"CyExitCriticalSection\000"
 1045      69744372 
 1045      69746963 
 1045      616C5365 
 1045      6374696F 
 1046              	.LASF18:
 1047 01bc 6D6F6465 		.ascii	"mode\000"
 1047      00
 1048              	.LASF20:
 1049 01c1 55534246 		.ascii	"USBFS_BACKUP_STRUCT\000"
 1049      535F4241 
 1049      434B5550 
 1049      5F535452 
 1049      55435400 
 1050              	.LASF32:
 1051 01d5 4379496E 		.ascii	"CyIntClearPending\000"
 1051      74436C65 
 1051      61725065 
 1051      6E64696E 
 1051      6700
 1052              	.LASF16:
 1053 01e7 73697A65 		.ascii	"sizetype\000"
 1053      74797065 
 1053      00
 1054              	.LASF6:
 1055 01f0 6C6F6E67 		.ascii	"long long int\000"
 1055      206C6F6E 
 1055      6720696E 
 1055      7400
 1056              	.LASF40:
 1057 01fe 43794465 		.ascii	"CyDelayUs\000"
 1057      6C617955 
 1057      7300
 1058              	.LASF14:
 1059 0208 63686172 		.ascii	"char\000"
 1059      00
ARM GAS  C:\Users\JAVIER~1\AppData\Local\Temp\cceCV4a0.s 			page 27


 1060              	.LASF22:
 1061 020d 55534246 		.ascii	"USBFS_RestoreConfig\000"
 1061      535F5265 
 1061      73746F72 
 1061      65436F6E 
 1061      66696700 
 1062              	.LASF35:
 1063 0221 474E5520 		.ascii	"GNU C 4.9.3 20150303 (release) [ARM/embedded-4_9-br"
 1063      4320342E 
 1063      392E3320 
 1063      32303135 
 1063      30333033 
 1064 0254 616E6368 		.ascii	"anch revision 221220] -mcpu=cortex-m0 -mthumb -g -O"
 1064      20726576 
 1064      6973696F 
 1064      6E203232 
 1064      31323230 
 1065 0287 67202D66 		.ascii	"g -ffunction-sections -ffat-lto-objects\000"
 1065      66756E63 
 1065      74696F6E 
 1065      2D736563 
 1065      74696F6E 
 1066              	.LASF34:
 1067 02af 4379496E 		.ascii	"CyIntDisable\000"
 1067      74446973 
 1067      61626C65 
 1067      00
 1068              	.LASF2:
 1069 02bc 73686F72 		.ascii	"short int\000"
 1069      7420696E 
 1069      7400
 1070              	.LASF29:
 1071 02c6 55534246 		.ascii	"USBFS_Dp_ClearInterrupt\000"
 1071      535F4470 
 1071      5F436C65 
 1071      6172496E 
 1071      74657272 
 1072              	.LASF24:
 1073 02de 55534246 		.ascii	"USBFS_Resume\000"
 1073      535F5265 
 1073      73756D65 
 1073      00
 1074              	.LASF4:
 1075 02eb 6C6F6E67 		.ascii	"long int\000"
 1075      20696E74 
 1075      00
 1076              	.LASF17:
 1077 02f4 656E6162 		.ascii	"enableState\000"
 1077      6C655374 
 1077      61746500 
 1078              	.LASF0:
 1079 0300 7369676E 		.ascii	"signed char\000"
 1079      65642063 
 1079      68617200 
 1080              	.LASF21:
 1081 030c 55534246 		.ascii	"USBFS_DP_ISR\000"
 1081      535F4450 
ARM GAS  C:\Users\JAVIER~1\AppData\Local\Temp\cceCV4a0.s 			page 28


 1081      5F495352 
 1081      00
 1082              		.ident	"GCC: (GNU Tools for ARM Embedded Processors) 4.9.3 20150303 (release) [ARM/embedded-4_9-br
